[2018-07-25 19:05:31.783626] [INFO] [BaseObject.py] [select_by_order] [57] 通过元素在HTML中的顺序设置选项
[2018-07-25 19:05:33.075159] [INFO] [BaseObject.py] [select_by_order] [57] 通过元素在HTML中的顺序设置选项
[2018-07-25 19:12:18.688605] [INFO] [BaseObject.py] [select_by_order] [57] 通过元素在HTML中的顺序设置选项
[2018-07-25 19:12:20.063954] [INFO] [BaseObject.py] [select_by_order] [57] 通过元素在HTML中的顺序设置选项
[2018-07-25 19:18:04.052599] [INFO] [BaseObject.py] [select_by_visible_text] [86] 通过选项文本设置选项
[2018-07-25 19:24:44.341311] [INFO] [BaseObject.py] [select_by_visible_text] [86] 通过选项文本设置选项
[2018-07-25 19:27:42.380836] [INFO] [BaseObject.py] [select_by_visible_text] [87] 通过选项文本设置选项
[2018-07-25 19:29:41.335188] [INFO] [BaseObject.py] [select_by_visible_text] [87] 通过选项文本设置选项
[2018-07-25 19:29:41.578486] [INFO] [BaseObject.py] [get_value] [24] 获取当前选择框中的值
[2018-07-25 19:29:42.579902] [INFO] [BaseObject.py] [select_by_visible_text] [87] 通过选项文本设置选项
[2018-07-25 19:29:43.035683] [INFO] [BaseObject.py] [get_value] [24] 获取当前选择框中的值
[2018-07-25 19:29:44.038059] [INFO] [BaseObject.py] [select_by_index] [55] 通过元素index属性设置选项
[2018-07-25 19:29:44.050026] [INFO] [BaseObject.py] [get_value] [24] 获取当前选择框中的值
[2018-07-25 19:29:45.053362] [INFO] [BaseObject.py] [select_by_order] [63] 通过元素在HTML中的顺序设置选项
[2018-07-25 19:29:45.344566] [INFO] [BaseObject.py] [get_value] [24] 获取当前选择框中的值
[2018-07-25 19:29:46.346886] [INFO] [BaseObject.py] [select_by_order] [63] 通过元素在HTML中的顺序设置选项
[2018-07-25 19:29:46.745814] [INFO] [BaseObject.py] [get_value] [24] 获取当前选择框中的值
[2018-07-25 19:29:47.747377] [INFO] [BaseObject.py] [get_options] [31] 获取所有选项
[2018-07-25 19:38:25.802162] [INFO] [BaseObject.py] [select_by_visible_text] [88] 通过选项文本设置选项
[2018-07-25 19:38:25.935803] [INFO] [BaseObject.py] [get_value] [23] 获取当前选择框中的值
[2018-07-25 19:38:26.947420] [INFO] [BaseObject.py] [select_by_visible_text] [88] 通过选项文本设置选项
[2018-07-25 19:38:27.083057] [INFO] [BaseObject.py] [get_value] [23] 获取当前选择框中的值
[2018-07-25 19:38:28.088567] [INFO] [BaseObject.py] [select_by_index] [56] 通过元素index属性设置选项
[2018-07-25 19:38:28.091548] [INFO] [BaseObject.py] [get_value] [23] 获取当前选择框中的值
[2018-07-25 19:38:29.101922] [INFO] [BaseObject.py] [select_by_order] [64] 通过元素在HTML中的顺序设置选项
[2018-07-25 19:38:29.233564] [INFO] [BaseObject.py] [get_value] [23] 获取当前选择框中的值
[2018-07-25 19:38:30.240721] [INFO] [BaseObject.py] [select_by_order] [64] 通过元素在HTML中的顺序设置选项
[2018-07-25 19:38:30.350427] [INFO] [BaseObject.py] [get_value] [23] 获取当前选择框中的值
[2018-07-25 19:38:31.398591] [INFO] [BaseObject.py] [get_options] [32] 获取所有选项
[2018-07-25 19:41:01.658049] [INFO] [BaseObject.py] [select_by_visible_text] [89] 通过选项文本设置选项
[2018-07-25 19:41:01.779762] [INFO] [BaseObject.py] [get_value] [23] 获取当前选择框中的值
[2018-07-25 19:41:02.795820] [INFO] [BaseObject.py] [select_by_visible_text] [89] 通过选项文本设置选项
[2018-07-25 19:41:02.965126] [INFO] [BaseObject.py] [get_value] [23] 获取当前选择框中的值
[2018-07-25 19:41:03.997725] [INFO] [BaseObject.py] [select_by_index] [57] 通过元素index属性设置选项
[2018-07-25 19:41:03.997725] [INFO] [BaseObject.py] [get_value] [23] 获取当前选择框中的值
[2018-07-25 19:41:05.015036] [INFO] [BaseObject.py] [select_by_order] [65] 通过元素在HTML中的顺序设置选项
[2018-07-25 19:41:05.143682] [INFO] [BaseObject.py] [get_value] [23] 获取当前选择框中的值
[2018-07-25 19:41:06.158003] [INFO] [BaseObject.py] [select_by_order] [65] 通过元素在HTML中的顺序设置选项
[2018-07-25 19:41:06.279644] [INFO] [BaseObject.py] [get_value] [23] 获取当前选择框中的值
[2018-07-25 19:41:07.346243] [INFO] [BaseObject.py] [get_options] [33] 获取所有选项
[2018-07-25 19:45:04.737374] [INFO] [BaseObject.py] [select_by_visible_text] [89] 通过选项文本设置选项
[2018-07-25 19:45:05.934501] [INFO] [BaseObject.py] [select_by_visible_text] [89] 通过选项文本设置选项
[2018-07-25 19:45:07.142282] [INFO] [BaseObject.py] [select_by_index] [57] 通过元素index属性设置选项
[2018-07-25 19:45:08.164819] [INFO] [BaseObject.py] [select_by_order] [65] 通过元素在HTML中的顺序设置选项
[2018-07-25 19:45:09.304845] [INFO] [BaseObject.py] [select_by_order] [65] 通过元素在HTML中的顺序设置选项
[2018-07-25 19:45:10.518833] [INFO] [BaseObject.py] [get_options] [33] 获取所有选项
[2018-07-25 19:46:54.753525] [INFO] [BaseObject.py] [select_by_visible_text] [89] 通过选项文本设置选项
[2018-07-25 19:46:55.913636] [INFO] [BaseObject.py] [select_by_visible_text] [89] 通过选项文本设置选项
[2018-07-25 19:46:57.105505] [INFO] [BaseObject.py] [select_by_index] [57] 通过元素index属性设置选项
[2018-07-25 19:46:58.129633] [INFO] [BaseObject.py] [select_by_order] [65] 通过元素在HTML中的顺序设置选项
[2018-07-25 19:46:59.276080] [INFO] [BaseObject.py] [select_by_order] [65] 通过元素在HTML中的顺序设置选项
[2018-07-25 19:47:00.456580] [INFO] [BaseObject.py] [get_options] [33] 获取所有选项
[2018-07-25 20:16:06.474034] [INFO] [BaseObject.py] [select_by_visible_text] [89] 通过选项文本设置选项
[2018-07-25 20:16:07.670014] [INFO] [BaseObject.py] [select_by_visible_text] [89] 通过选项文本设置选项
[2018-07-25 20:16:08.877015] [INFO] [BaseObject.py] [select_by_index] [57] 通过元素index属性设置选项
[2018-07-25 20:16:09.911216] [INFO] [BaseObject.py] [select_by_order] [65] 通过元素在HTML中的顺序设置选项
[2018-07-25 20:16:11.045286] [INFO] [BaseObject.py] [select_by_order] [65] 通过元素在HTML中的顺序设置选项
[2018-07-25 20:16:12.258649] [INFO] [BaseObject.py] [get_options] [33] 获取所有选项
[2018-07-25 20:29:39.811772] [INFO] [BaseObject.py] [select_by_visible_text] [89] 通过选项文本设置选项
[2018-07-25 20:29:40.997579] [INFO] [BaseObject.py] [select_by_visible_text] [89] 通过选项文本设置选项
[2018-07-25 20:29:42.265200] [INFO] [BaseObject.py] [select_by_index] [57] 通过元素index属性设置选项
[2018-07-25 20:29:43.295743] [INFO] [BaseObject.py] [select_by_order] [65] 通过元素在HTML中的顺序设置选项
[2018-07-25 20:29:44.486557] [INFO] [BaseObject.py] [select_by_order] [65] 通过元素在HTML中的顺序设置选项
[2018-07-25 20:29:45.729267] [INFO] [BaseObject.py] [get_options] [33] 获取所有选项
[2018-07-25 20:42:55.965472] [INFO] [BaseObject.py] [select_by_visible_text] [95] 通过选项文本设置选项
[2018-07-25 20:42:57.119020] [INFO] [BaseObject.py] [select_by_visible_text] [95] 通过选项文本设置选项
[2018-07-25 20:42:58.313174] [INFO] [BaseObject.py] [select_by_index] [63] 通过元素index属性设置选项
[2018-07-25 20:42:59.331427] [INFO] [BaseObject.py] [select_by_order] [71] 通过元素在HTML中的顺序设置选项
[2018-07-25 20:43:00.463652] [INFO] [BaseObject.py] [select_by_order] [71] 通过元素在HTML中的顺序设置选项
[2018-07-25 20:47:44.508209] [INFO] [BaseObject.py] [select_by_visible_text] [96] 通过选项文本设置选项
[2018-07-25 20:47:45.667450] [INFO] [BaseObject.py] [select_by_visible_text] [96] 通过选项文本设置选项
[2018-07-25 20:47:46.859226] [INFO] [BaseObject.py] [select_by_index] [64] 通过元素index属性设置选项
[2018-07-25 20:47:47.894491] [INFO] [BaseObject.py] [select_by_order] [72] 通过元素在HTML中的顺序设置选项
[2018-07-25 20:47:49.027516] [INFO] [BaseObject.py] [select_by_order] [72] 通过元素在HTML中的顺序设置选项
[2018-07-25 20:47:50.225262] [INFO] [BaseObject.py] [get_options] [40] 获取所有选项
[2018-07-25 20:49:07.685504] [INFO] [BaseObject.py] [select_by_visible_text] [96] 通过选项文本设置选项
[2018-07-25 20:49:08.853053] [INFO] [BaseObject.py] [select_by_visible_text] [96] 通过选项文本设置选项
[2018-07-25 20:49:10.018342] [INFO] [BaseObject.py] [select_by_index] [64] 通过元素index属性设置选项
[2018-07-25 20:49:11.036687] [INFO] [BaseObject.py] [select_by_order] [72] 通过元素在HTML中的顺序设置选项
[2018-07-25 20:49:12.169824] [INFO] [BaseObject.py] [select_by_order] [72] 通过元素在HTML中的顺序设置选项
[2018-07-25 20:49:13.303564] [INFO] [BaseObject.py] [get_options] [40] 获取所有选项
[2018-07-25 21:12:21.176458] [INFO] [BaseObject.py] [select_by_visible_text] [100] 通过选项文本设置选项
[2018-07-25 21:12:22.343602] [INFO] [BaseObject.py] [select_by_visible_text] [100] 通过选项文本设置选项
[2018-07-25 21:12:23.544706] [INFO] [BaseObject.py] [select_by_index] [68] 通过元素index属性设置选项
[2018-07-25 21:12:24.567084] [INFO] [BaseObject.py] [select_by_order] [76] 通过元素在HTML中的顺序设置选项
[2018-07-25 21:12:25.700024] [INFO] [BaseObject.py] [select_by_order] [76] 通过元素在HTML中的顺序设置选项
[2018-07-25 21:12:26.898309] [INFO] [BaseObject.py] [get_options] [44] 获取所有选项
