[2018-08-09 16:04:04.538060] [INFO] [BaseObject.py] [get_options] [46] 获取所有选项：
[2018-08-09 16:04:05.436111] [INFO] [BaseObject.py] [get_options] [53] ['局部补光不足', '延迟传回', '局部和全景补光不足', '局部横条纹', '局部竖条纹', '全景横条纹', '全景竖条纹', '局部和全景横条纹', '局部和全景竖条纹', '火花过爆', '惯导异常', '环境温度异常', '玻璃脏', '无火花', '火花小', '局部曝光过度', '全景曝光过度', '雨天红外成像效果差', '隧道红外成像效果差', '局部成像效果差', '全景成像效果差', '局部帧率不足', '全景帧率不足', '定位错误', 'IP改变无局部', 'IP改变无全景', '连接异常无局部', '连接异常无全景', '红外图像差', '延迟处理', '全景补光不足']
[2018-08-09 16:04:05.437112] [INFO] [BaseObject.py] [select_by_order] [82] 通过元素在HTML中的顺序设置选项
[2018-08-09 16:04:07.646238] [INFO] [BaseObject.py] [select_by_order] [97] 所设置的选项为：延迟传回
[2018-08-09 16:04:07.646238] [INFO] [BaseObject.py] [get_value] [36] 获取当前选择框中的值
[2018-08-09 16:04:07.655238] [INFO] [BaseObject.py] [get_value] [37] 当前选择框中的值为：延迟传回
[2018-08-09 16:04:07.669239] [INFO] [BaseObject.py] [select_by_visible_text] [109] 通过选项文本设置选项
[2018-08-09 16:04:09.936369] [INFO] [BaseObject.py] [select_by_visible_text] [120] 所设置的选项为：局部和全景补光不足
[2018-08-09 16:07:54.991241] [INFO] [BaseObject.py] [get_options] [46] 获取所有选项：
[2018-08-09 16:07:55.923295] [INFO] [BaseObject.py] [get_options] [53] ['局部补光不足', '延迟传回', '局部和全景补光不足', '局部横条纹', '局部竖条纹', '全景横条纹', '全景竖条纹', '局部和全景横条纹', '局部和全景竖条纹', '火花过爆', '惯导异常', '环境温度异常', '玻璃脏', '无火花', '火花小', '局部曝光过度', '全景曝光过度', '雨天红外成像效果差', '隧道红外成像效果差', '局部成像效果差', '全景成像效果差', '局部帧率不足', '全景帧率不足', '定位错误', 'IP改变无局部', 'IP改变无全景', '连接异常无局部', '连接异常无全景', '红外图像差', '延迟处理', '全景补光不足']
[2018-08-09 16:07:55.923295] [INFO] [BaseObject.py] [select_by_order] [82] 通过元素在HTML中的顺序设置选项
[2018-08-09 16:07:58.229426] [INFO] [BaseObject.py] [select_by_order] [97] 所设置的选项为：延迟传回
[2018-08-09 16:07:58.230427] [INFO] [BaseObject.py] [get_value] [36] 获取当前选择框中的值
[2018-08-09 16:07:58.243427] [INFO] [BaseObject.py] [get_value] [37] 当前选择框中的值为：延迟传回
[2018-08-09 16:09:58.033279] [INFO] [BaseObject.py] [get_options] [46] 获取所有选项：
[2018-08-09 16:09:58.984333] [INFO] [BaseObject.py] [get_options] [53] ['局部补光不足', '延迟传回', '局部和全景补光不足', '局部横条纹', '局部竖条纹', '全景横条纹', '全景竖条纹', '局部和全景横条纹', '局部和全景竖条纹', '火花过爆', '惯导异常', '环境温度异常', '玻璃脏', '无火花', '火花小', '局部曝光过度', '全景曝光过度', '雨天红外成像效果差', '隧道红外成像效果差', '局部成像效果差', '全景成像效果差', '局部帧率不足', '全景帧率不足', '定位错误', 'IP改变无局部', 'IP改变无全景', '连接异常无局部', '连接异常无全景', '红外图像差', '延迟处理', '全景补光不足']
[2018-08-09 16:09:58.985333] [INFO] [BaseObject.py] [select_by_order] [82] 通过元素在HTML中的顺序设置选项
[2018-08-09 16:10:01.181459] [INFO] [BaseObject.py] [select_by_order] [97] 所设置的选项为：延迟传回
[2018-08-09 16:10:01.182459] [INFO] [BaseObject.py] [get_value] [36] 获取当前选择框中的值
[2018-08-09 16:10:01.193460] [INFO] [BaseObject.py] [get_value] [37] 当前选择框中的值为：延迟传回
[2018-08-09 16:23:08.844811] [INFO] [BaseObject.py] [get_options] [46] 获取所有选项：
[2018-08-09 16:23:09.745862] [INFO] [BaseObject.py] [get_options] [53] ['局部补光不足', '延迟传回', '局部和全景补光不足', '局部横条纹', '局部竖条纹', '全景横条纹', '全景竖条纹', '局部和全景横条纹', '局部和全景竖条纹', '火花过爆', '惯导异常', '环境温度异常', '玻璃脏', '无火花', '火花小', '局部曝光过度', '全景曝光过度', '雨天红外成像效果差', '隧道红外成像效果差', '局部成像效果差', '全景成像效果差', '局部帧率不足', '全景帧率不足', '定位错误', 'IP改变无局部', 'IP改变无全景', '连接异常无局部', '连接异常无全景', '红外图像差', '延迟处理', '全景补光不足']
[2018-08-09 16:23:09.746862] [INFO] [BaseObject.py] [select_by_order] [82] 通过元素在HTML中的顺序设置选项
[2018-08-09 16:23:11.976990] [INFO] [BaseObject.py] [select_by_order] [97] 所设置的选项为：延迟传回
[2018-08-09 16:23:11.977990] [INFO] [BaseObject.py] [get_value] [36] 获取当前选择框中的值
[2018-08-09 16:23:11.983990] [INFO] [BaseObject.py] [get_value] [37] 当前选择框中的值为：延迟传回
[2018-08-09 16:23:11.990991] [INFO] [BaseObject.py] [select_by_visible_text] [109] 通过选项文本设置选项
[2018-08-09 16:23:14.227119] [INFO] [BaseObject.py] [select_by_visible_text] [120] 所设置的选项为：局部和全景补光不足
[2018-08-09 16:36:17.037625] [INFO] [BaseObject.py] [get_options] [46] 获取所有选项：
[2018-08-09 16:36:18.005680] [INFO] [BaseObject.py] [get_options] [53] ['局部补光不足', '延迟传回', '局部和全景补光不足', '局部横条纹', '局部竖条纹', '全景横条纹', '全景竖条纹', '局部和全景横条纹', '局部和全景竖条纹', '火花过爆', '惯导异常', '环境温度异常', '玻璃脏', '无火花', '火花小', '局部曝光过度', '全景曝光过度', '雨天红外成像效果差', '隧道红外成像效果差', '局部成像效果差', '全景成像效果差', '局部帧率不足', '全景帧率不足', '定位错误', 'IP改变无局部', 'IP改变无全景', '连接异常无局部', '连接异常无全景', '红外图像差', '延迟处理', '全景补光不足']
[2018-08-09 16:36:18.006680] [INFO] [BaseObject.py] [get_value] [36] 获取当前选择框中的值
[2018-08-09 16:36:18.011680] [INFO] [BaseObject.py] [get_value] [37] 当前选择框中的值为：火花小
[2018-08-09 16:36:18.018681] [INFO] [BaseObject.py] [select_by_visible_text] [109] 通过选项文本设置选项
[2018-08-09 16:36:20.293811] [INFO] [BaseObject.py] [select_by_visible_text] [120] 所设置的选项为：局部和全景补光不足
[2018-08-09 16:36:20.294811] [INFO] [BaseObject.py] [select_by_order] [82] 通过元素在HTML中的顺序设置选项
[2018-08-09 16:36:22.537939] [INFO] [BaseObject.py] [select_by_order] [97] 所设置的选项为：局部补光不足
[2018-08-09 16:36:22.538939] [INFO] [BaseObject.py] [select_by_order] [82] 通过元素在HTML中的顺序设置选项
[2018-08-09 16:36:24.772067] [INFO] [BaseObject.py] [select_by_order] [97] 所设置的选项为：延迟传回
[2018-08-09 16:36:24.773067] [INFO] [BaseObject.py] [select_by_order] [82] 通过元素在HTML中的顺序设置选项
[2018-08-09 16:36:26.991194] [INFO] [BaseObject.py] [select_by_order] [97] 所设置的选项为：局部和全景补光不足
[2018-08-09 16:36:26.992194] [INFO] [BaseObject.py] [select_by_order] [82] 通过元素在HTML中的顺序设置选项
[2018-08-09 16:36:29.208321] [INFO] [BaseObject.py] [select_by_order] [97] 所设置的选项为：局部横条纹
[2018-08-09 16:37:37.451224] [INFO] [BaseObject.py] [get_options] [46] 获取所有选项：
[2018-08-09 16:37:38.350275] [INFO] [BaseObject.py] [get_options] [53] ['局部补光不足', '延迟传回', '局部和全景补光不足', '局部横条纹', '局部竖条纹', '全景横条纹', '全景竖条纹', '局部和全景横条纹', '局部和全景竖条纹', '火花过爆', '惯导异常', '环境温度异常', '玻璃脏', '无火花', '火花小', '局部曝光过度', '全景曝光过度', '雨天红外成像效果差', '隧道红外成像效果差', '局部成像效果差', '全景成像效果差', '局部帧率不足', '全景帧率不足', '定位错误', 'IP改变无局部', 'IP改变无全景', '连接异常无局部', '连接异常无全景', '红外图像差', '延迟处理', '全景补光不足']
[2018-08-09 16:37:38.351275] [INFO] [BaseObject.py] [get_value] [36] 获取当前选择框中的值
[2018-08-09 16:37:38.362276] [INFO] [BaseObject.py] [get_value] [37] 当前选择框中的值为：火花小
[2018-08-09 16:37:38.368276] [INFO] [BaseObject.py] [select_by_visible_text] [109] 通过选项文本设置选项
[2018-08-09 16:37:40.692409] [INFO] [BaseObject.py] [select_by_visible_text] [120] 所设置的选项为：局部和全景补光不足
[2018-08-09 16:37:40.693409] [INFO] [BaseObject.py] [select_by_order] [82] 通过元素在HTML中的顺序设置选项
[2018-08-09 16:37:42.898535] [INFO] [BaseObject.py] [select_by_order] [97] 所设置的选项为：局部补光不足
[2018-08-09 16:37:42.899536] [INFO] [BaseObject.py] [select_by_order] [82] 通过元素在HTML中的顺序设置选项
[2018-08-09 16:37:45.100661] [INFO] [BaseObject.py] [select_by_order] [97] 所设置的选项为：延迟传回
[2018-08-09 16:37:45.101662] [INFO] [BaseObject.py] [select_by_order] [82] 通过元素在HTML中的顺序设置选项
[2018-08-09 16:37:47.283786] [INFO] [BaseObject.py] [select_by_order] [97] 所设置的选项为：局部和全景补光不足
[2018-08-09 16:37:47.283786] [INFO] [BaseObject.py] [select_by_order] [82] 通过元素在HTML中的顺序设置选项
[2018-08-09 16:37:49.498913] [INFO] [BaseObject.py] [select_by_order] [97] 所设置的选项为：局部横条纹
[2018-08-09 16:39:28.911599] [INFO] [BaseObject.py] [get_options] [46] 获取所有选项：
[2018-08-09 16:39:29.788649] [INFO] [BaseObject.py] [get_options] [53] ['局部补光不足', '延迟传回', '局部和全景补光不足', '局部横条纹', '局部竖条纹', '全景横条纹', '全景竖条纹', '局部和全景横条纹', '局部和全景竖条纹', '火花过爆', '惯导异常', '环境温度异常', '玻璃脏', '无火花', '火花小', '局部曝光过度', '全景曝光过度', '雨天红外成像效果差', '隧道红外成像效果差', '局部成像效果差', '全景成像效果差', '局部帧率不足', '全景帧率不足', '定位错误', 'IP改变无局部', 'IP改变无全景', '连接异常无局部', '连接异常无全景', '红外图像差', '延迟处理', '全景补光不足']
[2018-08-09 16:39:29.789649] [INFO] [BaseObject.py] [get_value] [36] 获取当前选择框中的值
[2018-08-09 16:39:29.800650] [INFO] [BaseObject.py] [get_value] [37] 当前选择框中的值为：火花小
[2018-08-09 16:39:29.804650] [INFO] [BaseObject.py] [select_by_visible_text] [109] 通过选项文本设置选项
[2018-08-09 16:39:32.047778] [INFO] [BaseObject.py] [select_by_visible_text] [120] 所设置的选项为：局部和全景补光不足
[2018-08-09 16:39:32.048779] [INFO] [BaseObject.py] [select_by_visible_text] [109] 通过选项文本设置选项
[2018-08-09 16:39:34.333909] [INFO] [BaseObject.py] [select_by_visible_text] [120] 所设置的选项为：全景横条纹
[2018-08-09 17:01:42.038314] [INFO] [BaseObject.py] [get_options] [46] 获取所有选项：
[2018-08-09 17:01:42.934366] [INFO] [BaseObject.py] [get_options] [53] ['局部补光不足', '延迟传回', '局部和全景补光不足', '局部横条纹', '局部竖条纹', '全景横条纹', '全景竖条纹', '局部和全景横条纹', '局部和全景竖条纹', '火花过爆', '惯导异常', '环境温度异常', '玻璃脏', '无火花', '火花小', '局部曝光过度', '全景曝光过度', '雨天红外成像效果差', '隧道红外成像效果差', '局部成像效果差', '全景成像效果差', '局部帧率不足', '全景帧率不足', '定位错误', 'IP改变无局部', 'IP改变无全景', '连接异常无局部', '连接异常无全景', '红外图像差', '延迟处理', '全景补光不足']
[2018-08-09 17:01:42.935366] [INFO] [BaseObject.py] [get_value] [36] 获取当前选择框中的值
[2018-08-09 17:01:42.940366] [INFO] [BaseObject.py] [get_value] [37] 当前选择框中的值为：火花小
[2018-08-09 17:01:42.948366] [INFO] [BaseObject.py] [select_by_visible_text] [109] 通过选项文本设置选项
[2018-08-09 17:01:45.170494] [INFO] [BaseObject.py] [select_by_visible_text] [120] 所设置的选项为：局部和全景补光不足
[2018-08-09 17:01:45.171494] [INFO] [BaseObject.py] [select_by_visible_text] [109] 通过选项文本设置选项
[2018-08-09 17:01:47.454624] [INFO] [BaseObject.py] [select_by_visible_text] [120] 所设置的选项为：全景横条纹
[2018-08-09 17:02:20.499514] [INFO] [BaseObject.py] [get_options] [46] 获取所有选项：
[2018-08-09 17:02:21.419567] [INFO] [BaseObject.py] [get_options] [53] ['局部补光不足', '延迟传回', '局部和全景补光不足', '局部横条纹', '局部竖条纹', '全景横条纹', '全景竖条纹', '局部和全景横条纹', '局部和全景竖条纹', '火花过爆', '惯导异常', '环境温度异常', '玻璃脏', '无火花', '火花小', '局部曝光过度', '全景曝光过度', '雨天红外成像效果差', '隧道红外成像效果差', '局部成像效果差', '全景成像效果差', '局部帧率不足', '全景帧率不足', '定位错误', 'IP改变无局部', 'IP改变无全景', '连接异常无局部', '连接异常无全景', '红外图像差', '延迟处理', '全景补光不足']
[2018-08-09 17:02:21.422567] [INFO] [BaseObject.py] [get_value] [36] 获取当前选择框中的值
[2018-08-09 17:02:21.432568] [INFO] [BaseObject.py] [get_value] [37] 当前选择框中的值为：火花小
[2018-08-09 17:02:21.445568] [INFO] [BaseObject.py] [select_by_visible_text] [109] 通过选项文本设置选项
[2018-08-09 17:02:23.834705] [INFO] [BaseObject.py] [select_by_visible_text] [120] 所设置的选项为：局部和全景补光不足
[2018-08-09 17:02:36.881451] [INFO] [BaseObject.py] [select_by_visible_text] [109] 通过选项文本设置选项
