[2018-08-20 13:55:26.441878] [INFO] [Selector_new2.py] [deselect_by_text] [1249] 成功设置的选项为：
[2018-08-20 13:55:26.442878] [INFO] [Selector_new2.py] [deselect_by_text] [1250] ['疑似燃弧', '疑似定位线夹燃弧', '接触线硬弯', '疑似绝缘器消弧缺失']
[2018-08-20 13:55:26.443878] [INFO] [Selector_new2.py] [input_key_search] [1259] 根据关键字，查询缺陷类型
[2018-08-20 13:55:44.753926] [INFO] [Selector_new2.py] [input_key_search] [1286] 查询到的缺陷类型为：
[2018-08-20 13:55:44.754926] [INFO] [Selector_new2.py] [input_key_search] [1287] {'弓网缺陷': ['疑似吊弦线夹燃弧', '疑似定位线夹燃弧', '疑似电连接线线夹燃弧', '疑似中锚线夹燃弧', '疑似线夹燃弧', '疑似跨中接触线燃弧'], '接触网缺陷': ['接触线硬弯', '疑似中锚线松驰', '疑似电连接线散股', '疑似电连接线断股', '疑似防风拉线缺失', '疑似防风拉线断', '疑似接触线异常', '疑似电连接线发热', '疑似回流线发热', '疑似接触线发热', '疑似线夹发热', '跳线脱落'], '受电弓缺陷': ['疑似软连接线发热']}
[2018-08-20 14:23:10.978084] [INFO] [Selector_new2.py] [select_key_search_text] [1297] 在搜索框中输入关键字, 并根据字典选择对应选项
[2018-08-20 14:23:10.979084] [INFO] [Selector_new2.py] [input_key_search] [1259] 根据关键字，查询缺陷类型
[2018-08-20 14:23:26.191955] [INFO] [Selector_new2.py] [input_key_search] [1286] 查询到的缺陷类型为：
[2018-08-20 14:23:26.193955] [INFO] [Selector_new2.py] [input_key_search] [1287] {'弓网缺陷': ['疑似燃弧', '疑似吊弦线夹燃弧', '疑似定位线夹燃弧', '疑似电连接线线夹燃弧', '疑似绝缘器燃弧', '疑似中锚线夹燃弧', '疑似限制管燃弧', '疑似线夹燃弧', '疑似定位点燃弧', '疑似跨中接触线燃弧'], '接触网缺陷': ['疑似绝缘器消弧缺失', '疑似绝缘器消弧断', '疑似绝缘器消弧变形']}
[2018-08-20 14:24:18.162927] [INFO] [Selector_new2.py] [select_key_search_text] [1297] 在搜索框中输入关键字, 并根据字典选择对应选项
[2018-08-20 14:24:18.812964] [INFO] [Selector_new2.py] [input_key_search] [1259] 根据关键字，查询缺陷类型
[2018-08-20 14:24:34.139841] [INFO] [Selector_new2.py] [input_key_search] [1286] 查询到的缺陷类型为：
[2018-08-20 14:24:34.143841] [INFO] [Selector_new2.py] [input_key_search] [1287] {'弓网缺陷': ['疑似燃弧', '疑似吊弦线夹燃弧', '疑似定位线夹燃弧', '疑似电连接线线夹燃弧', '疑似绝缘器燃弧', '疑似中锚线夹燃弧', '疑似限制管燃弧', '疑似线夹燃弧', '疑似定位点燃弧', '疑似跨中接触线燃弧'], '接触网缺陷': ['疑似绝缘器消弧缺失', '疑似绝缘器消弧断', '疑似绝缘器消弧变形']}
[2018-08-20 14:25:28.502950] [INFO] [Selector_new2.py] [select_key_search_text] [1296] 在搜索框中输入关键字, 并根据字典选择对应选项
[2018-08-20 14:25:28.504950] [INFO] [Selector_new2.py] [input_key_search] [1259] 根据关键字，查询缺陷类型
[2018-08-20 14:25:43.614815] [INFO] [Selector_new2.py] [input_key_search] [1285] 查询到的缺陷类型为：
[2018-08-20 14:25:43.615815] [INFO] [Selector_new2.py] [input_key_search] [1286] {'弓网缺陷': ['疑似燃弧', '疑似吊弦线夹燃弧', '疑似定位线夹燃弧', '疑似电连接线线夹燃弧', '疑似绝缘器燃弧', '疑似中锚线夹燃弧', '疑似限制管燃弧', '疑似线夹燃弧', '疑似定位点燃弧', '疑似跨中接触线燃弧'], '接触网缺陷': ['疑似绝缘器消弧缺失', '疑似绝缘器消弧断', '疑似绝缘器消弧变形']}
[2018-08-20 14:26:42.374176] [INFO] [Selector_new2.py] [select_key_search_text] [1296] 在搜索框中输入关键字, 并根据字典选择对应选项
[2018-08-20 14:26:43.004212] [INFO] [Selector_new2.py] [input_key_search] [1259] 根据关键字，查询缺陷类型
[2018-08-20 14:26:58.341089] [INFO] [Selector_new2.py] [input_key_search] [1285] 查询到的缺陷类型为：
[2018-08-20 14:26:58.344089] [INFO] [Selector_new2.py] [input_key_search] [1286] {'弓网缺陷': ['疑似燃弧', '疑似吊弦线夹燃弧', '疑似定位线夹燃弧', '疑似电连接线线夹燃弧', '疑似绝缘器燃弧', '疑似中锚线夹燃弧', '疑似限制管燃弧', '疑似线夹燃弧', '疑似定位点燃弧', '疑似跨中接触线燃弧'], '接触网缺陷': ['疑似绝缘器消弧缺失', '疑似绝缘器消弧断', '疑似绝缘器消弧变形']}
[2018-08-20 14:28:38.862838] [INFO] [Selector_new2.py] [select_key_search_text] [1296] 在搜索框中输入关键字, 并根据字典选择对应选项
[2018-08-20 14:28:38.869839] [INFO] [Selector_new2.py] [input_key_search] [1259] 根据关键字，查询缺陷类型
[2018-08-20 14:28:54.103710] [INFO] [Selector_new2.py] [input_key_search] [1285] 查询到的缺陷类型为：
[2018-08-20 14:28:54.106710] [INFO] [Selector_new2.py] [input_key_search] [1286] {'弓网缺陷': ['疑似燃弧', '疑似吊弦线夹燃弧', '疑似定位线夹燃弧', '疑似电连接线线夹燃弧', '疑似绝缘器燃弧', '疑似中锚线夹燃弧', '疑似限制管燃弧', '疑似线夹燃弧', '疑似定位点燃弧', '疑似跨中接触线燃弧'], '接触网缺陷': ['疑似绝缘器消弧缺失', '疑似绝缘器消弧断', '疑似绝缘器消弧变形']}
[2018-08-20 14:29:40.418359] [INFO] [Selector_new2.py] [select_key_search_text] [1296] 在搜索框中输入关键字, 并根据字典选择对应选项
[2018-08-20 14:29:40.421359] [INFO] [Selector_new2.py] [input_key_search] [1259] 根据关键字，查询缺陷类型
[2018-08-20 14:29:55.661231] [INFO] [Selector_new2.py] [input_key_search] [1285] 查询到的缺陷类型为：
[2018-08-20 14:29:55.663231] [INFO] [Selector_new2.py] [input_key_search] [1286] {'弓网缺陷': ['疑似燃弧', '疑似吊弦线夹燃弧', '疑似定位线夹燃弧', '疑似电连接线线夹燃弧', '疑似绝缘器燃弧', '疑似中锚线夹燃弧', '疑似限制管燃弧', '疑似线夹燃弧', '疑似定位点燃弧', '疑似跨中接触线燃弧'], '接触网缺陷': ['疑似绝缘器消弧缺失', '疑似绝缘器消弧断', '疑似绝缘器消弧变形']}
[2018-08-20 14:47:17.787837] [INFO] [Selector_new2.py] [select_key_search_text] [1296] 在搜索框中输入关键字, 并根据字典选择对应选项
[2018-08-20 14:49:30.351419] [INFO] [Selector_new2.py] [select_key_search_text] [1296] 在搜索框中输入关键字, 并根据字典选择对应选项
[2018-08-20 14:53:05.290713] [INFO] [Selector_new2.py] [select_key_search_text] [1296] 在搜索框中输入关键字, 并根据字典选择对应选项
[2018-08-20 14:53:58.973784] [INFO] [Selector_new2.py] [select_key_search_text] [1296] 在搜索框中输入关键字, 并根据字典选择对应选项
[2018-08-20 14:54:50.439727] [INFO] [Selector_new2.py] [select_key_search_text] [1296] 在搜索框中输入关键字, 并根据字典选择对应选项
[2018-08-20 14:57:03.229323] [INFO] [Selector_new2.py] [select_key_search_text] [1296] 在搜索框中输入关键字, 并根据字典选择对应选项
[2018-08-20 14:57:19.601259] [INFO] [Selector_new2.py] [select_key_search_text] [1335] 成功设置的选项为：
[2018-08-20 14:57:19.602259] [INFO] [Selector_new2.py] [select_key_search_text] [1336] ['疑似燃弧', '疑似定位线夹燃弧', '疑似绝缘器消弧缺失']
[2018-08-20 14:58:26.986113] [INFO] [Selector_new2.py] [select_key_search_text] [1296] 在搜索框中输入关键字, 并根据字典选择对应选项
[2018-08-20 14:58:43.178039] [INFO] [Selector_new2.py] [select_key_search_text] [1335] 成功设置的选项为：
[2018-08-20 14:58:43.180039] [INFO] [Selector_new2.py] [select_key_search_text] [1336] ['疑似燃弧', '疑似定位线夹燃弧', '疑似绝缘器消弧缺失']
[2018-08-20 15:00:47.069125] [INFO] [Selector_new2.py] [select_key_search_text] [1296] 在搜索框中输入关键字, 并根据字典选择对应选项
[2018-08-20 15:01:28.006467] [INFO] [Selector_new2.py] [select_key_search_text] [1335] 成功设置的选项为：
[2018-08-20 15:01:28.037469] [INFO] [Selector_new2.py] [select_key_search_text] [1336] ['疑似燃弧', '疑似吊弦线夹燃弧', '疑似定位线夹燃弧', '疑似电连接线线夹燃弧', '疑似绝缘器燃弧', '疑似中锚线夹燃弧', '疑似限制管燃弧', '疑似线夹燃弧', '疑似定位点燃弧', '疑似跨中接触线燃弧', '疑似绝缘器消弧缺失', '疑似绝缘器消弧断', '疑似绝缘器消弧变形']
[2018-08-20 15:06:44.298558] [INFO] [Selector_new2.py] [select_key_search_text] [1296] 在搜索框中输入关键字, 并根据字典选择对应选项
[2018-08-20 15:07:25.978942] [INFO] [Selector_new2.py] [select_key_search_text] [1335] 成功设置的选项为：
[2018-08-20 15:07:25.981942] [INFO] [Selector_new2.py] [select_key_search_text] [1336] ['疑似燃弧', '疑似吊弦线夹燃弧', '疑似定位线夹燃弧', '疑似电连接线线夹燃弧', '疑似绝缘器燃弧', '疑似中锚线夹燃弧', '疑似限制管燃弧', '疑似线夹燃弧', '疑似定位点燃弧', '疑似跨中接触线燃弧', '疑似绝缘器消弧缺失', '疑似绝缘器消弧断', '疑似绝缘器消弧变形']
[2018-08-20 15:07:25.983942] [INFO] [Selector_new2.py] [clear_button_text] [1344] 清除文本框中的所有信息
[2018-08-20 15:13:58.507393] [INFO] [Selector_new2.py] [select_key_search_text] [1296] 在搜索框中输入关键字, 并根据字典选择对应选项
[2018-08-20 15:14:42.280897] [INFO] [Selector_new2.py] [select_key_search_text] [1335] 成功设置的选项为：
[2018-08-20 15:14:42.281897] [INFO] [Selector_new2.py] [select_key_search_text] [1336] ['疑似燃弧', '疑似吊弦线夹燃弧', '疑似定位线夹燃弧', '疑似电连接线线夹燃弧', '疑似绝缘器燃弧', '疑似中锚线夹燃弧', '疑似限制管燃弧', '疑似线夹燃弧', '疑似定位点燃弧', '疑似跨中接触线燃弧', '疑似绝缘器消弧缺失', '疑似绝缘器消弧断', '疑似绝缘器消弧变形']
[2018-08-20 15:14:42.282897] [INFO] [Selector_new2.py] [clear_button_search] [1353] 清除搜索框中的所有信息
[2018-08-20 15:15:56.806159] [INFO] [Selector_new2.py] [select_key_search_text] [1296] 在搜索框中输入关键字, 并根据字典选择对应选项
[2018-08-20 15:16:46.413997] [INFO] [Selector_new2.py] [select_key_search_text] [1335] 成功设置的选项为：
[2018-08-20 15:16:46.416997] [INFO] [Selector_new2.py] [select_key_search_text] [1336] ['疑似燃弧', '疑似吊弦线夹燃弧', '疑似定位线夹燃弧', '疑似电连接线线夹燃弧', '疑似绝缘器燃弧', '疑似中锚线夹燃弧', '疑似限制管燃弧', '疑似线夹燃弧', '疑似定位点燃弧', '疑似跨中接触线燃弧', '疑似绝缘器消弧缺失', '疑似绝缘器消弧断', '疑似绝缘器消弧变形']
[2018-08-20 15:16:46.419997] [INFO] [Selector_new2.py] [clear_button_search] [1353] 清除搜索框中的所有信息
[2018-08-20 15:19:08.527125] [INFO] [Selector_new2.py] [select_key_search_text] [1296] 在搜索框中输入关键字, 并根据字典选择对应选项
[2018-08-20 15:19:47.440351] [INFO] [Selector_new2.py] [select_key_search_text] [1335] 成功设置的选项为：
[2018-08-20 15:19:47.441351] [INFO] [Selector_new2.py] [select_key_search_text] [1336] ['疑似燃弧', '疑似吊弦线夹燃弧', '疑似定位线夹燃弧', '疑似电连接线线夹燃弧', '疑似绝缘器燃弧', '疑似中锚线夹燃弧', '疑似限制管燃弧', '疑似线夹燃弧', '疑似定位点燃弧', '疑似跨中接触线燃弧', '疑似绝缘器消弧缺失', '疑似绝缘器消弧断', '疑似绝缘器消弧变形']
[2018-08-20 15:19:47.441351] [INFO] [Selector_new2.py] [clear_button_search] [1353] 清除搜索框中的所有信息
[2018-08-20 15:21:32.990388] [INFO] [Selector_new2.py] [select_key_search_text] [1296] 在搜索框中输入关键字, 并根据字典选择对应选项
[2018-08-20 15:22:11.618597] [INFO] [Selector_new2.py] [select_key_search_text] [1335] 成功设置的选项为：
[2018-08-20 15:22:11.619598] [INFO] [Selector_new2.py] [select_key_search_text] [1336] ['疑似燃弧', '疑似吊弦线夹燃弧', '疑似定位线夹燃弧', '疑似电连接线线夹燃弧', '疑似绝缘器燃弧', '疑似中锚线夹燃弧', '疑似限制管燃弧', '疑似线夹燃弧', '疑似定位点燃弧', '疑似跨中接触线燃弧', '疑似绝缘器消弧缺失', '疑似绝缘器消弧断', '疑似绝缘器消弧变形']
[2018-08-20 15:22:11.619598] [INFO] [Selector_new2.py] [clear_button_search] [1353] 清除搜索框中的所有信息
[2018-08-20 15:23:10.388959] [INFO] [Selector_new2.py] [select_key_search_text] [1296] 在搜索框中输入关键字, 并根据字典选择对应选项
[2018-08-20 15:23:49.050170] [INFO] [Selector_new2.py] [select_key_search_text] [1335] 成功设置的选项为：
[2018-08-20 15:23:49.050170] [INFO] [Selector_new2.py] [select_key_search_text] [1336] ['疑似燃弧', '疑似吊弦线夹燃弧', '疑似定位线夹燃弧', '疑似电连接线线夹燃弧', '疑似绝缘器燃弧', '疑似中锚线夹燃弧', '疑似限制管燃弧', '疑似线夹燃弧', '疑似定位点燃弧', '疑似跨中接触线燃弧', '疑似绝缘器消弧缺失', '疑似绝缘器消弧断', '疑似绝缘器消弧变形']
[2018-08-20 15:23:49.051170] [INFO] [Selector_new2.py] [clear_button_search] [1353] 清除搜索框中的所有信息
[2018-08-20 15:25:02.257357] [INFO] [Selector_new2.py] [select_key_search_text] [1296] 在搜索框中输入关键字, 并根据字典选择对应选项
[2018-08-20 15:25:18.296275] [INFO] [Selector_new2.py] [select_key_search_text] [1335] 成功设置的选项为：
[2018-08-20 15:25:18.297275] [INFO] [Selector_new2.py] [select_key_search_text] [1336] ['疑似燃弧', '疑似定位线夹燃弧', '疑似绝缘器消弧缺失']
[2018-08-20 15:25:18.297275] [INFO] [Selector_new2.py] [clear_button_search] [1353] 清除搜索框中的所有信息
