[2018-08-17 14:01:37.409262] [INFO] [Selector_new2.py] [get_options] [1093] groups的个数为：
[2018-08-17 14:01:37.410262] [INFO] [Selector_new2.py] [get_options] [1094] 5
[2018-08-17 14:02:28.291173] [INFO] [Selector_new2.py] [get_options] [1108] 缺陷类型的值为：
[2018-08-17 14:02:28.292173] [INFO] [Selector_new2.py] [get_options] [1109] {'弓网缺陷': ['疑似燃弧', '疑似吊弦线夹燃弧', '疑似定位线夹燃弧', '疑似电连接线线夹燃弧', '疑似绝缘器燃弧', '疑似中锚线夹燃弧', '疑似限制管燃弧', '疑似线夹燃弧', '运行降弓', '疑似打弓', '疑似积冰', '温差报警', '疑似定位点燃弧', '疑似跨中接触线燃弧', '弓高差异常'], '几何参数缺陷': ['拉出值超限', '导高值超限', '疑似水平间距过大', '导高差'], '接触网缺陷': ['接触线硬弯', '疑似绝缘器消弧缺失', '疑似绝缘器消弧断', '疑似绝缘器铜滑条缺失', '疑似绝缘器铜滑条变形', '疑似绝缘器消弧变形', '疑似绝缘器偏移', '疑似吊弦脱落', '疑似吊弦断', '疑似吊弦松驰', '疑似吊弦异常', '疑似吊弦导流环异常', '疑似吊弦断股', '疑似吊弦散股', '疑似吊弦尼龙套缺失', '疑似中锚线松驰', '疑似电连接线散股', '疑似电连接线断股', '疑似定位器载流环松脱', '疑似多锚段内吊弦松驰', '承力索保护层破损', '疑似承力索断股', '疑似防风拉线缺失', '疑似防风拉线断', '疑似接触线异常', '', '', '', '', '', '', '', '', '', '', '', '', '', '', '', '', ''], '': ['疑似受电弓发热', '疑似软连接线发热', '疑似受电弓异常', '受电弓上异物', '疑似受电弓磨损'], '其它选项': ['干扰', '其它', '待判定']}
[2018-08-17 14:03:34.755974] [INFO] [Selector_new2.py] [get_options] [1093] groups的个数为：
[2018-08-17 14:03:34.756974] [INFO] [Selector_new2.py] [get_options] [1094] 5
[2018-08-17 14:04:25.528878] [INFO] [Selector_new2.py] [get_options] [1108] 缺陷类型的值为：
[2018-08-17 14:04:25.528878] [INFO] [Selector_new2.py] [get_options] [1109] {'弓网缺陷': ['疑似燃弧', '疑似吊弦线夹燃弧', '疑似定位线夹燃弧', '疑似电连接线线夹燃弧', '疑似绝缘器燃弧', '疑似中锚线夹燃弧', '疑似限制管燃弧', '疑似线夹燃弧', '运行降弓', '疑似打弓', '疑似积冰', '温差报警', '疑似定位点燃弧', '疑似跨中接触线燃弧', '弓高差异常'], '几何参数缺陷': ['拉出值超限', '导高值超限', '疑似水平间距过大', '导高差'], '接触网缺陷': ['接触线硬弯', '疑似绝缘器消弧缺失', '疑似绝缘器消弧断', '疑似绝缘器铜滑条缺失', '疑似绝缘器铜滑条变形', '疑似绝缘器消弧变形', '疑似绝缘器偏移', '疑似吊弦脱落', '疑似吊弦断', '疑似吊弦松驰', '疑似吊弦异常', '疑似吊弦导流环异常', '疑似吊弦断股', '疑似吊弦散股', '疑似吊弦尼龙套缺失', '疑似中锚线松驰', '疑似电连接线散股', '疑似电连接线断股', '疑似定位器载流环松脱', '疑似多锚段内吊弦松驰', '承力索保护层破损', '疑似承力索断股', '疑似防风拉线缺失', '疑似防风拉线断', '疑似接触线异常', '', '', '', '', '', '', '', '', '', '', '', '', '', '', '', '', ''], '': ['疑似受电弓发热', '疑似软连接线发热', '疑似受电弓异常', '受电弓上异物', '疑似受电弓磨损'], '其它选项': ['干扰', '其它', '待判定']}
[2018-08-17 14:09:57.901889] [INFO] [Selector_new2.py] [get_options] [1093] groups的个数为：
[2018-08-17 14:09:57.904889] [INFO] [Selector_new2.py] [get_options] [1094] 5
[2018-08-17 14:12:42.067279] [INFO] [Selector_new2.py] [get_options] [1108] 缺陷类型的值为：
[2018-08-17 14:12:42.075279] [INFO] [Selector_new2.py] [get_options] [1109] {'弓网缺陷': ['疑似燃弧', '疑似吊弦线夹燃弧', '疑似定位线夹燃弧', '疑似电连接线线夹燃弧', '疑似绝缘器燃弧', '疑似中锚线夹燃弧', '疑似限制管燃弧', '疑似线夹燃弧', '运行降弓', '疑似打弓', '疑似积冰', '温差报警', '疑似定位点燃弧', '疑似跨中接触线燃弧', '弓高差异常'], '几何参数缺陷': ['拉出值超限', '导高值超限', '疑似水平间距过大', '导高差'], '接触网缺陷': ['接触线硬弯', '疑似绝缘器消弧缺失', '疑似绝缘器消弧断', '疑似绝缘器铜滑条缺失', '疑似绝缘器铜滑条变形', '疑似绝缘器消弧变形', '疑似绝缘器偏移', '疑似吊弦脱落', '疑似吊弦断', '疑似吊弦松驰', '疑似吊弦异常', '疑似吊弦导流环异常', '疑似吊弦断股', '疑似吊弦散股', '疑似吊弦尼龙套缺失', '疑似中锚线松驰', '疑似电连接线散股', '疑似电连接线断股', '疑似定位器载流环松脱', '疑似多锚段内吊弦松驰', '承力索保护层破损', '疑似承力索断股', '疑似防风拉线缺失', '疑似防风拉线断', '疑似接触线异常', '', '', '', '', '', '', '', '', '', '', '', '', '', '', '', '', ''], '受电弓缺陷': ['疑似受电弓发热', '疑似软连接线发热', '疑似受电弓异常', '受电弓上异物', '疑似受电弓磨损'], '其它选项': ['干扰', '其它', '待判定']}
[2018-08-17 14:14:13.219492] [INFO] [Selector_new2.py] [get_options] [1093] groups的个数为：
[2018-08-17 14:14:13.224492] [INFO] [Selector_new2.py] [get_options] [1094] 5
[2018-08-17 14:15:36.529257] [INFO] [Selector_new2.py] [get_options] [1093] groups的个数为：
[2018-08-17 14:15:36.531257] [INFO] [Selector_new2.py] [get_options] [1094] 5
[2018-08-17 14:24:50.073336] [INFO] [Selector_new2.py] [get_options] [1093] groups的个数为：
[2018-08-17 14:24:50.074336] [INFO] [Selector_new2.py] [get_options] [1094] 5
[2018-08-17 14:25:45.794523] [INFO] [Selector_new2.py] [get_options] [1109] 缺陷类型的值为：
[2018-08-17 14:25:45.795523] [INFO] [Selector_new2.py] [get_options] [1110] {'弓网缺陷': ['疑似燃弧', '疑似吊弦线夹燃弧', '疑似定位线夹燃弧', '疑似电连接线线夹燃弧', '疑似绝缘器燃弧', '疑似中锚线夹燃弧', '疑似限制管燃弧', '疑似线夹燃弧', '运行降弓', '疑似打弓', '疑似积冰', '温差报警', '疑似定位点燃弧', '疑似跨中接触线燃弧', '弓高差异常'], '几何参数缺陷': ['拉出值超限', '导高值超限', '疑似水平间距过大', '导高差'], '接触网缺陷': ['接触线硬弯', '疑似绝缘器消弧缺失', '疑似绝缘器消弧断', '疑似绝缘器铜滑条缺失', '疑似绝缘器铜滑条变形', '疑似绝缘器消弧变形', '疑似绝缘器偏移', '疑似吊弦脱落', '疑似吊弦断', '疑似吊弦松驰', '疑似吊弦异常', '疑似吊弦导流环异常', '疑似吊弦断股', '疑似吊弦散股', '疑似吊弦尼龙套缺失', '疑似中锚线松驰', '疑似电连接线散股', '疑似电连接线断股', '疑似定位器载流环松脱', '疑似多锚段内吊弦松驰', '承力索保护层破损', '疑似承力索断股', '疑似防风拉线缺失', '疑似防风拉线断', '疑似接触线异常', '', '', '', '', '', '', '', '', '', '', '', '', '', '', '', '', ''], '': ['疑似受电弓发热', '疑似软连接线发热', '疑似受电弓异常', '受电弓上异物', '疑似受电弓磨损'], '其它选项': ['干扰', '其它', '待判定']}
[2018-08-17 14:30:11.128699] [INFO] [Selector_new2.py] [get_options] [1111] 缺陷类型的值为：
[2018-08-17 14:30:11.129699] [INFO] [Selector_new2.py] [get_options] [1112] {'弓网缺陷': [], '几何参数缺陷': [], '接触网缺陷': [], '受电弓缺陷': [], '其它选项': ['疑似燃弧', '疑似吊弦线夹燃弧', '疑似定位线夹燃弧', '疑似电连接线线夹燃弧', '疑似绝缘器燃弧', '疑似中锚线夹燃弧', '疑似限制管燃弧', '疑似线夹燃弧', '运行降弓', '疑似打弓', '疑似积冰', '温差报警', '疑似定位点燃弧', '疑似跨中接触线燃弧', '弓高差异常', '拉出值超限', '导高值超限', '疑似水平间距过大', '导高差', '接触线硬弯', '疑似绝缘器消弧缺失', '疑似绝缘器消弧断', '疑似绝缘器铜滑条缺失', '疑似绝缘器铜滑条变形', '疑似绝缘器消弧变形', '疑似绝缘器偏移', '疑似吊弦脱落', '疑似吊弦断', '疑似吊弦松驰', '疑似吊弦异常', '疑似吊弦导流环异常', '疑似吊弦断股', '疑似吊弦散股', '疑似吊弦尼龙套缺失', '疑似中锚线松驰', '疑似电连接线散股', '疑似电连接线断股', '疑似定位器载流环松脱', '疑似多锚段内吊弦松驰', '承力索保护层破损', '疑似承力索断股', '疑似防风拉线缺失', '疑似防风拉线断', '疑似接触线异常', '', '', '', '', '', '', '', '', '', '', '', '', '', '', '', '', '', '疑似受电弓发热', '疑似软连接线发热', '疑似受电弓异常', '受电弓上异物', '疑似受电弓磨损', '干扰', '其它', '待判定']}
[2018-08-17 14:36:03.156834] [INFO] [Selector_new2.py] [get_options] [1112] 缺陷类型的值为：
[2018-08-17 14:36:03.158834] [INFO] [Selector_new2.py] [get_options] [1113] {'弓网缺陷': ['疑似燃弧', '疑似吊弦线夹燃弧', '疑似定位线夹燃弧', '疑似电连接线线夹燃弧', '疑似绝缘器燃弧', '疑似中锚线夹燃弧', '疑似限制管燃弧', '疑似线夹燃弧', '运行降弓', '疑似打弓', '疑似积冰', '温差报警', '疑似定位点燃弧', '疑似跨中接触线燃弧', '弓高差异常'], '几何参数缺陷': ['拉出值超限', '导高值超限', '疑似水平间距过大', '导高差'], '接触网缺陷': ['接触线硬弯', '疑似绝缘器消弧缺失', '疑似绝缘器消弧断', '疑似绝缘器铜滑条缺失', '疑似绝缘器铜滑条变形', '疑似绝缘器消弧变形', '疑似绝缘器偏移', '疑似吊弦脱落', '疑似吊弦断', '疑似吊弦松驰', '疑似吊弦异常', '疑似吊弦导流环异常', '疑似吊弦断股', '疑似吊弦散股', '疑似吊弦尼龙套缺失', '疑似中锚线松驰', '疑似电连接线散股', '疑似电连接线断股', '疑似定位器载流环松脱', '疑似多锚段内吊弦松驰', '承力索保护层破损', '疑似承力索断股', '疑似防风拉线缺失', '疑似防风拉线断', '疑似接触线异常', '', '', '', '', '', '', '', '', '', '', '', '', '', '', '', '', ''], '受电弓缺陷': ['疑似受电弓发热', '疑似软连接线发热', '疑似受电弓异常', '受电弓上异物', '疑似受电弓磨损'], '其它选项': ['干扰', '其它', '待判定']}
[2018-08-17 14:37:52.569092] [INFO] [Selector_new2.py] [get_options] [1107] 缺陷类型的值为：
[2018-08-17 14:37:52.570092] [INFO] [Selector_new2.py] [get_options] [1108] {'弓网缺陷': ['疑似燃弧', '疑似吊弦线夹燃弧', '疑似定位线夹燃弧', '疑似电连接线线夹燃弧', '疑似绝缘器燃弧', '疑似中锚线夹燃弧', '疑似限制管燃弧', '疑似线夹燃弧', '运行降弓', '疑似打弓', '疑似积冰', '温差报警', '疑似定位点燃弧', '疑似跨中接触线燃弧', '弓高差异常'], '几何参数缺陷': ['拉出值超限', '导高值超限', '疑似水平间距过大', '导高差'], '接触网缺陷': ['接触线硬弯', '疑似绝缘器消弧缺失', '疑似绝缘器消弧断', '疑似绝缘器铜滑条缺失', '疑似绝缘器铜滑条变形', '疑似绝缘器消弧变形', '疑似绝缘器偏移', '疑似吊弦脱落', '疑似吊弦断', '疑似吊弦松驰', '疑似吊弦异常', '疑似吊弦导流环异常', '疑似吊弦断股', '疑似吊弦散股', '疑似吊弦尼龙套缺失', '疑似中锚线松驰', '疑似电连接线散股', '疑似电连接线断股', '疑似定位器载流环松脱', '疑似多锚段内吊弦松驰', '承力索保护层破损', '疑似承力索断股', '疑似防风拉线缺失', '疑似防风拉线断', '疑似接触线异常', '', '', '', '', '', '', '', '', '', '', '', '', '', '', '', '', ''], '受电弓缺陷': ['疑似受电弓发热', '疑似软连接线发热', '疑似受电弓异常', '受电弓上异物', '疑似受电弓磨损'], '其它选项': ['干扰', '其它', '待判定']}
[2018-08-17 14:52:13.212882] [INFO] [Selector_new2.py] [get_options] [1107] 缺陷类型的值为：
[2018-08-17 14:52:13.220883] [INFO] [Selector_new2.py] [get_options] [1108] {'弓网缺陷': ['疑似燃弧', '疑似吊弦线夹燃弧', '疑似定位线夹燃弧', '疑似电连接线线夹燃弧', '疑似绝缘器燃弧', '疑似中锚线夹燃弧', '疑似限制管燃弧', '疑似线夹燃弧', '运行降弓', '疑似打弓', '疑似积冰', '温差报警', '疑似定位点燃弧', '疑似跨中接触线燃弧', '弓高差异常'], '几何参数缺陷': ['拉出值超限', '导高值超限', '疑似水平间距过大', '导高差'], '接触网缺陷': ['接触线硬弯', '疑似绝缘器消弧缺失', '疑似绝缘器消弧断', '疑似绝缘器铜滑条缺失', '疑似绝缘器铜滑条变形', '疑似绝缘器消弧变形', '疑似绝缘器偏移', '疑似吊弦脱落', '疑似吊弦断', '疑似吊弦松驰', '疑似吊弦异常', '疑似吊弦导流环异常', '疑似吊弦断股', '疑似吊弦散股', '疑似吊弦尼龙套缺失', '疑似中锚线松驰', '疑似电连接线散股', '疑似电连接线断股', '疑似定位器载流环松脱', '疑似多锚段内吊弦松驰', '承力索保护层破损', '疑似承力索断股', '疑似防风拉线缺失', '疑似防风拉线断', '疑似接触线异常', '', '', '', '', '', '', '', '', '', '', '', '', '', '', '', '', ''], '受电弓缺陷': ['疑似受电弓发热', '疑似软连接线发热', '疑似受电弓异常', '受电弓上异物', '疑似受电弓磨损'], '其它选项': ['干扰', '其它', '待判定']}
[2018-08-17 16:12:00.250237] [WARNING] [Selector_new2.py] [select_all] [1134] 缺陷类型已经是全选状态
