[2018-08-13 09:19:31.736873] [INFO] [BaseObject.py] [get_options] [46] 获取所有选项：
[2018-08-13 09:19:32.672927] [INFO] [BaseObject.py] [get_options] [53] ['局部补光不足', '延迟传回', '局部和全景补光不足', '局部横条纹', '局部竖条纹', '全景横条纹', '全景竖条纹', '局部和全景横条纹', '局部和全景竖条纹', '火花过爆', '惯导异常', '环境温度异常', '玻璃脏', '无火花', '火花小', '局部曝光过度', '全景曝光过度', '雨天红外成像效果差', '隧道红外成像效果差', '局部成像效果差', '全景成像效果差', '局部帧率不足', '全景帧率不足', '定位错误', 'IP改变无局部', 'IP改变无全景', '连接异常无局部', '连接异常无全景', '红外图像差', '延迟处理', '全景补光不足']
[2018-08-13 09:19:32.674927] [INFO] [BaseObject.py] [get_value] [36] 获取当前选择框中的值
[2018-08-13 09:19:32.684928] [INFO] [BaseObject.py] [get_value] [37] 当前选择框中的值为：火花小
[2018-08-13 09:19:32.691928] [INFO] [Selector_new2.py] [select_by_text_list] [523] 通过选项文本设置选项
[2018-08-13 09:19:36.612152] [INFO] [Selector_new2.py] [select_by_text_list] [540] 所设置的选项为：
[2018-08-13 09:19:36.613152] [INFO] [Selector_new2.py] [select_by_text_list] [541] ['火花小', '局部曝光过度', '全景曝光过度', '雨天红外成像效果差', '隧道红外成像效果差', '局部成像效果差']
[2018-08-13 09:19:36.676156] [INFO] [BaseObject.py] [get_value] [36] 获取当前选择框中的值
[2018-08-13 09:19:36.680156] [INFO] [BaseObject.py] [get_value] [37] 当前选择框中的值为：火花小,局部曝光过度,全景曝光过度,雨天红外成像效果差,隧道红外成像效果差,局部成像效果差
[2018-08-13 09:19:36.687157] [INFO] [Selector_new2.py] [clear_button_text] [635] 清除文本框中的所有信息
[2018-08-13 09:20:57.129758] [INFO] [BaseObject.py] [get_options] [46] 获取所有选项：
[2018-08-13 09:21:04.137158] [INFO] [BaseObject.py] [get_options] [53] ['局部补光不足', '延迟传回', '局部和全景补光不足', '局部横条纹', '局部竖条纹', '全景横条纹', '全景竖条纹', '局部和全景横条纹', '局部和全景竖条纹', '火花过爆', '惯导异常', '环境温度异常', '玻璃脏', '无火花', '火花小', '局部曝光过度', '全景曝光过度', '雨天红外成像效果差', '隧道红外成像效果差', '局部成像效果差', '全景成像效果差', '局部帧率不足', '全景帧率不足', '定位错误', 'IP改变无局部', 'IP改变无全景', '连接异常无局部', '连接异常无全景', '红外图像差', '延迟处理', '全景补光不足']
[2018-08-13 09:21:04.139159] [INFO] [BaseObject.py] [get_value] [36] 获取当前选择框中的值
[2018-08-13 09:21:04.149159] [INFO] [BaseObject.py] [get_value] [37] 当前选择框中的值为：火花小
[2018-08-13 09:21:04.173161] [INFO] [Selector_new2.py] [select_by_text_list] [523] 通过选项文本设置选项
[2018-08-13 09:21:50.466808] [INFO] [BaseObject.py] [get_options] [46] 获取所有选项：
[2018-08-13 09:21:51.481866] [INFO] [BaseObject.py] [get_options] [53] ['局部补光不足', '延迟传回', '局部和全景补光不足', '局部横条纹', '局部竖条纹', '全景横条纹', '全景竖条纹', '局部和全景横条纹', '局部和全景竖条纹', '火花过爆', '惯导异常', '环境温度异常', '玻璃脏', '无火花', '火花小', '局部曝光过度', '全景曝光过度', '雨天红外成像效果差', '隧道红外成像效果差', '局部成像效果差', '全景成像效果差', '局部帧率不足', '全景帧率不足', '定位错误', 'IP改变无局部', 'IP改变无全景', '连接异常无局部', '连接异常无全景', '红外图像差', '延迟处理', '全景补光不足']
[2018-08-13 09:21:51.483867] [INFO] [BaseObject.py] [get_value] [36] 获取当前选择框中的值
[2018-08-13 09:21:51.488867] [INFO] [BaseObject.py] [get_value] [37] 当前选择框中的值为：火花小
[2018-08-13 09:21:51.498867] [INFO] [Selector_new2.py] [select_by_text_list] [523] 通过选项文本设置选项
[2018-08-13 09:21:55.388090] [INFO] [Selector_new2.py] [select_by_text_list] [540] 所设置的选项为：
[2018-08-13 09:21:55.389090] [INFO] [Selector_new2.py] [select_by_text_list] [541] ['火花小', '局部曝光过度', '全景曝光过度', '雨天红外成像效果差', '隧道红外成像效果差', '局部成像效果差']
[2018-08-13 09:21:55.455094] [INFO] [BaseObject.py] [get_value] [36] 获取当前选择框中的值
[2018-08-13 09:21:55.463094] [INFO] [BaseObject.py] [get_value] [37] 当前选择框中的值为：火花小,局部曝光过度,全景曝光过度,雨天红外成像效果差,隧道红外成像效果差,局部成像效果差
[2018-08-13 09:21:55.469095] [INFO] [Selector_new2.py] [clear_button_text] [635] 清除文本框中的所有信息
[2018-08-13 09:23:01.370864] [INFO] [BaseObject.py] [get_options] [46] 获取所有选项：
[2018-08-13 09:23:02.338919] [INFO] [BaseObject.py] [get_options] [53] ['局部补光不足', '延迟传回', '局部和全景补光不足', '局部横条纹', '局部竖条纹', '全景横条纹', '全景竖条纹', '局部和全景横条纹', '局部和全景竖条纹', '火花过爆', '惯导异常', '环境温度异常', '玻璃脏', '无火花', '火花小', '局部曝光过度', '全景曝光过度', '雨天红外成像效果差', '隧道红外成像效果差', '局部成像效果差', '全景成像效果差', '局部帧率不足', '全景帧率不足', '定位错误', 'IP改变无局部', 'IP改变无全景', '连接异常无局部', '连接异常无全景', '红外图像差', '延迟处理', '全景补光不足']
[2018-08-13 09:23:02.339919] [INFO] [BaseObject.py] [get_value] [36] 获取当前选择框中的值
[2018-08-13 09:23:02.349920] [INFO] [BaseObject.py] [get_value] [37] 当前选择框中的值为：火花小
[2018-08-13 09:23:02.373921] [INFO] [Selector_new2.py] [select_by_text_list] [523] 通过选项文本设置选项
[2018-08-13 09:23:06.392151] [INFO] [Selector_new2.py] [select_by_text_list] [540] 所设置的选项为：
[2018-08-13 09:23:06.393151] [INFO] [Selector_new2.py] [select_by_text_list] [541] ['火花小', '局部曝光过度', '全景曝光过度', '雨天红外成像效果差', '隧道红外成像效果差', '局部成像效果差']
[2018-08-13 09:23:06.459155] [INFO] [BaseObject.py] [get_value] [36] 获取当前选择框中的值
[2018-08-13 09:23:06.468155] [INFO] [BaseObject.py] [get_value] [37] 当前选择框中的值为：火花小,局部曝光过度,全景曝光过度,雨天红外成像效果差,隧道红外成像效果差,局部成像效果差
[2018-08-13 09:23:06.475156] [INFO] [Selector_new2.py] [clear_button_text] [635] 清除文本框中的所有信息
[2018-08-13 09:25:16.213576] [INFO] [BaseObject.py] [get_options] [46] 获取所有选项：
[2018-08-13 09:25:17.113628] [INFO] [BaseObject.py] [get_options] [53] ['局部补光不足', '延迟传回', '局部和全景补光不足', '局部横条纹', '局部竖条纹', '全景横条纹', '全景竖条纹', '局部和全景横条纹', '局部和全景竖条纹', '火花过爆', '惯导异常', '环境温度异常', '玻璃脏', '无火花', '火花小', '局部曝光过度', '全景曝光过度', '雨天红外成像效果差', '隧道红外成像效果差', '局部成像效果差', '全景成像效果差', '局部帧率不足', '全景帧率不足', '定位错误', 'IP改变无局部', 'IP改变无全景', '连接异常无局部', '连接异常无全景', '红外图像差', '延迟处理', '全景补光不足']
[2018-08-13 09:25:17.114628] [INFO] [BaseObject.py] [get_value] [36] 获取当前选择框中的值
[2018-08-13 09:25:17.120628] [INFO] [BaseObject.py] [get_value] [37] 当前选择框中的值为：火花小
[2018-08-13 09:25:17.127629] [INFO] [Selector_new2.py] [select_by_text_list] [523] 通过选项文本设置选项
[2018-08-13 09:25:21.118857] [INFO] [Selector_new2.py] [select_by_text_list] [540] 所设置的选项为：
[2018-08-13 09:25:21.119857] [INFO] [Selector_new2.py] [select_by_text_list] [541] ['火花小', '局部曝光过度', '全景曝光过度', '雨天红外成像效果差', '隧道红外成像效果差', '局部成像效果差']
[2018-08-13 09:25:21.204862] [INFO] [BaseObject.py] [get_value] [36] 获取当前选择框中的值
[2018-08-13 09:25:21.212862] [INFO] [BaseObject.py] [get_value] [37] 当前选择框中的值为：火花小,局部曝光过度,全景曝光过度,雨天红外成像效果差,隧道红外成像效果差,局部成像效果差
[2018-08-13 09:25:21.217863] [INFO] [Selector_new2.py] [clear_button_text] [635] 清除文本框中的所有信息
[2018-08-13 09:26:19.589201] [INFO] [BaseObject.py] [get_options] [46] 获取所有选项：
[2018-08-13 09:26:20.516254] [INFO] [BaseObject.py] [get_options] [53] ['局部补光不足', '延迟传回', '局部和全景补光不足', '局部横条纹', '局部竖条纹', '全景横条纹', '全景竖条纹', '局部和全景横条纹', '局部和全景竖条纹', '火花过爆', '惯导异常', '环境温度异常', '玻璃脏', '无火花', '火花小', '局部曝光过度', '全景曝光过度', '雨天红外成像效果差', '隧道红外成像效果差', '局部成像效果差', '全景成像效果差', '局部帧率不足', '全景帧率不足', '定位错误', 'IP改变无局部', 'IP改变无全景', '连接异常无局部', '连接异常无全景', '红外图像差', '延迟处理', '全景补光不足']
[2018-08-13 09:26:20.517254] [INFO] [BaseObject.py] [get_value] [36] 获取当前选择框中的值
[2018-08-13 09:26:20.523255] [INFO] [BaseObject.py] [get_value] [37] 当前选择框中的值为：火花小
[2018-08-13 09:26:20.531255] [INFO] [Selector_new2.py] [select_by_text_list] [523] 通过选项文本设置选项
[2018-08-13 09:26:24.537484] [INFO] [Selector_new2.py] [select_by_text_list] [540] 所设置的选项为：
[2018-08-13 09:26:24.538484] [INFO] [Selector_new2.py] [select_by_text_list] [541] ['火花小', '局部曝光过度', '全景曝光过度', '雨天红外成像效果差', '隧道红外成像效果差', '局部成像效果差']
[2018-08-13 09:26:24.606488] [INFO] [BaseObject.py] [get_value] [36] 获取当前选择框中的值
[2018-08-13 09:26:24.615489] [INFO] [BaseObject.py] [get_value] [37] 当前选择框中的值为：火花小,局部曝光过度,全景曝光过度,雨天红外成像效果差,隧道红外成像效果差,局部成像效果差
[2018-08-13 09:26:24.620489] [INFO] [Selector_new2.py] [clear_button_text] [635] 清除文本框中的所有信息
[2018-08-13 09:37:32.428875] [INFO] [BaseObject.py] [get_options] [46] 获取所有选项：
[2018-08-13 09:37:33.394930] [INFO] [BaseObject.py] [get_options] [53] ['局部补光不足', '延迟传回', '局部和全景补光不足', '局部横条纹', '局部竖条纹', '全景横条纹', '全景竖条纹', '局部和全景横条纹', '局部和全景竖条纹', '火花过爆', '惯导异常', '环境温度异常', '玻璃脏', '无火花', '火花小', '局部曝光过度', '全景曝光过度', '雨天红外成像效果差', '隧道红外成像效果差', '局部成像效果差', '全景成像效果差', '局部帧率不足', '全景帧率不足', '定位错误', 'IP改变无局部', 'IP改变无全景', '连接异常无局部', '连接异常无全景', '红外图像差', '延迟处理', '全景补光不足']
[2018-08-13 09:37:33.396931] [INFO] [BaseObject.py] [get_value] [36] 获取当前选择框中的值
[2018-08-13 09:37:33.406931] [INFO] [BaseObject.py] [get_value] [37] 当前选择框中的值为：火花小
[2018-08-13 09:37:33.412931] [INFO] [Selector_new2.py] [select_by_text_list] [523] 通过选项文本设置选项
[2018-08-13 09:37:37.350157] [INFO] [Selector_new2.py] [select_by_text_list] [540] 所设置的选项为：
[2018-08-13 09:37:37.351157] [INFO] [Selector_new2.py] [select_by_text_list] [541] ['火花小', '局部曝光过度', '全景曝光过度', '雨天红外成像效果差', '隧道红外成像效果差', '局部成像效果差']
[2018-08-13 09:37:37.416160] [INFO] [BaseObject.py] [get_value] [36] 获取当前选择框中的值
[2018-08-13 09:37:37.434161] [INFO] [BaseObject.py] [get_value] [37] 当前选择框中的值为：火花小,局部曝光过度,全景曝光过度,雨天红外成像效果差,隧道红外成像效果差,局部成像效果差
[2018-08-13 09:37:37.452162] [INFO] [Selector_new2.py] [clear_button_search] [643] 清除搜索框中的所有信息
[2018-08-13 09:39:30.462626] [INFO] [BaseObject.py] [get_options] [46] 获取所有选项：
[2018-08-13 09:39:31.414681] [INFO] [BaseObject.py] [get_options] [53] ['局部补光不足', '延迟传回', '局部和全景补光不足', '局部横条纹', '局部竖条纹', '全景横条纹', '全景竖条纹', '局部和全景横条纹', '局部和全景竖条纹', '火花过爆', '惯导异常', '环境温度异常', '玻璃脏', '无火花', '火花小', '局部曝光过度', '全景曝光过度', '雨天红外成像效果差', '隧道红外成像效果差', '局部成像效果差', '全景成像效果差', '局部帧率不足', '全景帧率不足', '定位错误', 'IP改变无局部', 'IP改变无全景', '连接异常无局部', '连接异常无全景', '红外图像差', '延迟处理', '全景补光不足']
[2018-08-13 09:39:31.415681] [INFO] [BaseObject.py] [get_value] [36] 获取当前选择框中的值
[2018-08-13 09:39:31.425681] [INFO] [BaseObject.py] [get_value] [37] 当前选择框中的值为：火花小
[2018-08-13 09:39:31.431682] [INFO] [Selector_new2.py] [select_by_text_list] [523] 通过选项文本设置选项
[2018-08-13 09:39:35.301903] [INFO] [Selector_new2.py] [select_by_text_list] [540] 所设置的选项为：
[2018-08-13 09:39:35.303903] [INFO] [Selector_new2.py] [select_by_text_list] [541] ['火花小', '局部曝光过度', '全景曝光过度', '雨天红外成像效果差', '隧道红外成像效果差', '局部成像效果差']
[2018-08-13 09:39:35.434911] [INFO] [BaseObject.py] [get_value] [36] 获取当前选择框中的值
[2018-08-13 09:39:35.447911] [INFO] [BaseObject.py] [get_value] [37] 当前选择框中的值为：火花小,局部曝光过度,全景曝光过度,雨天红外成像效果差,隧道红外成像效果差,局部成像效果差
[2018-08-13 09:39:35.454912] [INFO] [Selector_new2.py] [clear_button_search] [643] 清除搜索框中的所有信息
[2018-08-13 09:40:17.163297] [INFO] [BaseObject.py] [get_options] [46] 获取所有选项：
[2018-08-13 09:40:18.118352] [INFO] [BaseObject.py] [get_options] [53] ['局部补光不足', '延迟传回', '局部和全景补光不足', '局部横条纹', '局部竖条纹', '全景横条纹', '全景竖条纹', '局部和全景横条纹', '局部和全景竖条纹', '火花过爆', '惯导异常', '环境温度异常', '玻璃脏', '无火花', '火花小', '局部曝光过度', '全景曝光过度', '雨天红外成像效果差', '隧道红外成像效果差', '局部成像效果差', '全景成像效果差', '局部帧率不足', '全景帧率不足', '定位错误', 'IP改变无局部', 'IP改变无全景', '连接异常无局部', '连接异常无全景', '红外图像差', '延迟处理', '全景补光不足']
[2018-08-13 09:40:18.119352] [INFO] [BaseObject.py] [get_value] [36] 获取当前选择框中的值
[2018-08-13 09:40:18.128353] [INFO] [BaseObject.py] [get_value] [37] 当前选择框中的值为：火花小
[2018-08-13 09:40:18.132353] [INFO] [Selector_new2.py] [select_by_text_list] [523] 通过选项文本设置选项
[2018-08-13 09:40:22.400597] [INFO] [Selector_new2.py] [select_by_text_list] [540] 所设置的选项为：
[2018-08-13 09:40:22.401597] [INFO] [Selector_new2.py] [select_by_text_list] [541] ['火花小', '局部曝光过度', '全景曝光过度', '雨天红外成像效果差', '隧道红外成像效果差', '局部成像效果差']
[2018-08-13 09:40:22.482602] [INFO] [BaseObject.py] [get_value] [36] 获取当前选择框中的值
[2018-08-13 09:40:22.496602] [INFO] [BaseObject.py] [get_value] [37] 当前选择框中的值为：火花小,局部曝光过度,全景曝光过度,雨天红外成像效果差,隧道红外成像效果差,局部成像效果差
[2018-08-13 09:40:22.503603] [INFO] [Selector_new2.py] [clear_button_search] [643] 清除搜索框中的所有信息
[2018-08-13 09:42:33.927120] [INFO] [BaseObject.py] [get_options] [46] 获取所有选项：
[2018-08-13 09:42:34.390146] [INFO] [BaseObject.py] [get_options] [46] 获取所有选项：
[2018-08-13 09:42:34.892175] [INFO] [BaseObject.py] [get_options] [53] ['局部补光不足', '延迟传回', '局部和全景补光不足', '局部横条纹', '局部竖条纹', '全景横条纹', '全景竖条纹', '局部和全景横条纹', '局部和全景竖条纹', '火花过爆', '惯导异常', '环境温度异常', '玻璃脏', '无火花', '火花小', '局部曝光过度', '全景曝光过度', '雨天红外成像效果差', '隧道红外成像效果差', '局部成像效果差', '全景成像效果差', '局部帧率不足', '全景帧率不足', '定位错误', 'IP改变无局部', 'IP改变无全景', '连接异常无局部', '连接异常无全景', '红外图像差', '延迟处理', '全景补光不足']
[2018-08-13 09:42:34.894175] [INFO] [BaseObject.py] [get_value] [36] 获取当前选择框中的值
[2018-08-13 09:42:34.904176] [INFO] [BaseObject.py] [get_value] [37] 当前选择框中的值为：火花小
[2018-08-13 09:42:34.909176] [INFO] [Selector_new2.py] [select_by_text_list] [523] 通过选项文本设置选项
[2018-08-13 09:42:35.340201] [INFO] [BaseObject.py] [get_options] [53] ['局部补光不足', '延迟传回', '局部和全景补光不足', '局部横条纹', '局部竖条纹', '全景横条纹', '全景竖条纹', '局部和全景横条纹', '局部和全景竖条纹', '火花过爆', '惯导异常', '环境温度异常', '玻璃脏', '无火花', '火花小', '局部曝光过度', '全景曝光过度', '雨天红外成像效果差', '隧道红外成像效果差', '局部成像效果差', '全景成像效果差', '局部帧率不足', '全景帧率不足', '定位错误', 'IP改变无局部', 'IP改变无全景', '连接异常无局部', '连接异常无全景', '红外图像差', '延迟处理', '全景补光不足']
[2018-08-13 09:42:35.342201] [INFO] [BaseObject.py] [get_value] [36] 获取当前选择框中的值
[2018-08-13 09:42:35.352201] [INFO] [BaseObject.py] [get_value] [37] 当前选择框中的值为：火花小
[2018-08-13 09:42:35.359202] [INFO] [Selector_new2.py] [select_by_text_list] [523] 通过选项文本设置选项
[2018-08-13 09:42:38.993410] [INFO] [Selector_new2.py] [select_by_text_list] [540] 所设置的选项为：
[2018-08-13 09:42:38.995410] [INFO] [Selector_new2.py] [select_by_text_list] [541] ['火花小', '局部曝光过度', '全景曝光过度', '雨天红外成像效果差', '隧道红外成像效果差', '局部成像效果差']
[2018-08-13 09:42:39.063414] [INFO] [BaseObject.py] [get_value] [36] 获取当前选择框中的值
[2018-08-13 09:42:39.072414] [INFO] [BaseObject.py] [get_value] [37] 当前选择框中的值为：火花小,局部曝光过度,全景曝光过度,雨天红外成像效果差,隧道红外成像效果差,局部成像效果差
[2018-08-13 09:42:39.077414] [INFO] [Selector_new2.py] [clear_button_search] [643] 清除搜索框中的所有信息
[2018-08-13 09:42:39.511439] [INFO] [Selector_new2.py] [select_by_text_list] [540] 所设置的选项为：
[2018-08-13 09:42:39.512439] [INFO] [Selector_new2.py] [select_by_text_list] [541] ['火花小', '局部曝光过度', '全景曝光过度', '雨天红外成像效果差', '隧道红外成像效果差', '局部成像效果差']
[2018-08-13 09:42:39.580443] [INFO] [BaseObject.py] [get_value] [36] 获取当前选择框中的值
[2018-08-13 09:42:39.587444] [INFO] [BaseObject.py] [get_value] [37] 当前选择框中的值为：火花小,局部曝光过度,全景曝光过度,雨天红外成像效果差,隧道红外成像效果差,局部成像效果差
[2018-08-13 09:42:39.592444] [INFO] [Selector_new2.py] [clear_button_search] [643] 清除搜索框中的所有信息
[2018-08-13 09:45:10.089448] [INFO] [BaseObject.py] [get_options] [46] 获取所有选项：
[2018-08-13 09:45:11.053504] [INFO] [BaseObject.py] [get_options] [53] ['局部补光不足', '延迟传回', '局部和全景补光不足', '局部横条纹', '局部竖条纹', '全景横条纹', '全景竖条纹', '局部和全景横条纹', '局部和全景竖条纹', '火花过爆', '惯导异常', '环境温度异常', '玻璃脏', '无火花', '火花小', '局部曝光过度', '全景曝光过度', '雨天红外成像效果差', '隧道红外成像效果差', '局部成像效果差', '全景成像效果差', '局部帧率不足', '全景帧率不足', '定位错误', 'IP改变无局部', 'IP改变无全景', '连接异常无局部', '连接异常无全景', '红外图像差', '延迟处理', '全景补光不足']
[2018-08-13 09:45:11.053504] [INFO] [BaseObject.py] [get_value] [36] 获取当前选择框中的值
[2018-08-13 09:45:11.058504] [INFO] [BaseObject.py] [get_value] [37] 当前选择框中的值为：火花小
[2018-08-13 09:45:11.065504] [INFO] [Selector_new2.py] [select_by_text_list] [523] 通过选项文本设置选项
[2018-08-13 09:45:15.076734] [INFO] [Selector_new2.py] [select_by_text_list] [540] 所设置的选项为：
[2018-08-13 09:45:15.077734] [INFO] [Selector_new2.py] [select_by_text_list] [541] ['火花小', '局部曝光过度', '全景曝光过度', '雨天红外成像效果差', '隧道红外成像效果差', '局部成像效果差']
[2018-08-13 09:45:15.142737] [INFO] [BaseObject.py] [get_value] [36] 获取当前选择框中的值
[2018-08-13 09:45:15.151738] [INFO] [BaseObject.py] [get_value] [37] 当前选择框中的值为：火花小,局部曝光过度,全景曝光过度,雨天红外成像效果差,隧道红外成像效果差,局部成像效果差
[2018-08-13 09:45:15.156738] [INFO] [Selector_new2.py] [clear_button_search] [643] 清除搜索框中的所有信息
[2018-08-13 09:47:06.810124] [INFO] [BaseObject.py] [get_options] [46] 获取所有选项：
[2018-08-13 09:47:07.757179] [INFO] [BaseObject.py] [get_options] [53] ['局部补光不足', '延迟传回', '局部和全景补光不足', '局部横条纹', '局部竖条纹', '全景横条纹', '全景竖条纹', '局部和全景横条纹', '局部和全景竖条纹', '火花过爆', '惯导异常', '环境温度异常', '玻璃脏', '无火花', '火花小', '局部曝光过度', '全景曝光过度', '雨天红外成像效果差', '隧道红外成像效果差', '局部成像效果差', '全景成像效果差', '局部帧率不足', '全景帧率不足', '定位错误', 'IP改变无局部', 'IP改变无全景', '连接异常无局部', '连接异常无全景', '红外图像差', '延迟处理', '全景补光不足']
[2018-08-13 09:47:07.758179] [INFO] [BaseObject.py] [get_value] [36] 获取当前选择框中的值
[2018-08-13 09:47:07.764179] [INFO] [BaseObject.py] [get_value] [37] 当前选择框中的值为：火花小
[2018-08-13 09:47:07.772179] [INFO] [Selector_new2.py] [select_by_text_list] [523] 通过选项文本设置选项
[2018-08-13 09:47:11.795410] [INFO] [Selector_new2.py] [select_by_text_list] [540] 所设置的选项为：
[2018-08-13 09:47:11.795410] [INFO] [Selector_new2.py] [select_by_text_list] [541] ['火花小', '局部曝光过度', '全景曝光过度', '雨天红外成像效果差', '隧道红外成像效果差', '局部成像效果差']
[2018-08-13 09:47:11.877414] [INFO] [BaseObject.py] [get_value] [36] 获取当前选择框中的值
[2018-08-13 09:47:11.895415] [INFO] [BaseObject.py] [get_value] [37] 当前选择框中的值为：火花小,局部曝光过度,全景曝光过度,雨天红外成像效果差,隧道红外成像效果差,局部成像效果差
[2018-08-13 09:47:11.923417] [INFO] [Selector_new2.py] [clear_button_search] [643] 清除搜索框中的所有信息
[2018-08-13 09:48:09.527712] [INFO] [BaseObject.py] [get_options] [46] 获取所有选项：
[2018-08-13 09:48:10.543770] [INFO] [BaseObject.py] [get_options] [53] ['局部补光不足', '延迟传回', '局部和全景补光不足', '局部横条纹', '局部竖条纹', '全景横条纹', '全景竖条纹', '局部和全景横条纹', '局部和全景竖条纹', '火花过爆', '惯导异常', '环境温度异常', '玻璃脏', '无火花', '火花小', '局部曝光过度', '全景曝光过度', '雨天红外成像效果差', '隧道红外成像效果差', '局部成像效果差', '全景成像效果差', '局部帧率不足', '全景帧率不足', '定位错误', 'IP改变无局部', 'IP改变无全景', '连接异常无局部', '连接异常无全景', '红外图像差', '延迟处理', '全景补光不足']
[2018-08-13 09:48:10.544770] [INFO] [BaseObject.py] [get_value] [36] 获取当前选择框中的值
[2018-08-13 09:48:10.549770] [INFO] [BaseObject.py] [get_value] [37] 当前选择框中的值为：火花小
[2018-08-13 09:48:10.558771] [INFO] [Selector_new2.py] [select_by_text_list] [523] 通过选项文本设置选项
[2018-08-13 09:48:14.766011] [INFO] [Selector_new2.py] [select_by_text_list] [540] 所设置的选项为：
[2018-08-13 09:48:14.767011] [INFO] [Selector_new2.py] [select_by_text_list] [541] ['火花小', '局部曝光过度', '全景曝光过度', '雨天红外成像效果差', '隧道红外成像效果差', '局部成像效果差']
[2018-08-13 09:48:14.849016] [INFO] [BaseObject.py] [get_value] [36] 获取当前选择框中的值
[2018-08-13 09:48:14.945022] [INFO] [BaseObject.py] [get_value] [37] 当前选择框中的值为：火花小,局部曝光过度,全景曝光过度,雨天红外成像效果差,隧道红外成像效果差,局部成像效果差
[2018-08-13 09:48:14.966023] [INFO] [Selector_new2.py] [clear_button_search] [643] 清除搜索框中的所有信息
[2018-08-13 09:52:18.521953] [INFO] [BaseObject.py] [get_options] [46] 获取所有选项：
[2018-08-13 09:52:19.640017] [INFO] [BaseObject.py] [get_options] [53] ['局部补光不足', '延迟传回', '局部和全景补光不足', '局部横条纹', '局部竖条纹', '全景横条纹', '全景竖条纹', '局部和全景横条纹', '局部和全景竖条纹', '火花过爆', '惯导异常', '环境温度异常', '玻璃脏', '无火花', '火花小', '局部曝光过度', '全景曝光过度', '雨天红外成像效果差', '隧道红外成像效果差', '局部成像效果差', '全景成像效果差', '局部帧率不足', '全景帧率不足', '定位错误', 'IP改变无局部', 'IP改变无全景', '连接异常无局部', '连接异常无全景', '红外图像差', '延迟处理', '全景补光不足']
[2018-08-13 09:52:19.640017] [INFO] [BaseObject.py] [get_value] [36] 获取当前选择框中的值
[2018-08-13 09:52:19.645018] [INFO] [BaseObject.py] [get_value] [37] 当前选择框中的值为：火花小
[2018-08-13 09:52:19.655018] [INFO] [Selector_new2.py] [select_by_text_list] [523] 通过选项文本设置选项
[2018-08-13 09:52:24.160276] [INFO] [Selector_new2.py] [select_by_text_list] [540] 所设置的选项为：
[2018-08-13 09:52:24.161276] [INFO] [Selector_new2.py] [select_by_text_list] [541] ['火花小', '局部曝光过度', '全景曝光过度', '雨天红外成像效果差', '隧道红外成像效果差', '局部成像效果差']
[2018-08-13 09:52:24.262282] [INFO] [BaseObject.py] [get_value] [36] 获取当前选择框中的值
[2018-08-13 09:52:24.271282] [INFO] [BaseObject.py] [get_value] [37] 当前选择框中的值为：火花小,局部曝光过度,全景曝光过度,雨天红外成像效果差,隧道红外成像效果差,局部成像效果差
[2018-08-13 09:52:24.277283] [INFO] [Selector_new2.py] [clear_button_search] [643] 清除搜索框中的所有信息
[2018-08-13 09:53:28.230940] [INFO] [BaseObject.py] [get_options] [46] 获取所有选项：
[2018-08-13 09:53:29.762028] [INFO] [BaseObject.py] [get_options] [53] ['局部补光不足', '延迟传回', '局部和全景补光不足', '局部横条纹', '局部竖条纹', '全景横条纹', '全景竖条纹', '局部和全景横条纹', '局部和全景竖条纹', '火花过爆', '惯导异常', '环境温度异常', '玻璃脏', '无火花', '火花小', '局部曝光过度', '全景曝光过度', '雨天红外成像效果差', '隧道红外成像效果差', '局部成像效果差', '全景成像效果差', '局部帧率不足', '全景帧率不足', '定位错误', 'IP改变无局部', 'IP改变无全景', '连接异常无局部', '连接异常无全景', '红外图像差', '延迟处理', '全景补光不足']
[2018-08-13 09:53:29.764028] [INFO] [BaseObject.py] [get_value] [36] 获取当前选择框中的值
[2018-08-13 09:53:29.775029] [INFO] [BaseObject.py] [get_value] [37] 当前选择框中的值为：火花小
[2018-08-13 09:53:29.780029] [INFO] [Selector_new2.py] [select_by_text_list] [523] 通过选项文本设置选项
[2018-08-13 09:53:34.468297] [INFO] [Selector_new2.py] [select_by_text_list] [540] 所设置的选项为：
[2018-08-13 09:53:34.471297] [INFO] [Selector_new2.py] [select_by_text_list] [541] ['火花小', '局部曝光过度', '全景曝光过度', '雨天红外成像效果差', '隧道红外成像效果差', '局部成像效果差']
[2018-08-13 09:53:34.570303] [INFO] [BaseObject.py] [get_value] [36] 获取当前选择框中的值
[2018-08-13 09:53:34.582304] [INFO] [BaseObject.py] [get_value] [37] 当前选择框中的值为：火花小,局部曝光过度,全景曝光过度,雨天红外成像效果差,隧道红外成像效果差,局部成像效果差
[2018-08-13 09:53:34.602305] [INFO] [Selector_new2.py] [clear_button_search] [643] 清除搜索框中的所有信息
[2018-08-13 09:54:45.920384] [INFO] [BaseObject.py] [get_options] [46] 获取所有选项：
[2018-08-13 09:54:47.555478] [INFO] [BaseObject.py] [get_options] [53] ['局部补光不足', '延迟传回', '局部和全景补光不足', '局部横条纹', '局部竖条纹', '全景横条纹', '全景竖条纹', '局部和全景横条纹', '局部和全景竖条纹', '火花过爆', '惯导异常', '环境温度异常', '玻璃脏', '无火花', '火花小', '局部曝光过度', '全景曝光过度', '雨天红外成像效果差', '隧道红外成像效果差', '局部成像效果差', '全景成像效果差', '局部帧率不足', '全景帧率不足', '定位错误', 'IP改变无局部', 'IP改变无全景', '连接异常无局部', '连接异常无全景', '红外图像差', '延迟处理', '全景补光不足']
[2018-08-13 09:54:47.555478] [INFO] [BaseObject.py] [get_value] [36] 获取当前选择框中的值
[2018-08-13 09:54:47.602480] [INFO] [BaseObject.py] [get_value] [37] 当前选择框中的值为：火花小
[2018-08-13 09:54:47.655483] [INFO] [Selector_new2.py] [select_by_text_list] [523] 通过选项文本设置选项
[2018-08-13 09:54:54.339866] [INFO] [Selector_new2.py] [select_by_text_list] [540] 所设置的选项为：
[2018-08-13 09:54:54.341866] [INFO] [Selector_new2.py] [select_by_text_list] [541] ['火花小', '局部曝光过度', '全景曝光过度', '雨天红外成像效果差', '隧道红外成像效果差', '局部成像效果差']
[2018-08-13 09:54:54.758890] [INFO] [BaseObject.py] [get_value] [36] 获取当前选择框中的值
[2018-08-13 09:54:54.809892] [INFO] [BaseObject.py] [get_value] [37] 当前选择框中的值为：火花小,局部曝光过度,全景曝光过度,雨天红外成像效果差,隧道红外成像效果差,局部成像效果差
[2018-08-13 09:54:54.826893] [INFO] [Selector_new2.py] [clear_button_search] [643] 清除搜索框中的所有信息
[2018-08-13 09:56:04.909902] [INFO] [BaseObject.py] [get_options] [46] 获取所有选项：
[2018-08-13 09:56:06.995021] [INFO] [BaseObject.py] [get_options] [53] ['局部补光不足', '延迟传回', '局部和全景补光不足', '局部横条纹', '局部竖条纹', '全景横条纹', '全景竖条纹', '局部和全景横条纹', '局部和全景竖条纹', '火花过爆', '惯导异常', '环境温度异常', '玻璃脏', '无火花', '火花小', '局部曝光过度', '全景曝光过度', '雨天红外成像效果差', '隧道红外成像效果差', '局部成像效果差', '全景成像效果差', '局部帧率不足', '全景帧率不足', '定位错误', 'IP改变无局部', 'IP改变无全景', '连接异常无局部', '连接异常无全景', '红外图像差', '延迟处理', '全景补光不足']
[2018-08-13 09:56:06.996021] [INFO] [BaseObject.py] [get_value] [36] 获取当前选择框中的值
[2018-08-13 09:56:07.016022] [INFO] [BaseObject.py] [get_value] [37] 当前选择框中的值为：火花小
[2018-08-13 09:56:07.053025] [INFO] [Selector_new2.py] [select_by_text_list] [523] 通过选项文本设置选项
[2018-08-13 09:56:14.298439] [INFO] [Selector_new2.py] [select_by_text_list] [540] 所设置的选项为：
[2018-08-13 09:56:14.299439] [INFO] [Selector_new2.py] [select_by_text_list] [541] ['火花小', '局部曝光过度', '全景曝光过度', '雨天红外成像效果差', '隧道红外成像效果差', '局部成像效果差']
[2018-08-13 09:56:14.584455] [INFO] [BaseObject.py] [get_value] [36] 获取当前选择框中的值
[2018-08-13 09:56:14.718463] [INFO] [BaseObject.py] [get_value] [37] 当前选择框中的值为：火花小,局部曝光过度,全景曝光过度,雨天红外成像效果差,隧道红外成像效果差,局部成像效果差
[2018-08-13 09:56:14.779466] [INFO] [Selector_new2.py] [clear_button_search] [643] 清除搜索框中的所有信息
[2018-08-13 10:14:27.034110] [INFO] [BaseObject.py] [get_options] [46] 获取所有选项：
[2018-08-13 10:14:28.006165] [INFO] [BaseObject.py] [get_options] [53] ['局部补光不足', '延迟传回', '局部和全景补光不足', '局部横条纹', '局部竖条纹', '全景横条纹', '全景竖条纹', '局部和全景横条纹', '局部和全景竖条纹', '火花过爆', '惯导异常', '环境温度异常', '玻璃脏', '无火花', '火花小', '局部曝光过度', '全景曝光过度', '雨天红外成像效果差', '隧道红外成像效果差', '局部成像效果差', '全景成像效果差', '局部帧率不足', '全景帧率不足', '定位错误', 'IP改变无局部', 'IP改变无全景', '连接异常无局部', '连接异常无全景', '红外图像差', '延迟处理', '全景补光不足']
[2018-08-13 10:14:28.007165] [INFO] [BaseObject.py] [get_value] [36] 获取当前选择框中的值
[2018-08-13 10:14:28.016166] [INFO] [BaseObject.py] [get_value] [37] 当前选择框中的值为：火花小
[2018-08-13 10:14:28.021166] [INFO] [Selector_new2.py] [select_by_text_list] [523] 通过选项文本设置选项
[2018-08-13 10:14:32.025395] [INFO] [Selector_new2.py] [select_by_text_list] [540] 所设置的选项为：
[2018-08-13 10:14:32.026395] [INFO] [Selector_new2.py] [select_by_text_list] [541] ['火花小', '局部曝光过度', '全景曝光过度', '雨天红外成像效果差', '隧道红外成像效果差', '局部成像效果差']
[2018-08-13 10:14:32.093399] [INFO] [BaseObject.py] [get_value] [36] 获取当前选择框中的值
[2018-08-13 10:14:32.101399] [INFO] [BaseObject.py] [get_value] [37] 当前选择框中的值为：火花小,局部曝光过度,全景曝光过度,雨天红外成像效果差,隧道红外成像效果差,局部成像效果差
[2018-08-13 10:17:29.801865] [INFO] [Selector_new2.py] [clear_button_search] [643] 清除搜索框中的所有信息
[2018-08-13 10:22:04.300526] [INFO] [BaseObject.py] [get_options] [46] 获取所有选项：
[2018-08-13 10:22:05.265581] [INFO] [BaseObject.py] [get_options] [53] ['局部补光不足', '延迟传回', '局部和全景补光不足', '局部横条纹', '局部竖条纹', '全景横条纹', '全景竖条纹', '局部和全景横条纹', '局部和全景竖条纹', '火花过爆', '惯导异常', '环境温度异常', '玻璃脏', '无火花', '火花小', '局部曝光过度', '全景曝光过度', '雨天红外成像效果差', '隧道红外成像效果差', '局部成像效果差', '全景成像效果差', '局部帧率不足', '全景帧率不足', '定位错误', 'IP改变无局部', 'IP改变无全景', '连接异常无局部', '连接异常无全景', '红外图像差', '延迟处理', '全景补光不足']
[2018-08-13 10:22:05.266581] [INFO] [BaseObject.py] [get_value] [36] 获取当前选择框中的值
[2018-08-13 10:22:05.273582] [INFO] [BaseObject.py] [get_value] [37] 当前选择框中的值为：火花小
[2018-08-13 10:22:05.279582] [INFO] [Selector_new2.py] [select_by_text_list] [523] 通过选项文本设置选项
[2018-08-13 10:22:09.035797] [INFO] [Selector_new2.py] [select_by_text_list] [540] 所设置的选项为：
[2018-08-13 10:22:09.036797] [INFO] [Selector_new2.py] [select_by_text_list] [541] ['火花小', '局部曝光过度', '全景曝光过度', '雨天红外成像效果差', '隧道红外成像效果差', '局部成像效果差']
[2018-08-13 10:22:09.103801] [INFO] [BaseObject.py] [get_value] [36] 获取当前选择框中的值
[2018-08-13 10:22:09.111801] [INFO] [BaseObject.py] [get_value] [37] 当前选择框中的值为：火花小,局部曝光过度,全景曝光过度,雨天红外成像效果差,隧道红外成像效果差,局部成像效果差
[2018-08-13 10:22:14.551113] [INFO] [Selector_new2.py] [clear_button_search] [644] 清除搜索框中的所有信息
[2018-08-13 12:56:23.951148] [INFO] [BaseObject.py] [get_options] [46] 获取所有选项：
[2018-08-13 12:56:24.886201] [INFO] [BaseObject.py] [get_options] [53] ['局部补光不足', '延迟传回', '局部和全景补光不足', '局部横条纹', '局部竖条纹', '全景横条纹', '全景竖条纹', '局部和全景横条纹', '局部和全景竖条纹', '火花过爆', '惯导异常', '环境温度异常', '玻璃脏', '无火花', '火花小', '局部曝光过度', '全景曝光过度', '雨天红外成像效果差', '隧道红外成像效果差', '局部成像效果差', '全景成像效果差', '局部帧率不足', '全景帧率不足', '定位错误', 'IP改变无局部', 'IP改变无全景', '连接异常无局部', '连接异常无全景', '红外图像差', '延迟处理', '全景补光不足']
[2018-08-13 12:56:24.887201] [INFO] [BaseObject.py] [get_value] [36] 获取当前选择框中的值
[2018-08-13 12:56:24.896202] [INFO] [BaseObject.py] [get_value] [37] 当前选择框中的值为：火花小
[2018-08-13 12:57:14.349031] [INFO] [BaseObject.py] [get_options] [46] 获取所有选项：
[2018-08-13 12:57:15.383090] [INFO] [BaseObject.py] [get_options] [53] ['局部补光不足', '延迟传回', '局部和全景补光不足', '局部横条纹', '局部竖条纹', '全景横条纹', '全景竖条纹', '局部和全景横条纹', '局部和全景竖条纹', '火花过爆', '惯导异常', '环境温度异常', '玻璃脏', '无火花', '火花小', '局部曝光过度', '全景曝光过度', '雨天红外成像效果差', '隧道红外成像效果差', '局部成像效果差', '全景成像效果差', '局部帧率不足', '全景帧率不足', '定位错误', 'IP改变无局部', 'IP改变无全景', '连接异常无局部', '连接异常无全景', '红外图像差', '延迟处理', '全景补光不足']
[2018-08-13 12:57:15.384090] [INFO] [BaseObject.py] [get_value] [36] 获取当前选择框中的值
[2018-08-13 12:57:15.390090] [INFO] [BaseObject.py] [get_value] [37] 当前选择框中的值为：火花小
[2018-08-13 12:58:12.540359] [INFO] [BaseObject.py] [get_options] [46] 获取所有选项：
[2018-08-13 12:58:13.568418] [INFO] [BaseObject.py] [get_options] [53] ['局部补光不足', '延迟传回', '局部和全景补光不足', '局部横条纹', '局部竖条纹', '全景横条纹', '全景竖条纹', '局部和全景横条纹', '局部和全景竖条纹', '火花过爆', '惯导异常', '环境温度异常', '玻璃脏', '无火花', '火花小', '局部曝光过度', '全景曝光过度', '雨天红外成像效果差', '隧道红外成像效果差', '局部成像效果差', '全景成像效果差', '局部帧率不足', '全景帧率不足', '定位错误', 'IP改变无局部', 'IP改变无全景', '连接异常无局部', '连接异常无全景', '红外图像差', '延迟处理', '全景补光不足']
[2018-08-13 12:58:13.569418] [INFO] [BaseObject.py] [get_value] [36] 获取当前选择框中的值
[2018-08-13 12:58:13.574418] [INFO] [BaseObject.py] [get_value] [37] 当前选择框中的值为：火花小
[2018-08-13 12:58:15.671538] [INFO] [Selector_new2.py] [_select_by_order_list] [490] 通过元素在HTML中的顺序orderlist[]设置选项
[2018-08-13 12:58:16.234570] [INFO] [Selector_new2.py] [_select_by_order_list] [506] 所设置的选项为：
[2018-08-13 12:58:16.235570] [INFO] [Selector_new2.py] [_select_by_order_list] [507] ['局部竖条纹', '局部和全景横条纹', '延迟传回', '局部和全景补光不足']
[2018-08-13 12:58:16.295574] [INFO] [BaseObject.py] [get_value] [36] 获取当前选择框中的值
[2018-08-13 12:58:16.302574] [INFO] [BaseObject.py] [get_value] [37] 当前选择框中的值为：延迟传回,局部和全景补光不足,局部竖条纹,局部和全景横条纹
[2018-08-13 12:58:21.700883] [INFO] [Selector_new2.py] [clear_button_search] [654] 清除搜索框中的所有信息
[2018-08-13 12:59:08.550562] [INFO] [BaseObject.py] [get_options] [46] 获取所有选项：
[2018-08-13 12:59:09.536619] [INFO] [BaseObject.py] [get_options] [53] ['局部补光不足', '延迟传回', '局部和全景补光不足', '局部横条纹', '局部竖条纹', '全景横条纹', '全景竖条纹', '局部和全景横条纹', '局部和全景竖条纹', '火花过爆', '惯导异常', '环境温度异常', '玻璃脏', '无火花', '火花小', '局部曝光过度', '全景曝光过度', '雨天红外成像效果差', '隧道红外成像效果差', '局部成像效果差', '全景成像效果差', '局部帧率不足', '全景帧率不足', '定位错误', 'IP改变无局部', 'IP改变无全景', '连接异常无局部', '连接异常无全景', '红外图像差', '延迟处理', '全景补光不足']
[2018-08-13 12:59:09.538619] [INFO] [BaseObject.py] [get_value] [36] 获取当前选择框中的值
[2018-08-13 12:59:09.550620] [INFO] [BaseObject.py] [get_value] [37] 当前选择框中的值为：火花小
[2018-08-13 12:59:40.325380] [INFO] [Selector_new2.py] [_select_by_order_list] [490] 通过元素在HTML中的顺序orderlist[]设置选项
[2018-08-13 13:00:16.760464] [INFO] [Selector_new2.py] [_select_by_order_list] [506] 所设置的选项为：
[2018-08-13 13:00:16.765464] [INFO] [Selector_new2.py] [_select_by_order_list] [507] ['局部竖条纹', '局部和全景横条纹', '延迟传回', '局部和全景补光不足']
[2018-08-13 13:09:44.376930] [INFO] [BaseObject.py] [get_options] [46] 获取所有选项：
[2018-08-13 13:09:45.402988] [INFO] [BaseObject.py] [get_options] [53] ['局部补光不足', '延迟传回', '局部和全景补光不足', '局部横条纹', '局部竖条纹', '全景横条纹', '全景竖条纹', '局部和全景横条纹', '局部和全景竖条纹', '火花过爆', '惯导异常', '环境温度异常', '玻璃脏', '无火花', '火花小', '局部曝光过度', '全景曝光过度', '雨天红外成像效果差', '隧道红外成像效果差', '局部成像效果差', '全景成像效果差', '局部帧率不足', '全景帧率不足', '定位错误', 'IP改变无局部', 'IP改变无全景', '连接异常无局部', '连接异常无全景', '红外图像差', '延迟处理', '全景补光不足']
[2018-08-13 13:09:45.403988] [INFO] [BaseObject.py] [get_value] [36] 获取当前选择框中的值
[2018-08-13 13:09:45.414989] [INFO] [BaseObject.py] [get_value] [37] 当前选择框中的值为：火花小
[2018-08-13 13:09:45.419989] [INFO] [BaseObject.py] [get_value] [36] 获取当前选择框中的值
[2018-08-13 13:09:45.422990] [INFO] [BaseObject.py] [get_value] [37] 当前选择框中的值为：火花小
[2018-08-13 13:09:45.432990] [INFO] [Selector_new2.py] [select_key_search_order] [690] 在搜索框中输入关键字：
[2018-08-13 13:10:35.634861] [INFO] [BaseObject.py] [get_options] [46] 获取所有选项：
[2018-08-13 13:10:36.603917] [INFO] [BaseObject.py] [get_options] [53] ['局部补光不足', '延迟传回', '局部和全景补光不足', '局部横条纹', '局部竖条纹', '全景横条纹', '全景竖条纹', '局部和全景横条纹', '局部和全景竖条纹', '火花过爆', '惯导异常', '环境温度异常', '玻璃脏', '无火花', '火花小', '局部曝光过度', '全景曝光过度', '雨天红外成像效果差', '隧道红外成像效果差', '局部成像效果差', '全景成像效果差', '局部帧率不足', '全景帧率不足', '定位错误', 'IP改变无局部', 'IP改变无全景', '连接异常无局部', '连接异常无全景', '红外图像差', '延迟处理', '全景补光不足']
[2018-08-13 13:10:36.604917] [INFO] [BaseObject.py] [get_value] [36] 获取当前选择框中的值
[2018-08-13 13:10:36.615918] [INFO] [BaseObject.py] [get_value] [37] 当前选择框中的值为：火花小
[2018-08-13 13:10:36.622918] [INFO] [BaseObject.py] [get_value] [36] 获取当前选择框中的值
[2018-08-13 13:10:36.634919] [INFO] [BaseObject.py] [get_value] [37] 当前选择框中的值为：火花小
[2018-08-13 13:11:14.642093] [INFO] [Selector_new2.py] [select_key_search_order] [690] 在搜索框中输入关键字：
[2018-08-13 13:13:08.557608] [INFO] [BaseObject.py] [get_options] [46] 获取所有选项：
[2018-08-13 13:13:09.588667] [INFO] [BaseObject.py] [get_options] [53] ['局部补光不足', '延迟传回', '局部和全景补光不足', '局部横条纹', '局部竖条纹', '全景横条纹', '全景竖条纹', '局部和全景横条纹', '局部和全景竖条纹', '火花过爆', '惯导异常', '环境温度异常', '玻璃脏', '无火花', '火花小', '局部曝光过度', '全景曝光过度', '雨天红外成像效果差', '隧道红外成像效果差', '局部成像效果差', '全景成像效果差', '局部帧率不足', '全景帧率不足', '定位错误', 'IP改变无局部', 'IP改变无全景', '连接异常无局部', '连接异常无全景', '红外图像差', '延迟处理', '全景补光不足']
[2018-08-13 13:13:09.591667] [INFO] [BaseObject.py] [get_value] [36] 获取当前选择框中的值
[2018-08-13 13:13:09.601668] [INFO] [BaseObject.py] [get_value] [37] 当前选择框中的值为：火花小
[2018-08-13 13:13:09.615669] [INFO] [BaseObject.py] [get_value] [36] 获取当前选择框中的值
[2018-08-13 13:13:09.620669] [INFO] [BaseObject.py] [get_value] [37] 当前选择框中的值为：火花小
[2018-08-13 13:13:15.632013] [INFO] [Selector_new2.py] [select_key_search_order] [690] 在搜索框中输入关键字：
[2018-08-13 13:15:45.156565] [INFO] [BaseObject.py] [get_options] [46] 获取所有选项：
[2018-08-13 13:15:46.165623] [INFO] [BaseObject.py] [get_options] [53] ['局部补光不足', '延迟传回', '局部和全景补光不足', '局部横条纹', '局部竖条纹', '全景横条纹', '全景竖条纹', '局部和全景横条纹', '局部和全景竖条纹', '火花过爆', '惯导异常', '环境温度异常', '玻璃脏', '无火花', '火花小', '局部曝光过度', '全景曝光过度', '雨天红外成像效果差', '隧道红外成像效果差', '局部成像效果差', '全景成像效果差', '局部帧率不足', '全景帧率不足', '定位错误', 'IP改变无局部', 'IP改变无全景', '连接异常无局部', '连接异常无全景', '红外图像差', '延迟处理', '全景补光不足']
[2018-08-13 13:15:46.166623] [INFO] [BaseObject.py] [get_value] [36] 获取当前选择框中的值
[2018-08-13 13:15:46.177623] [INFO] [BaseObject.py] [get_value] [37] 当前选择框中的值为：火花小
[2018-08-13 13:15:46.182624] [INFO] [BaseObject.py] [get_value] [36] 获取当前选择框中的值
[2018-08-13 13:15:46.186624] [INFO] [BaseObject.py] [get_value] [37] 当前选择框中的值为：火花小
[2018-08-13 13:15:46.198625] [INFO] [Selector_new2.py] [select_key_search_order] [690] 在搜索框中输入关键字：
[2018-08-13 13:17:31.456645] [INFO] [BaseObject.py] [get_options] [46] 获取所有选项：
[2018-08-13 13:17:32.467703] [INFO] [BaseObject.py] [get_options] [53] ['局部补光不足', '延迟传回', '局部和全景补光不足', '局部横条纹', '局部竖条纹', '全景横条纹', '全景竖条纹', '局部和全景横条纹', '局部和全景竖条纹', '火花过爆', '惯导异常', '环境温度异常', '玻璃脏', '无火花', '火花小', '局部曝光过度', '全景曝光过度', '雨天红外成像效果差', '隧道红外成像效果差', '局部成像效果差', '全景成像效果差', '局部帧率不足', '全景帧率不足', '定位错误', 'IP改变无局部', 'IP改变无全景', '连接异常无局部', '连接异常无全景', '红外图像差', '延迟处理', '全景补光不足']
[2018-08-13 13:17:32.468703] [INFO] [BaseObject.py] [get_value] [36] 获取当前选择框中的值
[2018-08-13 13:17:32.478704] [INFO] [BaseObject.py] [get_value] [37] 当前选择框中的值为：火花小
[2018-08-13 13:17:32.482704] [INFO] [BaseObject.py] [get_value] [36] 获取当前选择框中的值
[2018-08-13 13:17:32.487704] [INFO] [BaseObject.py] [get_value] [37] 当前选择框中的值为：火花小
[2018-08-13 13:17:32.498705] [INFO] [Selector_new2.py] [select_key_search_order] [690] 在搜索框中输入关键字：
[2018-08-13 13:18:04.053510] [INFO] [Selector_new2.py] [_select_by_order_list] [490] 通过元素在HTML中的顺序orderlist[]设置选项
[2018-08-13 13:21:03.862794] [INFO] [BaseObject.py] [get_options] [46] 获取所有选项：
[2018-08-13 13:21:05.247873] [INFO] [BaseObject.py] [get_options] [53] ['局部补光不足', '延迟传回', '局部和全景补光不足', '局部横条纹', '局部竖条纹', '全景横条纹', '全景竖条纹', '局部和全景横条纹', '局部和全景竖条纹', '火花过爆', '惯导异常', '环境温度异常', '玻璃脏', '无火花', '火花小', '局部曝光过度', '全景曝光过度', '雨天红外成像效果差', '隧道红外成像效果差', '局部成像效果差', '全景成像效果差', '局部帧率不足', '全景帧率不足', '定位错误', 'IP改变无局部', 'IP改变无全景', '连接异常无局部', '连接异常无全景', '红外图像差', '延迟处理', '全景补光不足']
[2018-08-13 13:21:05.249873] [INFO] [BaseObject.py] [get_value] [36] 获取当前选择框中的值
[2018-08-13 13:21:05.259874] [INFO] [BaseObject.py] [get_value] [37] 当前选择框中的值为：火花小
[2018-08-13 13:21:05.265874] [INFO] [BaseObject.py] [get_value] [36] 获取当前选择框中的值
[2018-08-13 13:21:05.272875] [INFO] [BaseObject.py] [get_value] [37] 当前选择框中的值为：火花小
[2018-08-13 13:21:05.280875] [INFO] [Selector_new2.py] [select_key_search_order] [690] 在搜索框中输入关键字, 并根据orderlist选择对应选项
[2018-08-13 13:21:10.787190] [INFO] [Selector_new2.py] [_select_by_order_list] [490] 通过元素在HTML中的顺序orderlist[]设置选项
[2018-08-13 13:27:50.026025] [INFO] [BaseObject.py] [get_options] [46] 获取所有选项：
[2018-08-13 13:27:50.994081] [INFO] [BaseObject.py] [get_options] [53] ['局部补光不足', '延迟传回', '局部和全景补光不足', '局部横条纹', '局部竖条纹', '全景横条纹', '全景竖条纹', '局部和全景横条纹', '局部和全景竖条纹', '火花过爆', '惯导异常', '环境温度异常', '玻璃脏', '无火花', '火花小', '局部曝光过度', '全景曝光过度', '雨天红外成像效果差', '隧道红外成像效果差', '局部成像效果差', '全景成像效果差', '局部帧率不足', '全景帧率不足', '定位错误', 'IP改变无局部', 'IP改变无全景', '连接异常无局部', '连接异常无全景', '红外图像差', '延迟处理', '全景补光不足']
[2018-08-13 13:27:50.995081] [INFO] [BaseObject.py] [get_value] [36] 获取当前选择框中的值
[2018-08-13 13:27:51.005081] [INFO] [BaseObject.py] [get_value] [37] 当前选择框中的值为：火花小
[2018-08-13 13:27:51.011082] [INFO] [BaseObject.py] [get_value] [36] 获取当前选择框中的值
[2018-08-13 13:27:51.017082] [INFO] [BaseObject.py] [get_value] [37] 当前选择框中的值为：火花小
[2018-08-13 13:28:11.941279] [INFO] [Selector_new2.py] [select_key_search_order] [690] 在搜索框中输入关键字, 并根据orderlist选择对应选项
[2018-08-13 13:29:03.928252] [INFO] [Selector_new2.py] [_select_by_order_list] [490] 通过元素在HTML中的顺序orderlist[]设置选项
[2018-08-13 13:32:44.854889] [INFO] [BaseObject.py] [get_options] [46] 获取所有选项：
[2018-08-13 13:32:45.819944] [INFO] [BaseObject.py] [get_options] [53] ['局部补光不足', '延迟传回', '局部和全景补光不足', '局部横条纹', '局部竖条纹', '全景横条纹', '全景竖条纹', '局部和全景横条纹', '局部和全景竖条纹', '火花过爆', '惯导异常', '环境温度异常', '玻璃脏', '无火花', '火花小', '局部曝光过度', '全景曝光过度', '雨天红外成像效果差', '隧道红外成像效果差', '局部成像效果差', '全景成像效果差', '局部帧率不足', '全景帧率不足', '定位错误', 'IP改变无局部', 'IP改变无全景', '连接异常无局部', '连接异常无全景', '红外图像差', '延迟处理', '全景补光不足']
[2018-08-13 13:32:45.820944] [INFO] [BaseObject.py] [get_value] [36] 获取当前选择框中的值
[2018-08-13 13:32:45.830944] [INFO] [BaseObject.py] [get_value] [37] 当前选择框中的值为：火花小
[2018-08-13 13:32:45.835945] [INFO] [BaseObject.py] [get_value] [36] 获取当前选择框中的值
[2018-08-13 13:32:45.840945] [INFO] [BaseObject.py] [get_value] [37] 当前选择框中的值为：火花小
[2018-08-13 13:32:51.571273] [INFO] [Selector_new2.py] [select_key_search_order] [691] 在搜索框中输入关键字, 并根据orderlist选择对应选项
[2018-08-13 13:33:00.336774] [INFO] [Selector_new2.py] [_select_by_order_list] [491] 通过元素在HTML中的顺序orderlist[]设置选项
[2018-08-13 13:37:41.792329] [INFO] [BaseObject.py] [get_options] [46] 获取所有选项：
[2018-08-13 13:37:42.780385] [INFO] [BaseObject.py] [get_options] [53] ['局部补光不足', '延迟传回', '局部和全景补光不足', '局部横条纹', '局部竖条纹', '全景横条纹', '全景竖条纹', '局部和全景横条纹', '局部和全景竖条纹', '火花过爆', '惯导异常', '环境温度异常', '玻璃脏', '无火花', '火花小', '局部曝光过度', '全景曝光过度', '雨天红外成像效果差', '隧道红外成像效果差', '局部成像效果差', '全景成像效果差', '局部帧率不足', '全景帧率不足', '定位错误', 'IP改变无局部', 'IP改变无全景', '连接异常无局部', '连接异常无全景', '红外图像差', '延迟处理', '全景补光不足']
[2018-08-13 13:37:42.781385] [INFO] [BaseObject.py] [get_value] [36] 获取当前选择框中的值
[2018-08-13 13:37:42.792386] [INFO] [BaseObject.py] [get_value] [37] 当前选择框中的值为：火花小
[2018-08-13 13:37:42.797386] [INFO] [BaseObject.py] [get_value] [36] 获取当前选择框中的值
[2018-08-13 13:37:42.809387] [INFO] [BaseObject.py] [get_value] [37] 当前选择框中的值为：火花小
[2018-08-13 13:37:42.815387] [INFO] [Selector_new2.py] [select_key_search_order] [692] 在搜索框中输入关键字, 并根据orderlist选择对应选项
[2018-08-13 13:37:48.248698] [INFO] [Selector_new2.py] [_select_by_order_list] [492] 通过元素在HTML中的顺序orderlist[]设置选项
[2018-08-13 13:41:35.026669] [INFO] [BaseObject.py] [get_options] [46] 获取所有选项：
[2018-08-13 13:41:36.033727] [INFO] [BaseObject.py] [get_options] [53] ['局部补光不足', '延迟传回', '局部和全景补光不足', '局部横条纹', '局部竖条纹', '全景横条纹', '全景竖条纹', '局部和全景横条纹', '局部和全景竖条纹', '火花过爆', '惯导异常', '环境温度异常', '玻璃脏', '无火花', '火花小', '局部曝光过度', '全景曝光过度', '雨天红外成像效果差', '隧道红外成像效果差', '局部成像效果差', '全景成像效果差', '局部帧率不足', '全景帧率不足', '定位错误', 'IP改变无局部', 'IP改变无全景', '连接异常无局部', '连接异常无全景', '红外图像差', '延迟处理', '全景补光不足']
[2018-08-13 13:41:36.035727] [INFO] [BaseObject.py] [get_value] [36] 获取当前选择框中的值
[2018-08-13 13:41:36.046727] [INFO] [BaseObject.py] [get_value] [37] 当前选择框中的值为：火花小
[2018-08-13 13:41:38.127846] [INFO] [Selector_new2.py] [_select_by_order_list] [492] 通过元素在HTML中的顺序orderlist[]设置选项
[2018-08-13 13:47:24.691669] [INFO] [BaseObject.py] [get_options] [46] 获取所有选项：
[2018-08-13 13:47:25.693726] [INFO] [BaseObject.py] [get_options] [53] ['局部补光不足', '延迟传回', '局部和全景补光不足', '局部横条纹', '局部竖条纹', '全景横条纹', '全景竖条纹', '局部和全景横条纹', '局部和全景竖条纹', '火花过爆', '惯导异常', '环境温度异常', '玻璃脏', '无火花', '火花小', '局部曝光过度', '全景曝光过度', '雨天红外成像效果差', '隧道红外成像效果差', '局部成像效果差', '全景成像效果差', '局部帧率不足', '全景帧率不足', '定位错误', 'IP改变无局部', 'IP改变无全景', '连接异常无局部', '连接异常无全景', '红外图像差', '延迟处理', '全景补光不足']
[2018-08-13 13:47:25.694726] [INFO] [BaseObject.py] [get_value] [36] 获取当前选择框中的值
[2018-08-13 13:47:25.706727] [INFO] [BaseObject.py] [get_value] [37] 当前选择框中的值为：火花小
[2018-08-13 13:47:27.829848] [INFO] [Selector_new2.py] [_select_by_order_list] [492] 通过元素在HTML中的顺序orderlist[]设置选项
[2018-08-13 13:49:44.049640] [INFO] [BaseObject.py] [get_options] [46] 获取所有选项：
[2018-08-13 13:49:45.053697] [INFO] [BaseObject.py] [get_options] [53] ['局部补光不足', '延迟传回', '局部和全景补光不足', '局部横条纹', '局部竖条纹', '全景横条纹', '全景竖条纹', '局部和全景横条纹', '局部和全景竖条纹', '火花过爆', '惯导异常', '环境温度异常', '玻璃脏', '无火花', '火花小', '局部曝光过度', '全景曝光过度', '雨天红外成像效果差', '隧道红外成像效果差', '局部成像效果差', '全景成像效果差', '局部帧率不足', '全景帧率不足', '定位错误', 'IP改变无局部', 'IP改变无全景', '连接异常无局部', '连接异常无全景', '红外图像差', '延迟处理', '全景补光不足']
[2018-08-13 13:49:45.054697] [INFO] [BaseObject.py] [get_value] [36] 获取当前选择框中的值
[2018-08-13 13:49:45.064698] [INFO] [BaseObject.py] [get_value] [37] 当前选择框中的值为：火花小
[2018-08-13 13:49:45.070698] [INFO] [BaseObject.py] [get_value] [36] 获取当前选择框中的值
[2018-08-13 13:49:45.076698] [INFO] [BaseObject.py] [get_value] [37] 当前选择框中的值为：火花小
[2018-08-13 13:49:45.086699] [INFO] [Selector_new2.py] [select_key_search_order] [692] 在搜索框中输入关键字, 并根据orderlist选择对应选项
[2018-08-13 13:49:50.464006] [INFO] [Selector_new2.py] [_select_by_order_list] [492] 通过元素在HTML中的顺序orderlist[]设置选项
[2018-08-13 14:10:16.001103] [INFO] [BaseObject.py] [get_options] [46] 获取所有选项：
[2018-08-13 14:10:16.956158] [INFO] [BaseObject.py] [get_options] [53] ['局部补光不足', '延迟传回', '局部和全景补光不足', '局部横条纹', '局部竖条纹', '全景横条纹', '全景竖条纹', '局部和全景横条纹', '局部和全景竖条纹', '火花过爆', '惯导异常', '环境温度异常', '玻璃脏', '无火花', '火花小', '局部曝光过度', '全景曝光过度', '雨天红外成像效果差', '隧道红外成像效果差', '局部成像效果差', '全景成像效果差', '局部帧率不足', '全景帧率不足', '定位错误', 'IP改变无局部', 'IP改变无全景', '连接异常无局部', '连接异常无全景', '红外图像差', '延迟处理', '全景补光不足']
[2018-08-13 14:10:16.957158] [INFO] [BaseObject.py] [get_value] [36] 获取当前选择框中的值
[2018-08-13 14:10:16.968158] [INFO] [BaseObject.py] [get_value] [37] 当前选择框中的值为：火花小
[2018-08-13 14:10:16.992160] [INFO] [BaseObject.py] [get_value] [36] 获取当前选择框中的值
[2018-08-13 14:10:17.011161] [INFO] [BaseObject.py] [get_value] [37] 当前选择框中的值为：火花小
[2018-08-13 14:10:17.025162] [INFO] [Selector_new2.py] [select_key_search_order] [694] 在搜索框中输入关键字, 并根据orderlist选择对应选项
[2018-08-13 14:13:43.837421] [INFO] [BaseObject.py] [get_options] [46] 获取所有选项：
[2018-08-13 14:13:44.819477] [INFO] [BaseObject.py] [get_options] [53] ['局部补光不足', '延迟传回', '局部和全景补光不足', '局部横条纹', '局部竖条纹', '全景横条纹', '全景竖条纹', '局部和全景横条纹', '局部和全景竖条纹', '火花过爆', '惯导异常', '环境温度异常', '玻璃脏', '无火花', '火花小', '局部曝光过度', '全景曝光过度', '雨天红外成像效果差', '隧道红外成像效果差', '局部成像效果差', '全景成像效果差', '局部帧率不足', '全景帧率不足', '定位错误', 'IP改变无局部', 'IP改变无全景', '连接异常无局部', '连接异常无全景', '红外图像差', '延迟处理', '全景补光不足']
[2018-08-13 14:13:44.820477] [INFO] [BaseObject.py] [get_value] [36] 获取当前选择框中的值
[2018-08-13 14:13:44.826478] [INFO] [BaseObject.py] [get_value] [37] 当前选择框中的值为：火花小
[2018-08-13 14:13:44.835478] [INFO] [BaseObject.py] [get_value] [36] 获取当前选择框中的值
[2018-08-13 14:13:44.841479] [INFO] [BaseObject.py] [get_value] [37] 当前选择框中的值为：火花小
[2018-08-13 14:13:44.851479] [INFO] [Selector_new2.py] [select_key_search_order] [694] 在搜索框中输入关键字, 并根据orderlist选择对应选项
[2018-08-13 14:15:07.209190] [INFO] [BaseObject.py] [get_options] [46] 获取所有选项：
[2018-08-13 14:15:08.167245] [INFO] [BaseObject.py] [get_options] [53] ['局部补光不足', '延迟传回', '局部和全景补光不足', '局部横条纹', '局部竖条纹', '全景横条纹', '全景竖条纹', '局部和全景横条纹', '局部和全景竖条纹', '火花过爆', '惯导异常', '环境温度异常', '玻璃脏', '无火花', '火花小', '局部曝光过度', '全景曝光过度', '雨天红外成像效果差', '隧道红外成像效果差', '局部成像效果差', '全景成像效果差', '局部帧率不足', '全景帧率不足', '定位错误', 'IP改变无局部', 'IP改变无全景', '连接异常无局部', '连接异常无全景', '红外图像差', '延迟处理', '全景补光不足']
[2018-08-13 14:15:08.169245] [INFO] [BaseObject.py] [get_value] [36] 获取当前选择框中的值
[2018-08-13 14:15:08.184246] [INFO] [BaseObject.py] [get_value] [37] 当前选择框中的值为：火花小
[2018-08-13 14:15:08.197246] [INFO] [BaseObject.py] [get_value] [36] 获取当前选择框中的值
[2018-08-13 14:15:08.203247] [INFO] [BaseObject.py] [get_value] [37] 当前选择框中的值为：火花小
[2018-08-13 14:15:08.216247] [INFO] [Selector_new2.py] [select_key_search_order] [694] 在搜索框中输入关键字, 并根据orderlist选择对应选项
[2018-08-13 14:16:25.023641] [INFO] [BaseObject.py] [get_options] [46] 获取所有选项：
[2018-08-13 14:16:31.110989] [INFO] [BaseObject.py] [get_options] [53] ['局部补光不足', '延迟传回', '局部和全景补光不足', '局部横条纹', '局部竖条纹', '全景横条纹', '全景竖条纹', '局部和全景横条纹', '局部和全景竖条纹', '火花过爆', '惯导异常', '环境温度异常', '玻璃脏', '无火花', '火花小', '局部曝光过度', '全景曝光过度', '雨天红外成像效果差', '隧道红外成像效果差', '局部成像效果差', '全景成像效果差', '局部帧率不足', '全景帧率不足', '定位错误', 'IP改变无局部', 'IP改变无全景', '连接异常无局部', '连接异常无全景', '红外图像差', '延迟处理', '全景补光不足']
[2018-08-13 14:16:31.113989] [INFO] [BaseObject.py] [get_value] [36] 获取当前选择框中的值
[2018-08-13 14:16:31.127990] [INFO] [BaseObject.py] [get_value] [37] 当前选择框中的值为：火花小
[2018-08-13 14:16:31.138990] [INFO] [BaseObject.py] [get_value] [36] 获取当前选择框中的值
[2018-08-13 14:16:31.145991] [INFO] [BaseObject.py] [get_value] [37] 当前选择框中的值为：火花小
[2018-08-13 14:16:31.152991] [INFO] [Selector_new2.py] [select_key_search_order] [694] 在搜索框中输入关键字, 并根据orderlist选择对应选项
[2018-08-13 14:19:33.865442] [INFO] [BaseObject.py] [get_options] [46] 获取所有选项：
[2018-08-13 14:19:34.865499] [INFO] [BaseObject.py] [get_options] [53] ['局部补光不足', '延迟传回', '局部和全景补光不足', '局部横条纹', '局部竖条纹', '全景横条纹', '全景竖条纹', '局部和全景横条纹', '局部和全景竖条纹', '火花过爆', '惯导异常', '环境温度异常', '玻璃脏', '无火花', '火花小', '局部曝光过度', '全景曝光过度', '雨天红外成像效果差', '隧道红外成像效果差', '局部成像效果差', '全景成像效果差', '局部帧率不足', '全景帧率不足', '定位错误', 'IP改变无局部', 'IP改变无全景', '连接异常无局部', '连接异常无全景', '红外图像差', '延迟处理', '全景补光不足']
[2018-08-13 14:19:34.866499] [INFO] [BaseObject.py] [get_value] [36] 获取当前选择框中的值
[2018-08-13 14:19:34.876499] [INFO] [BaseObject.py] [get_value] [37] 当前选择框中的值为：火花小
[2018-08-13 14:19:34.881500] [INFO] [BaseObject.py] [get_value] [36] 获取当前选择框中的值
[2018-08-13 14:19:34.886500] [INFO] [BaseObject.py] [get_value] [37] 当前选择框中的值为：火花小
[2018-08-13 14:19:34.897501] [INFO] [Selector_new2.py] [select_key_search_order] [694] 在搜索框中输入关键字, 并根据orderlist选择对应选项
[2018-08-13 14:20:36.036998] [INFO] [BaseObject.py] [get_options] [46] 获取所有选项：
[2018-08-13 14:20:37.034055] [INFO] [BaseObject.py] [get_options] [53] ['局部补光不足', '延迟传回', '局部和全景补光不足', '局部横条纹', '局部竖条纹', '全景横条纹', '全景竖条纹', '局部和全景横条纹', '局部和全景竖条纹', '火花过爆', '惯导异常', '环境温度异常', '玻璃脏', '无火花', '火花小', '局部曝光过度', '全景曝光过度', '雨天红外成像效果差', '隧道红外成像效果差', '局部成像效果差', '全景成像效果差', '局部帧率不足', '全景帧率不足', '定位错误', 'IP改变无局部', 'IP改变无全景', '连接异常无局部', '连接异常无全景', '红外图像差', '延迟处理', '全景补光不足']
[2018-08-13 14:20:37.035055] [INFO] [BaseObject.py] [get_value] [36] 获取当前选择框中的值
[2018-08-13 14:20:37.045055] [INFO] [BaseObject.py] [get_value] [37] 当前选择框中的值为：火花小
[2018-08-13 14:20:37.050056] [INFO] [BaseObject.py] [get_value] [36] 获取当前选择框中的值
[2018-08-13 14:20:37.054056] [INFO] [BaseObject.py] [get_value] [37] 当前选择框中的值为：火花小
[2018-08-13 14:20:37.064056] [INFO] [Selector_new2.py] [select_key_search_order] [694] 在搜索框中输入关键字, 并根据orderlist选择对应选项
[2018-08-13 14:23:02.262361] [INFO] [BaseObject.py] [get_options] [46] 获取所有选项：
[2018-08-13 14:23:03.262418] [INFO] [BaseObject.py] [get_options] [53] ['局部补光不足', '延迟传回', '局部和全景补光不足', '局部横条纹', '局部竖条纹', '全景横条纹', '全景竖条纹', '局部和全景横条纹', '局部和全景竖条纹', '火花过爆', '惯导异常', '环境温度异常', '玻璃脏', '无火花', '火花小', '局部曝光过度', '全景曝光过度', '雨天红外成像效果差', '隧道红外成像效果差', '局部成像效果差', '全景成像效果差', '局部帧率不足', '全景帧率不足', '定位错误', 'IP改变无局部', 'IP改变无全景', '连接异常无局部', '连接异常无全景', '红外图像差', '延迟处理', '全景补光不足']
[2018-08-13 14:23:03.263419] [INFO] [BaseObject.py] [get_value] [36] 获取当前选择框中的值
[2018-08-13 14:23:03.274419] [INFO] [BaseObject.py] [get_value] [37] 当前选择框中的值为：火花小
[2018-08-13 14:23:03.280419] [INFO] [BaseObject.py] [get_value] [36] 获取当前选择框中的值
[2018-08-13 14:23:03.285420] [INFO] [BaseObject.py] [get_value] [37] 当前选择框中的值为：火花小
[2018-08-13 14:23:03.296420] [INFO] [Selector_new2.py] [select_key_search_order] [695] 在搜索框中输入关键字, 并根据orderlist选择对应选项
[2018-08-13 14:24:37.466807] [INFO] [BaseObject.py] [get_options] [46] 获取所有选项：
[2018-08-13 14:24:38.425861] [INFO] [BaseObject.py] [get_options] [53] ['局部补光不足', '延迟传回', '局部和全景补光不足', '局部横条纹', '局部竖条纹', '全景横条纹', '全景竖条纹', '局部和全景横条纹', '局部和全景竖条纹', '火花过爆', '惯导异常', '环境温度异常', '玻璃脏', '无火花', '火花小', '局部曝光过度', '全景曝光过度', '雨天红外成像效果差', '隧道红外成像效果差', '局部成像效果差', '全景成像效果差', '局部帧率不足', '全景帧率不足', '定位错误', 'IP改变无局部', 'IP改变无全景', '连接异常无局部', '连接异常无全景', '红外图像差', '延迟处理', '全景补光不足']
[2018-08-13 14:24:38.426862] [INFO] [BaseObject.py] [get_value] [36] 获取当前选择框中的值
[2018-08-13 14:24:38.435862] [INFO] [BaseObject.py] [get_value] [37] 当前选择框中的值为：火花小
[2018-08-13 14:24:38.441862] [INFO] [BaseObject.py] [get_value] [36] 获取当前选择框中的值
[2018-08-13 14:24:38.446863] [INFO] [BaseObject.py] [get_value] [37] 当前选择框中的值为：火花小
[2018-08-13 14:24:38.457863] [INFO] [Selector_new2.py] [select_key_search_order] [695] 在搜索框中输入关键字, 并根据orderlist选择对应选项
[2018-08-13 14:25:39.571359] [INFO] [BaseObject.py] [get_options] [46] 获取所有选项：
[2018-08-13 14:25:45.612704] [INFO] [BaseObject.py] [get_options] [53] ['局部补光不足', '延迟传回', '局部和全景补光不足', '局部横条纹', '局部竖条纹', '全景横条纹', '全景竖条纹', '局部和全景横条纹', '局部和全景竖条纹', '火花过爆', '惯导异常', '环境温度异常', '玻璃脏', '无火花', '火花小', '局部曝光过度', '全景曝光过度', '雨天红外成像效果差', '隧道红外成像效果差', '局部成像效果差', '全景成像效果差', '局部帧率不足', '全景帧率不足', '定位错误', 'IP改变无局部', 'IP改变无全景', '连接异常无局部', '连接异常无全景', '红外图像差', '延迟处理', '全景补光不足']
[2018-08-13 14:25:45.615705] [INFO] [BaseObject.py] [get_value] [36] 获取当前选择框中的值
[2018-08-13 14:25:45.635706] [INFO] [BaseObject.py] [get_value] [37] 当前选择框中的值为：火花小
[2018-08-13 14:25:45.649706] [INFO] [BaseObject.py] [get_value] [36] 获取当前选择框中的值
[2018-08-13 14:25:45.662707] [INFO] [BaseObject.py] [get_value] [37] 当前选择框中的值为：火花小
[2018-08-13 14:25:45.672708] [INFO] [Selector_new2.py] [select_key_search_order] [695] 在搜索框中输入关键字, 并根据orderlist选择对应选项
[2018-08-13 14:31:10.398674] [INFO] [BaseObject.py] [get_options] [46] 获取所有选项：
[2018-08-13 14:31:11.367729] [INFO] [BaseObject.py] [get_options] [53] ['局部补光不足', '延迟传回', '局部和全景补光不足', '局部横条纹', '局部竖条纹', '全景横条纹', '全景竖条纹', '局部和全景横条纹', '局部和全景竖条纹', '火花过爆', '惯导异常', '环境温度异常', '玻璃脏', '无火花', '火花小', '局部曝光过度', '全景曝光过度', '雨天红外成像效果差', '隧道红外成像效果差', '局部成像效果差', '全景成像效果差', '局部帧率不足', '全景帧率不足', '定位错误', 'IP改变无局部', 'IP改变无全景', '连接异常无局部', '连接异常无全景', '红外图像差', '延迟处理', '全景补光不足']
[2018-08-13 14:31:11.369729] [INFO] [BaseObject.py] [get_value] [36] 获取当前选择框中的值
[2018-08-13 14:31:11.378730] [INFO] [BaseObject.py] [get_value] [37] 当前选择框中的值为：火花小
[2018-08-13 14:31:11.384730] [INFO] [BaseObject.py] [get_value] [36] 获取当前选择框中的值
[2018-08-13 14:31:11.396731] [INFO] [BaseObject.py] [get_value] [37] 当前选择框中的值为：火花小
[2018-08-13 14:31:11.403731] [INFO] [Selector_new2.py] [select_key_search_order] [695] 在搜索框中输入关键字, 并根据orderlist选择对应选项
[2018-08-13 14:32:45.913895] [INFO] [BaseObject.py] [get_options] [46] 获取所有选项：
[2018-08-13 14:32:47.840006] [INFO] [BaseObject.py] [get_options] [53] ['局部补光不足', '延迟传回', '局部和全景补光不足', '局部横条纹', '局部竖条纹', '全景横条纹', '全景竖条纹', '局部和全景横条纹', '局部和全景竖条纹', '火花过爆', '惯导异常', '环境温度异常', '玻璃脏', '无火花', '火花小', '局部曝光过度', '全景曝光过度', '雨天红外成像效果差', '隧道红外成像效果差', '局部成像效果差', '全景成像效果差', '局部帧率不足', '全景帧率不足', '定位错误', 'IP改变无局部', 'IP改变无全景', '连接异常无局部', '连接异常无全景', '红外图像差', '延迟处理', '全景补光不足']
[2018-08-13 14:32:47.843006] [INFO] [BaseObject.py] [get_value] [36] 获取当前选择框中的值
[2018-08-13 14:32:47.863007] [INFO] [BaseObject.py] [get_value] [37] 当前选择框中的值为：火花小
[2018-08-13 14:32:47.868007] [INFO] [BaseObject.py] [get_value] [36] 获取当前选择框中的值
[2018-08-13 14:32:47.907009] [INFO] [BaseObject.py] [get_value] [37] 当前选择框中的值为：火花小
[2018-08-13 14:32:47.925010] [INFO] [Selector_new2.py] [select_key_search_order] [695] 在搜索框中输入关键字, 并根据orderlist选择对应选项
[2018-08-13 14:34:09.001648] [INFO] [BaseObject.py] [get_options] [46] 获取所有选项：
[2018-08-13 14:34:10.023706] [INFO] [BaseObject.py] [get_options] [53] ['局部补光不足', '延迟传回', '局部和全景补光不足', '局部横条纹', '局部竖条纹', '全景横条纹', '全景竖条纹', '局部和全景横条纹', '局部和全景竖条纹', '火花过爆', '惯导异常', '环境温度异常', '玻璃脏', '无火花', '火花小', '局部曝光过度', '全景曝光过度', '雨天红外成像效果差', '隧道红外成像效果差', '局部成像效果差', '全景成像效果差', '局部帧率不足', '全景帧率不足', '定位错误', 'IP改变无局部', 'IP改变无全景', '连接异常无局部', '连接异常无全景', '红外图像差', '延迟处理', '全景补光不足']
[2018-08-13 14:34:10.025706] [INFO] [BaseObject.py] [get_value] [36] 获取当前选择框中的值
[2018-08-13 14:34:10.035707] [INFO] [BaseObject.py] [get_value] [37] 当前选择框中的值为：火花小
[2018-08-13 14:34:10.040707] [INFO] [BaseObject.py] [get_value] [36] 获取当前选择框中的值
[2018-08-13 14:34:10.051708] [INFO] [BaseObject.py] [get_value] [37] 当前选择框中的值为：火花小
[2018-08-13 14:34:10.057708] [INFO] [Selector_new2.py] [select_key_search_order] [695] 在搜索框中输入关键字, 并根据orderlist选择对应选项
[2018-08-13 14:35:04.857842] [INFO] [BaseObject.py] [get_options] [46] 获取所有选项：
[2018-08-13 14:35:05.887901] [INFO] [BaseObject.py] [get_options] [53] ['局部补光不足', '延迟传回', '局部和全景补光不足', '局部横条纹', '局部竖条纹', '全景横条纹', '全景竖条纹', '局部和全景横条纹', '局部和全景竖条纹', '火花过爆', '惯导异常', '环境温度异常', '玻璃脏', '无火花', '火花小', '局部曝光过度', '全景曝光过度', '雨天红外成像效果差', '隧道红外成像效果差', '局部成像效果差', '全景成像效果差', '局部帧率不足', '全景帧率不足', '定位错误', 'IP改变无局部', 'IP改变无全景', '连接异常无局部', '连接异常无全景', '红外图像差', '延迟处理', '全景补光不足']
[2018-08-13 14:35:05.888901] [INFO] [BaseObject.py] [get_value] [36] 获取当前选择框中的值
[2018-08-13 14:35:05.895902] [INFO] [BaseObject.py] [get_value] [37] 当前选择框中的值为：火花小
[2018-08-13 14:35:05.902902] [INFO] [BaseObject.py] [get_value] [36] 获取当前选择框中的值
[2018-08-13 14:35:05.907903] [INFO] [BaseObject.py] [get_value] [37] 当前选择框中的值为：火花小
[2018-08-13 14:35:05.911903] [INFO] [Selector_new2.py] [select_key_search_order] [695] 在搜索框中输入关键字, 并根据orderlist选择对应选项
[2018-08-13 14:36:25.748469] [INFO] [BaseObject.py] [get_options] [46] 获取所有选项：
[2018-08-13 14:36:26.749526] [INFO] [BaseObject.py] [get_options] [53] ['局部补光不足', '延迟传回', '局部和全景补光不足', '局部横条纹', '局部竖条纹', '全景横条纹', '全景竖条纹', '局部和全景横条纹', '局部和全景竖条纹', '火花过爆', '惯导异常', '环境温度异常', '玻璃脏', '无火花', '火花小', '局部曝光过度', '全景曝光过度', '雨天红外成像效果差', '隧道红外成像效果差', '局部成像效果差', '全景成像效果差', '局部帧率不足', '全景帧率不足', '定位错误', 'IP改变无局部', 'IP改变无全景', '连接异常无局部', '连接异常无全景', '红外图像差', '延迟处理', '全景补光不足']
[2018-08-13 14:36:26.750526] [INFO] [BaseObject.py] [get_value] [36] 获取当前选择框中的值
[2018-08-13 14:36:26.760527] [INFO] [BaseObject.py] [get_value] [37] 当前选择框中的值为：火花小
[2018-08-13 14:36:26.766527] [INFO] [BaseObject.py] [get_value] [36] 获取当前选择框中的值
[2018-08-13 14:36:26.777528] [INFO] [BaseObject.py] [get_value] [37] 当前选择框中的值为：火花小
[2018-08-13 14:36:26.783528] [INFO] [Selector_new2.py] [select_key_search_order] [695] 在搜索框中输入关键字, 并根据orderlist选择对应选项
[2018-08-13 14:37:21.284646] [INFO] [BaseObject.py] [get_options] [46] 获取所有选项：
[2018-08-13 14:37:22.248701] [INFO] [BaseObject.py] [get_options] [53] ['局部补光不足', '延迟传回', '局部和全景补光不足', '局部横条纹', '局部竖条纹', '全景横条纹', '全景竖条纹', '局部和全景横条纹', '局部和全景竖条纹', '火花过爆', '惯导异常', '环境温度异常', '玻璃脏', '无火花', '火花小', '局部曝光过度', '全景曝光过度', '雨天红外成像效果差', '隧道红外成像效果差', '局部成像效果差', '全景成像效果差', '局部帧率不足', '全景帧率不足', '定位错误', 'IP改变无局部', 'IP改变无全景', '连接异常无局部', '连接异常无全景', '红外图像差', '延迟处理', '全景补光不足']
[2018-08-13 14:37:22.250701] [INFO] [BaseObject.py] [get_value] [36] 获取当前选择框中的值
[2018-08-13 14:37:22.259701] [INFO] [BaseObject.py] [get_value] [37] 当前选择框中的值为：火花小
[2018-08-13 14:37:22.266702] [INFO] [BaseObject.py] [get_value] [36] 获取当前选择框中的值
[2018-08-13 14:37:22.272702] [INFO] [BaseObject.py] [get_value] [37] 当前选择框中的值为：火花小
[2018-08-13 14:37:22.282703] [INFO] [Selector_new2.py] [select_key_search_order] [695] 在搜索框中输入关键字, 并根据orderlist选择对应选项
[2018-08-13 14:48:24.808850] [INFO] [BaseObject.py] [get_options] [46] 获取所有选项：
[2018-08-13 14:48:25.792907] [INFO] [BaseObject.py] [get_options] [53] ['局部补光不足', '延迟传回', '局部和全景补光不足', '局部横条纹', '局部竖条纹', '全景横条纹', '全景竖条纹', '局部和全景横条纹', '局部和全景竖条纹', '火花过爆', '惯导异常', '环境温度异常', '玻璃脏', '无火花', '火花小', '局部曝光过度', '全景曝光过度', '雨天红外成像效果差', '隧道红外成像效果差', '局部成像效果差', '全景成像效果差', '局部帧率不足', '全景帧率不足', '定位错误', 'IP改变无局部', 'IP改变无全景', '连接异常无局部', '连接异常无全景', '红外图像差', '延迟处理', '全景补光不足']
[2018-08-13 14:48:25.793907] [INFO] [BaseObject.py] [get_value] [36] 获取当前选择框中的值
[2018-08-13 14:48:25.806907] [INFO] [BaseObject.py] [get_value] [37] 当前选择框中的值为：火花小
[2018-08-13 14:48:25.815908] [INFO] [BaseObject.py] [get_value] [36] 获取当前选择框中的值
[2018-08-13 14:48:25.823908] [INFO] [BaseObject.py] [get_value] [37] 当前选择框中的值为：火花小
[2018-08-13 14:48:25.837909] [INFO] [Selector_new2.py] [select_key_search_order] [694] 在搜索框中输入关键字, 并根据orderlist选择对应选项
[2018-08-13 14:50:43.632894] [INFO] [BaseObject.py] [get_options] [46] 获取所有选项：
[2018-08-13 14:50:44.565947] [INFO] [BaseObject.py] [get_options] [53] ['局部补光不足', '延迟传回', '局部和全景补光不足', '局部横条纹', '局部竖条纹', '全景横条纹', '全景竖条纹', '局部和全景横条纹', '局部和全景竖条纹', '火花过爆', '惯导异常', '环境温度异常', '玻璃脏', '无火花', '火花小', '局部曝光过度', '全景曝光过度', '雨天红外成像效果差', '隧道红外成像效果差', '局部成像效果差', '全景成像效果差', '局部帧率不足', '全景帧率不足', '定位错误', 'IP改变无局部', 'IP改变无全景', '连接异常无局部', '连接异常无全景', '红外图像差', '延迟处理', '全景补光不足']
[2018-08-13 14:50:44.566947] [INFO] [BaseObject.py] [get_value] [36] 获取当前选择框中的值
[2018-08-13 14:50:44.573947] [INFO] [BaseObject.py] [get_value] [37] 当前选择框中的值为：火花小
[2018-08-13 14:50:44.579948] [INFO] [BaseObject.py] [get_value] [36] 获取当前选择框中的值
[2018-08-13 14:50:44.585948] [INFO] [BaseObject.py] [get_value] [37] 当前选择框中的值为：火花小
[2018-08-13 14:50:44.595949] [INFO] [Selector_new2.py] [select_key_search_order] [694] 在搜索框中输入关键字, 并根据orderlist选择对应选项
[2018-08-13 16:44:51.816440] [INFO] [BaseObject.py] [get_options] [46] 获取所有选项：
[2018-08-13 16:44:52.750493] [INFO] [BaseObject.py] [get_options] [53] ['局部补光不足', '延迟传回', '局部和全景补光不足', '局部横条纹', '局部竖条纹', '全景横条纹', '全景竖条纹', '局部和全景横条纹', '局部和全景竖条纹', '火花过爆', '惯导异常', '环境温度异常', '玻璃脏', '无火花', '火花小', '局部曝光过度', '全景曝光过度', '雨天红外成像效果差', '隧道红外成像效果差', '局部成像效果差', '全景成像效果差', '局部帧率不足', '全景帧率不足', '定位错误', 'IP改变无局部', 'IP改变无全景', '连接异常无局部', '连接异常无全景', '红外图像差', '延迟处理', '全景补光不足']
[2018-08-13 16:44:52.751494] [INFO] [BaseObject.py] [get_value] [36] 获取当前选择框中的值
[2018-08-13 16:44:52.757494] [INFO] [BaseObject.py] [get_value] [37] 当前选择框中的值为：火花小
[2018-08-13 16:44:52.764494] [INFO] [BaseObject.py] [get_value] [36] 获取当前选择框中的值
[2018-08-13 16:44:52.769495] [INFO] [BaseObject.py] [get_value] [37] 当前选择框中的值为：火花小
[2018-08-13 16:44:52.774495] [INFO] [Selector_new2.py] [select_key_search_order] [696] 在搜索框中输入关键字, 并根据orderlist选择对应选项
[2018-08-13 16:45:56.692306] [INFO] [BaseObject.py] [get_options] [46] 获取所有选项：
[2018-08-13 16:45:57.655361] [INFO] [BaseObject.py] [get_options] [53] ['局部补光不足', '延迟传回', '局部和全景补光不足', '局部横条纹', '局部竖条纹', '全景横条纹', '全景竖条纹', '局部和全景横条纹', '局部和全景竖条纹', '火花过爆', '惯导异常', '环境温度异常', '玻璃脏', '无火花', '火花小', '局部曝光过度', '全景曝光过度', '雨天红外成像效果差', '隧道红外成像效果差', '局部成像效果差', '全景成像效果差', '局部帧率不足', '全景帧率不足', '定位错误', 'IP改变无局部', 'IP改变无全景', '连接异常无局部', '连接异常无全景', '红外图像差', '延迟处理', '全景补光不足']
[2018-08-13 16:45:57.657361] [INFO] [BaseObject.py] [get_value] [36] 获取当前选择框中的值
[2018-08-13 16:45:57.663361] [INFO] [BaseObject.py] [get_value] [37] 当前选择框中的值为：火花小
[2018-08-13 16:45:57.669362] [INFO] [BaseObject.py] [get_value] [36] 获取当前选择框中的值
[2018-08-13 16:45:57.675362] [INFO] [BaseObject.py] [get_value] [37] 当前选择框中的值为：火花小
[2018-08-13 16:45:57.686363] [INFO] [Selector_new2.py] [select_key_search_order] [696] 在搜索框中输入关键字, 并根据orderlist选择对应选项
[2018-08-13 16:47:47.707767] [INFO] [BaseObject.py] [get_options] [46] 获取所有选项：
[2018-08-13 16:47:48.709825] [INFO] [BaseObject.py] [get_options] [53] ['局部补光不足', '延迟传回', '局部和全景补光不足', '局部横条纹', '局部竖条纹', '全景横条纹', '全景竖条纹', '局部和全景横条纹', '局部和全景竖条纹', '火花过爆', '惯导异常', '环境温度异常', '玻璃脏', '无火花', '火花小', '局部曝光过度', '全景曝光过度', '雨天红外成像效果差', '隧道红外成像效果差', '局部成像效果差', '全景成像效果差', '局部帧率不足', '全景帧率不足', '定位错误', 'IP改变无局部', 'IP改变无全景', '连接异常无局部', '连接异常无全景', '红外图像差', '延迟处理', '全景补光不足']
[2018-08-13 16:47:48.711825] [INFO] [BaseObject.py] [get_value] [36] 获取当前选择框中的值
[2018-08-13 16:47:48.720825] [INFO] [BaseObject.py] [get_value] [37] 当前选择框中的值为：火花小
[2018-08-13 16:47:48.726826] [INFO] [BaseObject.py] [get_value] [36] 获取当前选择框中的值
[2018-08-13 16:47:48.735826] [INFO] [BaseObject.py] [get_value] [37] 当前选择框中的值为：火花小
[2018-08-13 16:47:48.744827] [INFO] [Selector_new2.py] [select_key_search_order] [696] 在搜索框中输入关键字, 并根据orderlist选择对应选项
[2018-08-13 16:48:49.279289] [INFO] [BaseObject.py] [get_options] [46] 获取所有选项：
[2018-08-13 16:48:50.228343] [INFO] [BaseObject.py] [get_options] [53] ['局部补光不足', '延迟传回', '局部和全景补光不足', '局部横条纹', '局部竖条纹', '全景横条纹', '全景竖条纹', '局部和全景横条纹', '局部和全景竖条纹', '火花过爆', '惯导异常', '环境温度异常', '玻璃脏', '无火花', '火花小', '局部曝光过度', '全景曝光过度', '雨天红外成像效果差', '隧道红外成像效果差', '局部成像效果差', '全景成像效果差', '局部帧率不足', '全景帧率不足', '定位错误', 'IP改变无局部', 'IP改变无全景', '连接异常无局部', '连接异常无全景', '红外图像差', '延迟处理', '全景补光不足']
[2018-08-13 16:48:50.229343] [INFO] [BaseObject.py] [get_value] [36] 获取当前选择框中的值
[2018-08-13 16:48:50.240344] [INFO] [BaseObject.py] [get_value] [37] 当前选择框中的值为：火花小
[2018-08-13 16:48:50.246344] [INFO] [BaseObject.py] [get_value] [36] 获取当前选择框中的值
[2018-08-13 16:48:50.261345] [INFO] [BaseObject.py] [get_value] [37] 当前选择框中的值为：火花小
[2018-08-13 16:48:50.270346] [INFO] [Selector_new2.py] [select_key_search_order] [696] 在搜索框中输入关键字, 并根据orderlist选择对应选项
[2018-08-13 16:51:40.450079] [INFO] [BaseObject.py] [get_options] [46] 获取所有选项：
[2018-08-13 16:51:41.447136] [INFO] [BaseObject.py] [get_options] [53] ['局部补光不足', '延迟传回', '局部和全景补光不足', '局部横条纹', '局部竖条纹', '全景横条纹', '全景竖条纹', '局部和全景横条纹', '局部和全景竖条纹', '火花过爆', '惯导异常', '环境温度异常', '玻璃脏', '无火花', '火花小', '局部曝光过度', '全景曝光过度', '雨天红外成像效果差', '隧道红外成像效果差', '局部成像效果差', '全景成像效果差', '局部帧率不足', '全景帧率不足', '定位错误', 'IP改变无局部', 'IP改变无全景', '连接异常无局部', '连接异常无全景', '红外图像差', '延迟处理', '全景补光不足']
[2018-08-13 16:51:41.448136] [INFO] [BaseObject.py] [get_value] [36] 获取当前选择框中的值
[2018-08-13 16:51:41.459137] [INFO] [BaseObject.py] [get_value] [37] 当前选择框中的值为：火花小
[2018-08-13 16:51:41.466137] [INFO] [BaseObject.py] [get_value] [36] 获取当前选择框中的值
[2018-08-13 16:51:41.478138] [INFO] [BaseObject.py] [get_value] [37] 当前选择框中的值为：火花小
[2018-08-13 16:51:41.483138] [INFO] [Selector_new2.py] [select_key_search_order] [696] 在搜索框中输入关键字, 并根据orderlist选择对应选项
[2018-08-13 16:55:56.911321] [INFO] [BaseObject.py] [get_options] [46] 获取所有选项：
[2018-08-13 16:55:57.882377] [INFO] [BaseObject.py] [get_options] [53] ['局部补光不足', '延迟传回', '局部和全景补光不足', '局部横条纹', '局部竖条纹', '全景横条纹', '全景竖条纹', '局部和全景横条纹', '局部和全景竖条纹', '火花过爆', '惯导异常', '环境温度异常', '玻璃脏', '无火花', '火花小', '局部曝光过度', '全景曝光过度', '雨天红外成像效果差', '隧道红外成像效果差', '局部成像效果差', '全景成像效果差', '局部帧率不足', '全景帧率不足', '定位错误', 'IP改变无局部', 'IP改变无全景', '连接异常无局部', '连接异常无全景', '红外图像差', '延迟处理', '全景补光不足']
[2018-08-13 16:55:57.883377] [INFO] [BaseObject.py] [get_value] [36] 获取当前选择框中的值
[2018-08-13 16:55:57.894378] [INFO] [BaseObject.py] [get_value] [37] 当前选择框中的值为：火花小
[2018-08-13 16:55:57.898378] [INFO] [BaseObject.py] [get_value] [36] 获取当前选择框中的值
[2018-08-13 16:55:57.908378] [INFO] [BaseObject.py] [get_value] [37] 当前选择框中的值为：火花小
[2018-08-13 16:55:57.915379] [INFO] [Selector_new2.py] [select_key_search_order] [696] 在搜索框中输入关键字, 并根据orderlist选择对应选项
[2018-08-13 16:56:03.251684] [INFO] [Selector_new2.py] [_select_by_order_list] [492] 通过元素在HTML中的顺序orderlist[]设置选项
[2018-08-13 16:56:58.054819] [INFO] [BaseObject.py] [get_options] [46] 获取所有选项：
[2018-08-13 16:56:59.031874] [INFO] [BaseObject.py] [get_options] [53] ['局部补光不足', '延迟传回', '局部和全景补光不足', '局部横条纹', '局部竖条纹', '全景横条纹', '全景竖条纹', '局部和全景横条纹', '局部和全景竖条纹', '火花过爆', '惯导异常', '环境温度异常', '玻璃脏', '无火花', '火花小', '局部曝光过度', '全景曝光过度', '雨天红外成像效果差', '隧道红外成像效果差', '局部成像效果差', '全景成像效果差', '局部帧率不足', '全景帧率不足', '定位错误', 'IP改变无局部', 'IP改变无全景', '连接异常无局部', '连接异常无全景', '红外图像差', '延迟处理', '全景补光不足']
[2018-08-13 16:56:59.032874] [INFO] [BaseObject.py] [get_value] [36] 获取当前选择框中的值
[2018-08-13 16:56:59.043875] [INFO] [BaseObject.py] [get_value] [37] 当前选择框中的值为：火花小
[2018-08-13 16:56:59.051876] [INFO] [BaseObject.py] [get_value] [36] 获取当前选择框中的值
[2018-08-13 16:56:59.064876] [INFO] [BaseObject.py] [get_value] [37] 当前选择框中的值为：火花小
[2018-08-13 16:56:59.079877] [INFO] [Selector_new2.py] [select_key_search_order] [696] 在搜索框中输入关键字, 并根据orderlist选择对应选项
[2018-08-13 16:58:15.590253] [INFO] [BaseObject.py] [get_options] [46] 获取所有选项：
[2018-08-13 16:58:16.620312] [INFO] [BaseObject.py] [get_options] [53] ['局部补光不足', '延迟传回', '局部和全景补光不足', '局部横条纹', '局部竖条纹', '全景横条纹', '全景竖条纹', '局部和全景横条纹', '局部和全景竖条纹', '火花过爆', '惯导异常', '环境温度异常', '玻璃脏', '无火花', '火花小', '局部曝光过度', '全景曝光过度', '雨天红外成像效果差', '隧道红外成像效果差', '局部成像效果差', '全景成像效果差', '局部帧率不足', '全景帧率不足', '定位错误', 'IP改变无局部', 'IP改变无全景', '连接异常无局部', '连接异常无全景', '红外图像差', '延迟处理', '全景补光不足']
[2018-08-13 16:58:16.622312] [INFO] [BaseObject.py] [get_value] [36] 获取当前选择框中的值
[2018-08-13 16:58:16.631313] [INFO] [BaseObject.py] [get_value] [37] 当前选择框中的值为：火花小
[2018-08-13 16:58:16.637313] [INFO] [BaseObject.py] [get_value] [36] 获取当前选择框中的值
[2018-08-13 16:58:16.642313] [INFO] [BaseObject.py] [get_value] [37] 当前选择框中的值为：火花小
[2018-08-13 16:58:16.654314] [INFO] [Selector_new2.py] [select_key_search_order] [697] 在搜索框中输入关键字, 并根据orderlist选择对应选项
[2018-08-13 16:59:08.275267] [INFO] [BaseObject.py] [get_options] [46] 获取所有选项：
[2018-08-13 16:59:09.271324] [INFO] [BaseObject.py] [get_options] [53] ['局部补光不足', '延迟传回', '局部和全景补光不足', '局部横条纹', '局部竖条纹', '全景横条纹', '全景竖条纹', '局部和全景横条纹', '局部和全景竖条纹', '火花过爆', '惯导异常', '环境温度异常', '玻璃脏', '无火花', '火花小', '局部曝光过度', '全景曝光过度', '雨天红外成像效果差', '隧道红外成像效果差', '局部成像效果差', '全景成像效果差', '局部帧率不足', '全景帧率不足', '定位错误', 'IP改变无局部', 'IP改变无全景', '连接异常无局部', '连接异常无全景', '红外图像差', '延迟处理', '全景补光不足']
[2018-08-13 16:59:09.272324] [INFO] [BaseObject.py] [get_value] [36] 获取当前选择框中的值
[2018-08-13 16:59:09.283324] [INFO] [BaseObject.py] [get_value] [37] 当前选择框中的值为：火花小
[2018-08-13 16:59:09.289325] [INFO] [BaseObject.py] [get_value] [36] 获取当前选择框中的值
[2018-08-13 16:59:09.295325] [INFO] [BaseObject.py] [get_value] [37] 当前选择框中的值为：火花小
[2018-08-13 16:59:09.305326] [INFO] [Selector_new2.py] [select_key_search_order] [697] 在搜索框中输入关键字, 并根据orderlist选择对应选项
[2018-08-13 17:02:05.463013] [INFO] [BaseObject.py] [get_options] [46] 获取所有选项：
[2018-08-13 17:02:06.411067] [INFO] [BaseObject.py] [get_options] [53] ['局部补光不足', '延迟传回', '局部和全景补光不足', '局部横条纹', '局部竖条纹', '全景横条纹', '全景竖条纹', '局部和全景横条纹', '局部和全景竖条纹', '火花过爆', '惯导异常', '环境温度异常', '玻璃脏', '无火花', '火花小', '局部曝光过度', '全景曝光过度', '雨天红外成像效果差', '隧道红外成像效果差', '局部成像效果差', '全景成像效果差', '局部帧率不足', '全景帧率不足', '定位错误', 'IP改变无局部', 'IP改变无全景', '连接异常无局部', '连接异常无全景', '红外图像差', '延迟处理', '全景补光不足']
[2018-08-13 17:02:06.412067] [INFO] [BaseObject.py] [get_value] [36] 获取当前选择框中的值
[2018-08-13 17:02:06.422068] [INFO] [BaseObject.py] [get_value] [37] 当前选择框中的值为：火花小
[2018-08-13 17:02:06.428068] [INFO] [BaseObject.py] [get_value] [36] 获取当前选择框中的值
[2018-08-13 17:02:06.434068] [INFO] [BaseObject.py] [get_value] [37] 当前选择框中的值为：火花小
[2018-08-13 17:02:06.442069] [INFO] [Selector_new2.py] [select_key_search_order] [697] 在搜索框中输入关键字, 并根据orderlist选择对应选项
[2018-08-13 17:03:38.802351] [INFO] [BaseObject.py] [get_options] [46] 获取所有选项：
[2018-08-13 17:03:39.756406] [INFO] [BaseObject.py] [get_options] [53] ['局部补光不足', '延迟传回', '局部和全景补光不足', '局部横条纹', '局部竖条纹', '全景横条纹', '全景竖条纹', '局部和全景横条纹', '局部和全景竖条纹', '火花过爆', '惯导异常', '环境温度异常', '玻璃脏', '无火花', '火花小', '局部曝光过度', '全景曝光过度', '雨天红外成像效果差', '隧道红外成像效果差', '局部成像效果差', '全景成像效果差', '局部帧率不足', '全景帧率不足', '定位错误', 'IP改变无局部', 'IP改变无全景', '连接异常无局部', '连接异常无全景', '红外图像差', '延迟处理', '全景补光不足']
[2018-08-13 17:03:39.757406] [INFO] [BaseObject.py] [get_value] [36] 获取当前选择框中的值
[2018-08-13 17:03:39.767407] [INFO] [BaseObject.py] [get_value] [37] 当前选择框中的值为：火花小
[2018-08-13 17:03:39.774407] [INFO] [BaseObject.py] [get_value] [36] 获取当前选择框中的值
[2018-08-13 17:03:39.779407] [INFO] [BaseObject.py] [get_value] [37] 当前选择框中的值为：火花小
[2018-08-13 17:03:39.787408] [INFO] [Selector_new2.py] [select_key_search_order] [697] 在搜索框中输入关键字, 并根据orderlist选择对应选项
[2018-08-13 17:04:55.146718] [INFO] [BaseObject.py] [get_options] [46] 获取所有选项：
[2018-08-13 17:05:01.217065] [INFO] [BaseObject.py] [get_options] [53] ['局部补光不足', '延迟传回', '局部和全景补光不足', '局部横条纹', '局部竖条纹', '全景横条纹', '全景竖条纹', '局部和全景横条纹', '局部和全景竖条纹', '火花过爆', '惯导异常', '环境温度异常', '玻璃脏', '无火花', '火花小', '局部曝光过度', '全景曝光过度', '雨天红外成像效果差', '隧道红外成像效果差', '局部成像效果差', '全景成像效果差', '局部帧率不足', '全景帧率不足', '定位错误', 'IP改变无局部', 'IP改变无全景', '连接异常无局部', '连接异常无全景', '红外图像差', '延迟处理', '全景补光不足']
[2018-08-13 17:05:01.222066] [INFO] [BaseObject.py] [get_value] [36] 获取当前选择框中的值
[2018-08-13 17:05:01.238066] [INFO] [BaseObject.py] [get_value] [37] 当前选择框中的值为：火花小
[2018-08-13 17:05:01.248067] [INFO] [BaseObject.py] [get_value] [36] 获取当前选择框中的值
[2018-08-13 17:05:01.258068] [INFO] [BaseObject.py] [get_value] [37] 当前选择框中的值为：火花小
[2018-08-13 17:05:01.264068] [INFO] [Selector_new2.py] [select_key_search_order] [697] 在搜索框中输入关键字, 并根据orderlist选择对应选项
[2018-08-13 17:10:47.805889] [INFO] [BaseObject.py] [get_options] [46] 获取所有选项：
[2018-08-13 17:10:48.773944] [INFO] [BaseObject.py] [get_options] [53] ['局部补光不足', '延迟传回', '局部和全景补光不足', '局部横条纹', '局部竖条纹', '全景横条纹', '全景竖条纹', '局部和全景横条纹', '局部和全景竖条纹', '火花过爆', '惯导异常', '环境温度异常', '玻璃脏', '无火花', '火花小', '局部曝光过度', '全景曝光过度', '雨天红外成像效果差', '隧道红外成像效果差', '局部成像效果差', '全景成像效果差', '局部帧率不足', '全景帧率不足', '定位错误', 'IP改变无局部', 'IP改变无全景', '连接异常无局部', '连接异常无全景', '红外图像差', '延迟处理', '全景补光不足']
[2018-08-13 17:10:48.774944] [INFO] [BaseObject.py] [get_value] [36] 获取当前选择框中的值
[2018-08-13 17:10:48.784945] [INFO] [BaseObject.py] [get_value] [37] 当前选择框中的值为：火花小
[2018-08-13 17:10:48.796946] [INFO] [BaseObject.py] [get_value] [36] 获取当前选择框中的值
[2018-08-13 17:10:48.806946] [INFO] [BaseObject.py] [get_value] [37] 当前选择框中的值为：火花小
[2018-08-13 17:10:48.813947] [INFO] [Selector_new2.py] [select_key_search_order] [703] 在搜索框中输入关键字, 并根据orderlist选择对应选项
[2018-08-13 17:13:31.982279] [INFO] [BaseObject.py] [get_options] [46] 获取所有选项：
[2018-08-13 17:13:38.044626] [INFO] [BaseObject.py] [get_options] [53] ['局部补光不足', '延迟传回', '局部和全景补光不足', '局部横条纹', '局部竖条纹', '全景横条纹', '全景竖条纹', '局部和全景横条纹', '局部和全景竖条纹', '火花过爆', '惯导异常', '环境温度异常', '玻璃脏', '无火花', '火花小', '局部曝光过度', '全景曝光过度', '雨天红外成像效果差', '隧道红外成像效果差', '局部成像效果差', '全景成像效果差', '局部帧率不足', '全景帧率不足', '定位错误', 'IP改变无局部', 'IP改变无全景', '连接异常无局部', '连接异常无全景', '红外图像差', '延迟处理', '全景补光不足']
[2018-08-13 17:13:38.046626] [INFO] [BaseObject.py] [get_value] [36] 获取当前选择框中的值
[2018-08-13 17:13:38.059627] [INFO] [BaseObject.py] [get_value] [37] 当前选择框中的值为：火花小
[2018-08-13 17:13:38.075628] [INFO] [BaseObject.py] [get_value] [36] 获取当前选择框中的值
[2018-08-13 17:13:38.081628] [INFO] [BaseObject.py] [get_value] [37] 当前选择框中的值为：火花小
[2018-08-13 17:13:38.085628] [INFO] [Selector_new2.py] [select_key_search_order] [703] 在搜索框中输入关键字, 并根据orderlist选择对应选项
[2018-08-13 17:16:27.263305] [INFO] [BaseObject.py] [get_options] [46] 获取所有选项：
[2018-08-13 17:16:28.230360] [INFO] [BaseObject.py] [get_options] [53] ['局部补光不足', '延迟传回', '局部和全景补光不足', '局部横条纹', '局部竖条纹', '全景横条纹', '全景竖条纹', '局部和全景横条纹', '局部和全景竖条纹', '火花过爆', '惯导异常', '环境温度异常', '玻璃脏', '无火花', '火花小', '局部曝光过度', '全景曝光过度', '雨天红外成像效果差', '隧道红外成像效果差', '局部成像效果差', '全景成像效果差', '局部帧率不足', '全景帧率不足', '定位错误', 'IP改变无局部', 'IP改变无全景', '连接异常无局部', '连接异常无全景', '红外图像差', '延迟处理', '全景补光不足']
[2018-08-13 17:16:28.231360] [INFO] [BaseObject.py] [get_value] [36] 获取当前选择框中的值
[2018-08-13 17:16:28.241361] [INFO] [BaseObject.py] [get_value] [37] 当前选择框中的值为：火花小
[2018-08-13 17:16:28.247361] [INFO] [BaseObject.py] [get_value] [36] 获取当前选择框中的值
[2018-08-13 17:16:28.251361] [INFO] [BaseObject.py] [get_value] [37] 当前选择框中的值为：火花小
[2018-08-13 17:16:28.262362] [INFO] [Selector_new2.py] [select_key_search_order] [703] 在搜索框中输入关键字, 并根据orderlist选择对应选项
[2018-08-13 17:24:17.558142] [INFO] [BaseObject.py] [get_options] [46] 获取所有选项：
[2018-08-13 17:24:18.492196] [INFO] [BaseObject.py] [get_options] [53] ['局部补光不足', '延迟传回', '局部和全景补光不足', '局部横条纹', '局部竖条纹', '全景横条纹', '全景竖条纹', '局部和全景横条纹', '局部和全景竖条纹', '火花过爆', '惯导异常', '环境温度异常', '玻璃脏', '无火花', '火花小', '局部曝光过度', '全景曝光过度', '雨天红外成像效果差', '隧道红外成像效果差', '局部成像效果差', '全景成像效果差', '局部帧率不足', '全景帧率不足', '定位错误', 'IP改变无局部', 'IP改变无全景', '连接异常无局部', '连接异常无全景', '红外图像差', '延迟处理', '全景补光不足']
[2018-08-13 17:24:18.493196] [INFO] [BaseObject.py] [get_value] [36] 获取当前选择框中的值
[2018-08-13 17:24:18.500196] [INFO] [BaseObject.py] [get_value] [37] 当前选择框中的值为：火花小
[2018-08-13 17:24:18.506197] [INFO] [BaseObject.py] [get_value] [36] 获取当前选择框中的值
[2018-08-13 17:24:18.512197] [INFO] [BaseObject.py] [get_value] [37] 当前选择框中的值为：火花小
[2018-08-13 17:24:18.523198] [INFO] [Selector_new2.py] [select_key_search_order] [703] 在搜索框中输入关键字, 并根据orderlist选择对应选项
[2018-08-13 17:24:30.688893] [INFO] [Selector_new2.py] [_select_by_order_list] [492] 通过元素在HTML中的顺序orderlist[]设置选项
[2018-08-13 17:27:30.000933] [INFO] [Selector_new2.py] [_select_by_order_list] [508] 所设置的选项为：
[2018-08-13 17:27:32.331067] [INFO] [Selector_new2.py] [_select_by_order_list] [509] ['局部竖条纹', '全景横条纹']
[2018-08-13 17:28:36.727055] [INFO] [BaseObject.py] [get_options] [46] 获取所有选项：
[2018-08-13 17:28:37.693111] [INFO] [BaseObject.py] [get_options] [53] ['局部补光不足', '延迟传回', '局部和全景补光不足', '局部横条纹', '局部竖条纹', '全景横条纹', '全景竖条纹', '局部和全景横条纹', '局部和全景竖条纹', '火花过爆', '惯导异常', '环境温度异常', '玻璃脏', '无火花', '火花小', '局部曝光过度', '全景曝光过度', '雨天红外成像效果差', '隧道红外成像效果差', '局部成像效果差', '全景成像效果差', '局部帧率不足', '全景帧率不足', '定位错误', 'IP改变无局部', 'IP改变无全景', '连接异常无局部', '连接异常无全景', '红外图像差', '延迟处理', '全景补光不足']
[2018-08-13 17:28:37.694111] [INFO] [BaseObject.py] [get_value] [36] 获取当前选择框中的值
[2018-08-13 17:28:37.704111] [INFO] [BaseObject.py] [get_value] [37] 当前选择框中的值为：火花小
[2018-08-13 17:28:37.710112] [INFO] [BaseObject.py] [get_value] [36] 获取当前选择框中的值
[2018-08-13 17:28:37.721112] [INFO] [BaseObject.py] [get_value] [37] 当前选择框中的值为：火花小
[2018-08-13 17:28:37.728113] [INFO] [Selector_new2.py] [select_key_search_order] [701] 在搜索框中输入关键字, 并根据orderlist选择对应选项
[2018-08-13 17:29:10.578992] [INFO] [Selector_new2.py] [_select_by_order_list] [490] 通过元素在HTML中的顺序orderlist[]设置选项
[2018-08-13 17:29:38.696583] [INFO] [BaseObject.py] [get_options] [46] 获取所有选项：
[2018-08-13 17:29:39.627636] [INFO] [BaseObject.py] [get_options] [53] ['局部补光不足', '延迟传回', '局部和全景补光不足', '局部横条纹', '局部竖条纹', '全景横条纹', '全景竖条纹', '局部和全景横条纹', '局部和全景竖条纹', '火花过爆', '惯导异常', '环境温度异常', '玻璃脏', '无火花', '火花小', '局部曝光过度', '全景曝光过度', '雨天红外成像效果差', '隧道红外成像效果差', '局部成像效果差', '全景成像效果差', '局部帧率不足', '全景帧率不足', '定位错误', 'IP改变无局部', 'IP改变无全景', '连接异常无局部', '连接异常无全景', '红外图像差', '延迟处理', '全景补光不足']
[2018-08-13 17:29:39.628636] [INFO] [BaseObject.py] [get_value] [36] 获取当前选择框中的值
[2018-08-13 17:29:39.637636] [INFO] [BaseObject.py] [get_value] [37] 当前选择框中的值为：火花小
[2018-08-13 17:29:39.644637] [INFO] [BaseObject.py] [get_value] [36] 获取当前选择框中的值
[2018-08-13 17:29:39.649637] [INFO] [BaseObject.py] [get_value] [37] 当前选择框中的值为：火花小
[2018-08-13 17:29:39.658638] [INFO] [Selector_new2.py] [select_key_search_order] [701] 在搜索框中输入关键字, 并根据orderlist选择对应选项
[2018-08-13 17:29:45.048946] [INFO] [Selector_new2.py] [_select_by_order_list] [490] 通过元素在HTML中的顺序orderlist[]设置选项
[2018-08-13 17:29:45.279959] [INFO] [Selector_new2.py] [_select_by_order_list] [506] 所设置的选项为：
[2018-08-13 17:29:45.280959] [INFO] [Selector_new2.py] [_select_by_order_list] [507] ['局部竖条纹', '全景横条纹']
[2018-08-13 17:30:12.017488] [INFO] [Selector_new2.py] [clear_button_search] [654] 清除搜索框中的所有信息
[2018-08-13 17:31:42.913342] [INFO] [BaseObject.py] [get_options] [46] 获取所有选项：
[2018-08-13 17:31:43.833395] [INFO] [BaseObject.py] [get_options] [53] ['局部补光不足', '延迟传回', '局部和全景补光不足', '局部横条纹', '局部竖条纹', '全景横条纹', '全景竖条纹', '局部和全景横条纹', '局部和全景竖条纹', '火花过爆', '惯导异常', '环境温度异常', '玻璃脏', '无火花', '火花小', '局部曝光过度', '全景曝光过度', '雨天红外成像效果差', '隧道红外成像效果差', '局部成像效果差', '全景成像效果差', '局部帧率不足', '全景帧率不足', '定位错误', 'IP改变无局部', 'IP改变无全景', '连接异常无局部', '连接异常无全景', '红外图像差', '延迟处理', '全景补光不足']
[2018-08-13 17:31:43.834395] [INFO] [BaseObject.py] [get_value] [36] 获取当前选择框中的值
[2018-08-13 17:31:43.844395] [INFO] [BaseObject.py] [get_value] [37] 当前选择框中的值为：火花小
[2018-08-13 17:31:43.850396] [INFO] [BaseObject.py] [get_value] [36] 获取当前选择框中的值
[2018-08-13 17:31:43.855396] [INFO] [BaseObject.py] [get_value] [37] 当前选择框中的值为：火花小
[2018-08-13 17:31:43.866397] [INFO] [Selector_new2.py] [select_key_search_order] [701] 在搜索框中输入关键字, 并根据orderlist选择对应选项
[2018-08-13 17:31:49.368711] [INFO] [Selector_new2.py] [_select_by_order_list] [490] 通过元素在HTML中的顺序orderlist[]设置选项
[2018-08-13 17:31:49.881741] [INFO] [Selector_new2.py] [_select_by_order_list] [506] 所设置的选项为：
[2018-08-13 17:31:49.882741] [INFO] [Selector_new2.py] [_select_by_order_list] [507] ['局部横条纹', '局部竖条纹', '全景横条纹', '全景竖条纹']
[2018-08-13 17:33:35.331216] [INFO] [BaseObject.py] [get_options] [46] 获取所有选项：
[2018-08-13 17:33:36.271269] [INFO] [BaseObject.py] [get_options] [53] ['局部补光不足', '延迟传回', '局部和全景补光不足', '局部横条纹', '局部竖条纹', '全景横条纹', '全景竖条纹', '局部和全景横条纹', '局部和全景竖条纹', '火花过爆', '惯导异常', '环境温度异常', '玻璃脏', '无火花', '火花小', '局部曝光过度', '全景曝光过度', '雨天红外成像效果差', '隧道红外成像效果差', '局部成像效果差', '全景成像效果差', '局部帧率不足', '全景帧率不足', '定位错误', 'IP改变无局部', 'IP改变无全景', '连接异常无局部', '连接异常无全景', '红外图像差', '延迟处理', '全景补光不足']
[2018-08-13 17:33:36.272269] [INFO] [BaseObject.py] [get_value] [36] 获取当前选择框中的值
[2018-08-13 17:33:36.284270] [INFO] [BaseObject.py] [get_value] [37] 当前选择框中的值为：火花小
[2018-08-13 17:33:36.291270] [INFO] [BaseObject.py] [get_value] [36] 获取当前选择框中的值
[2018-08-13 17:33:36.302271] [INFO] [BaseObject.py] [get_value] [37] 当前选择框中的值为：火花小
[2018-08-13 17:33:36.314272] [INFO] [Selector_new2.py] [select_key_search_order] [701] 在搜索框中输入关键字, 并根据orderlist选择对应选项
[2018-08-13 17:33:41.833587] [INFO] [Selector_new2.py] [_select_by_order_list] [490] 通过元素在HTML中的顺序orderlist[]设置选项
