[2018-08-10 10:18:37.271669] [INFO] [BaseObject.py] [get_options] [46] 获取所有选项：
[2018-08-10 10:18:38.236724] [INFO] [BaseObject.py] [get_options] [53] ['局部补光不足', '延迟传回', '局部和全景补光不足', '局部横条纹', '局部竖条纹', '全景横条纹', '全景竖条纹', '局部和全景横条纹', '局部和全景竖条纹', '火花过爆', '惯导异常', '环境温度异常', '玻璃脏', '无火花', '火花小', '局部曝光过度', '全景曝光过度', '雨天红外成像效果差', '隧道红外成像效果差', '局部成像效果差', '全景成像效果差', '局部帧率不足', '全景帧率不足', '定位错误', 'IP改变无局部', 'IP改变无全景', '连接异常无局部', '连接异常无全景', '红外图像差', '延迟处理', '全景补光不足']
[2018-08-10 10:18:38.237724] [INFO] [BaseObject.py] [get_value] [36] 获取当前选择框中的值
[2018-08-10 10:18:38.243725] [INFO] [BaseObject.py] [get_value] [37] 当前选择框中的值为：火花小
[2018-08-10 10:18:55.277699] [INFO] [Selector_new2.py] [select_by_order_list] [465] 通过元素在HTML中的顺序orderlist[]设置选项
[2018-08-10 10:31:01.738250] [INFO] [BaseObject.py] [get_options] [46] 获取所有选项：
[2018-08-10 10:31:02.772309] [INFO] [BaseObject.py] [get_options] [53] ['局部补光不足', '延迟传回', '局部和全景补光不足', '局部横条纹', '局部竖条纹', '全景横条纹', '全景竖条纹', '局部和全景横条纹', '局部和全景竖条纹', '火花过爆', '惯导异常', '环境温度异常', '玻璃脏', '无火花', '火花小', '局部曝光过度', '全景曝光过度', '雨天红外成像效果差', '隧道红外成像效果差', '局部成像效果差', '全景成像效果差', '局部帧率不足', '全景帧率不足', '定位错误', 'IP改变无局部', 'IP改变无全景', '连接异常无局部', '连接异常无全景', '红外图像差', '延迟处理', '全景补光不足']
[2018-08-10 10:31:02.773309] [INFO] [BaseObject.py] [get_value] [36] 获取当前选择框中的值
[2018-08-10 10:31:02.784310] [INFO] [BaseObject.py] [get_value] [37] 当前选择框中的值为：火花小
[2018-08-10 10:31:02.790310] [INFO] [BaseObject.py] [select_by_order] [82] 通过元素在HTML中的顺序设置选项
[2018-08-10 10:31:05.044439] [INFO] [BaseObject.py] [select_by_order] [97] 所设置的选项为：局部补光不足
[2018-08-10 10:31:05.046439] [INFO] [BaseObject.py] [select_by_order] [82] 通过元素在HTML中的顺序设置选项
[2018-08-10 10:31:07.259566] [INFO] [BaseObject.py] [select_by_order] [97] 所设置的选项为：延迟传回
[2018-08-10 11:06:03.844484] [INFO] [BaseObject.py] [get_options] [46] 获取所有选项：
[2018-08-10 11:06:44.542812] [INFO] [BaseObject.py] [get_options] [53] ['局部补光不足', '延迟传回', '局部和全景补光不足', '局部横条纹', '局部竖条纹', '全景横条纹', '全景竖条纹', '局部和全景横条纹', '局部和全景竖条纹', '火花过爆', '惯导异常', '环境温度异常', '玻璃脏', '无火花', '火花小', '局部曝光过度', '全景曝光过度', '雨天红外成像效果差', '隧道红外成像效果差', '局部成像效果差', '全景成像效果差', '局部帧率不足', '全景帧率不足', '定位错误', 'IP改变无局部', 'IP改变无全景', '连接异常无局部', '连接异常无全景', '红外图像差', '延迟处理', '全景补光不足']
[2018-08-10 11:06:49.723108] [INFO] [BaseObject.py] [get_value] [36] 获取当前选择框中的值
[2018-08-10 11:06:49.750109] [INFO] [BaseObject.py] [get_value] [37] 当前选择框中的值为：火花小
[2018-08-10 11:06:56.438492] [INFO] [Selector_new2.py] [select_by_order_list] [465] 通过元素在HTML中的顺序orderlist[]设置选项
[2018-08-10 11:09:38.853782] [INFO] [BaseObject.py] [get_options] [46] 获取所有选项：
[2018-08-10 11:09:39.948844] [INFO] [BaseObject.py] [get_options] [53] ['局部补光不足', '延迟传回', '局部和全景补光不足', '局部横条纹', '局部竖条纹', '全景横条纹', '全景竖条纹', '局部和全景横条纹', '局部和全景竖条纹', '火花过爆', '惯导异常', '环境温度异常', '玻璃脏', '无火花', '火花小', '局部曝光过度', '全景曝光过度', '雨天红外成像效果差', '隧道红外成像效果差', '局部成像效果差', '全景成像效果差', '局部帧率不足', '全景帧率不足', '定位错误', 'IP改变无局部', 'IP改变无全景', '连接异常无局部', '连接异常无全景', '红外图像差', '延迟处理', '全景补光不足']
[2018-08-10 11:09:40.618883] [INFO] [BaseObject.py] [get_value] [36] 获取当前选择框中的值
[2018-08-10 11:09:40.674886] [INFO] [BaseObject.py] [get_value] [37] 当前选择框中的值为：火花小
[2018-08-10 11:10:41.435361] [INFO] [BaseObject.py] [get_options] [46] 获取所有选项：
[2018-08-10 11:10:42.432418] [INFO] [BaseObject.py] [get_options] [53] ['局部补光不足', '延迟传回', '局部和全景补光不足', '局部横条纹', '局部竖条纹', '全景横条纹', '全景竖条纹', '局部和全景横条纹', '局部和全景竖条纹', '火花过爆', '惯导异常', '环境温度异常', '玻璃脏', '无火花', '火花小', '局部曝光过度', '全景曝光过度', '雨天红外成像效果差', '隧道红外成像效果差', '局部成像效果差', '全景成像效果差', '局部帧率不足', '全景帧率不足', '定位错误', 'IP改变无局部', 'IP改变无全景', '连接异常无局部', '连接异常无全景', '红外图像差', '延迟处理', '全景补光不足']
[2018-08-10 11:10:42.433418] [INFO] [BaseObject.py] [get_value] [36] 获取当前选择框中的值
[2018-08-10 11:10:42.438418] [INFO] [BaseObject.py] [get_value] [37] 当前选择框中的值为：火花小
[2018-08-10 11:12:15.779757] [INFO] [BaseObject.py] [get_options] [46] 获取所有选项：
[2018-08-10 11:12:16.798816] [INFO] [BaseObject.py] [get_options] [53] ['局部补光不足', '延迟传回', '局部和全景补光不足', '局部横条纹', '局部竖条纹', '全景横条纹', '全景竖条纹', '局部和全景横条纹', '局部和全景竖条纹', '火花过爆', '惯导异常', '环境温度异常', '玻璃脏', '无火花', '火花小', '局部曝光过度', '全景曝光过度', '雨天红外成像效果差', '隧道红外成像效果差', '局部成像效果差', '全景成像效果差', '局部帧率不足', '全景帧率不足', '定位错误', 'IP改变无局部', 'IP改变无全景', '连接异常无局部', '连接异常无全景', '红外图像差', '延迟处理', '全景补光不足']
[2018-08-10 11:12:16.800816] [INFO] [BaseObject.py] [get_value] [36] 获取当前选择框中的值
[2018-08-10 11:12:16.813816] [INFO] [BaseObject.py] [get_value] [37] 当前选择框中的值为：火花小
[2018-08-10 11:13:35.108295] [INFO] [BaseObject.py] [get_options] [46] 获取所有选项：
[2018-08-10 11:13:36.109352] [INFO] [BaseObject.py] [get_options] [53] ['局部补光不足', '延迟传回', '局部和全景补光不足', '局部横条纹', '局部竖条纹', '全景横条纹', '全景竖条纹', '局部和全景横条纹', '局部和全景竖条纹', '火花过爆', '惯导异常', '环境温度异常', '玻璃脏', '无火花', '火花小', '局部曝光过度', '全景曝光过度', '雨天红外成像效果差', '隧道红外成像效果差', '局部成像效果差', '全景成像效果差', '局部帧率不足', '全景帧率不足', '定位错误', 'IP改变无局部', 'IP改变无全景', '连接异常无局部', '连接异常无全景', '红外图像差', '延迟处理', '全景补光不足']
[2018-08-10 11:13:36.111352] [INFO] [BaseObject.py] [get_value] [36] 获取当前选择框中的值
[2018-08-10 11:13:36.121353] [INFO] [BaseObject.py] [get_value] [37] 当前选择框中的值为：火花小
[2018-08-10 11:19:45.038453] [INFO] [BaseObject.py] [get_options] [46] 获取所有选项：
[2018-08-10 11:19:46.020510] [INFO] [BaseObject.py] [get_options] [53] ['局部补光不足', '延迟传回', '局部和全景补光不足', '局部横条纹', '局部竖条纹', '全景横条纹', '全景竖条纹', '局部和全景横条纹', '局部和全景竖条纹', '火花过爆', '惯导异常', '环境温度异常', '玻璃脏', '无火花', '火花小', '局部曝光过度', '全景曝光过度', '雨天红外成像效果差', '隧道红外成像效果差', '局部成像效果差', '全景成像效果差', '局部帧率不足', '全景帧率不足', '定位错误', 'IP改变无局部', 'IP改变无全景', '连接异常无局部', '连接异常无全景', '红外图像差', '延迟处理', '全景补光不足']
[2018-08-10 11:19:46.021510] [INFO] [BaseObject.py] [get_value] [36] 获取当前选择框中的值
[2018-08-10 11:19:46.032510] [INFO] [BaseObject.py] [get_value] [37] 当前选择框中的值为：火花小
[2018-08-10 11:25:39.913621] [INFO] [BaseObject.py] [get_options] [46] 获取所有选项：
[2018-08-10 11:25:40.865676] [INFO] [BaseObject.py] [get_options] [53] ['局部补光不足', '延迟传回', '局部和全景补光不足', '局部横条纹', '局部竖条纹', '全景横条纹', '全景竖条纹', '局部和全景横条纹', '局部和全景竖条纹', '火花过爆', '惯导异常', '环境温度异常', '玻璃脏', '无火花', '火花小', '局部曝光过度', '全景曝光过度', '雨天红外成像效果差', '隧道红外成像效果差', '局部成像效果差', '全景成像效果差', '局部帧率不足', '全景帧率不足', '定位错误', 'IP改变无局部', 'IP改变无全景', '连接异常无局部', '连接异常无全景', '红外图像差', '延迟处理', '全景补光不足']
[2018-08-10 11:25:40.866676] [INFO] [BaseObject.py] [get_value] [36] 获取当前选择框中的值
[2018-08-10 11:25:40.876676] [INFO] [BaseObject.py] [get_value] [37] 当前选择框中的值为：火花小
[2018-08-10 11:28:18.880714] [INFO] [BaseObject.py] [get_options] [46] 获取所有选项：
[2018-08-10 11:28:19.883771] [INFO] [BaseObject.py] [get_options] [53] ['局部补光不足', '延迟传回', '局部和全景补光不足', '局部横条纹', '局部竖条纹', '全景横条纹', '全景竖条纹', '局部和全景横条纹', '局部和全景竖条纹', '火花过爆', '惯导异常', '环境温度异常', '玻璃脏', '无火花', '火花小', '局部曝光过度', '全景曝光过度', '雨天红外成像效果差', '隧道红外成像效果差', '局部成像效果差', '全景成像效果差', '局部帧率不足', '全景帧率不足', '定位错误', 'IP改变无局部', 'IP改变无全景', '连接异常无局部', '连接异常无全景', '红外图像差', '延迟处理', '全景补光不足']
[2018-08-10 11:28:19.885771] [INFO] [BaseObject.py] [get_value] [36] 获取当前选择框中的值
[2018-08-10 11:28:19.895772] [INFO] [BaseObject.py] [get_value] [37] 当前选择框中的值为：火花小
[2018-08-10 11:29:40.191364] [INFO] [BaseObject.py] [get_options] [46] 获取所有选项：
[2018-08-10 11:29:41.173421] [INFO] [BaseObject.py] [get_options] [53] ['局部补光不足', '延迟传回', '局部和全景补光不足', '局部横条纹', '局部竖条纹', '全景横条纹', '全景竖条纹', '局部和全景横条纹', '局部和全景竖条纹', '火花过爆', '惯导异常', '环境温度异常', '玻璃脏', '无火花', '火花小', '局部曝光过度', '全景曝光过度', '雨天红外成像效果差', '隧道红外成像效果差', '局部成像效果差', '全景成像效果差', '局部帧率不足', '全景帧率不足', '定位错误', 'IP改变无局部', 'IP改变无全景', '连接异常无局部', '连接异常无全景', '红外图像差', '延迟处理', '全景补光不足']
[2018-08-10 11:29:41.174421] [INFO] [BaseObject.py] [get_value] [36] 获取当前选择框中的值
[2018-08-10 11:29:41.184421] [INFO] [BaseObject.py] [get_value] [37] 当前选择框中的值为：火花小
[2018-08-10 11:38:45.738622] [INFO] [BaseObject.py] [get_options] [46] 获取所有选项：
[2018-08-10 11:38:46.762681] [INFO] [BaseObject.py] [get_options] [53] ['局部补光不足', '延迟传回', '局部和全景补光不足', '局部横条纹', '局部竖条纹', '全景横条纹', '全景竖条纹', '局部和全景横条纹', '局部和全景竖条纹', '火花过爆', '惯导异常', '环境温度异常', '玻璃脏', '无火花', '火花小', '局部曝光过度', '全景曝光过度', '雨天红外成像效果差', '隧道红外成像效果差', '局部成像效果差', '全景成像效果差', '局部帧率不足', '全景帧率不足', '定位错误', 'IP改变无局部', 'IP改变无全景', '连接异常无局部', '连接异常无全景', '红外图像差', '延迟处理', '全景补光不足']
[2018-08-10 11:38:46.764681] [INFO] [BaseObject.py] [get_value] [36] 获取当前选择框中的值
[2018-08-10 11:38:46.780682] [INFO] [BaseObject.py] [get_value] [37] 当前选择框中的值为：火花小
[2018-08-10 11:45:15.664515] [INFO] [BaseObject.py] [get_options] [46] 获取所有选项：
[2018-08-10 11:45:16.548566] [INFO] [BaseObject.py] [get_options] [53] ['局部补光不足', '延迟传回', '局部和全景补光不足', '局部横条纹', '局部竖条纹', '全景横条纹', '全景竖条纹', '局部和全景横条纹', '局部和全景竖条纹', '火花过爆', '惯导异常', '环境温度异常', '玻璃脏', '无火花', '火花小', '局部曝光过度', '全景曝光过度', '雨天红外成像效果差', '隧道红外成像效果差', '局部成像效果差', '全景成像效果差', '局部帧率不足', '全景帧率不足', '定位错误', 'IP改变无局部', 'IP改变无全景', '连接异常无局部', '连接异常无全景', '红外图像差', '延迟处理', '全景补光不足']
[2018-08-10 11:45:16.548566] [INFO] [BaseObject.py] [get_value] [36] 获取当前选择框中的值
[2018-08-10 11:45:16.553566] [INFO] [BaseObject.py] [get_value] [37] 当前选择框中的值为：火花小
[2018-08-10 11:45:18.870698] [INFO] [Selector_new2.py] [select_by_order_list] [483] 所设置的选项为：延迟传回
[2018-08-10 12:59:36.451607] [INFO] [BaseObject.py] [get_options] [46] 获取所有选项：
[2018-08-10 12:59:42.490952] [INFO] [BaseObject.py] [get_options] [53] ['局部补光不足', '延迟传回', '局部和全景补光不足', '局部横条纹', '局部竖条纹', '全景横条纹', '全景竖条纹', '局部和全景横条纹', '局部和全景竖条纹', '火花过爆', '惯导异常', '环境温度异常', '玻璃脏', '无火花', '火花小', '局部曝光过度', '全景曝光过度', '雨天红外成像效果差', '隧道红外成像效果差', '局部成像效果差', '全景成像效果差', '局部帧率不足', '全景帧率不足', '定位错误', 'IP改变无局部', 'IP改变无全景', '连接异常无局部', '连接异常无全景', '红外图像差', '延迟处理', '全景补光不足']
[2018-08-10 12:59:42.490952] [INFO] [BaseObject.py] [get_value] [36] 获取当前选择框中的值
[2018-08-10 12:59:42.500953] [INFO] [BaseObject.py] [get_value] [37] 当前选择框中的值为：火花小
[2018-08-10 12:59:42.503953] [INFO] [Selector_new2.py] [select_by_order_list] [465] 通过元素在HTML中的顺序orderlist[]设置选项
[2018-08-10 13:00:49.906808] [INFO] [BaseObject.py] [get_options] [46] 获取所有选项：
[2018-08-10 13:00:50.876864] [INFO] [BaseObject.py] [get_options] [53] ['局部补光不足', '延迟传回', '局部和全景补光不足', '局部横条纹', '局部竖条纹', '全景横条纹', '全景竖条纹', '局部和全景横条纹', '局部和全景竖条纹', '火花过爆', '惯导异常', '环境温度异常', '玻璃脏', '无火花', '火花小', '局部曝光过度', '全景曝光过度', '雨天红外成像效果差', '隧道红外成像效果差', '局部成像效果差', '全景成像效果差', '局部帧率不足', '全景帧率不足', '定位错误', 'IP改变无局部', 'IP改变无全景', '连接异常无局部', '连接异常无全景', '红外图像差', '延迟处理', '全景补光不足']
[2018-08-10 13:00:50.877864] [INFO] [BaseObject.py] [get_value] [36] 获取当前选择框中的值
[2018-08-10 13:00:50.888864] [INFO] [BaseObject.py] [get_value] [37] 当前选择框中的值为：火花小
[2018-08-10 13:06:11.150182] [INFO] [BaseObject.py] [get_options] [46] 获取所有选项：
[2018-08-10 13:06:12.045234] [INFO] [BaseObject.py] [get_options] [53] ['局部补光不足', '延迟传回', '局部和全景补光不足', '局部横条纹', '局部竖条纹', '全景横条纹', '全景竖条纹', '局部和全景横条纹', '局部和全景竖条纹', '火花过爆', '惯导异常', '环境温度异常', '玻璃脏', '无火花', '火花小', '局部曝光过度', '全景曝光过度', '雨天红外成像效果差', '隧道红外成像效果差', '局部成像效果差', '全景成像效果差', '局部帧率不足', '全景帧率不足', '定位错误', 'IP改变无局部', 'IP改变无全景', '连接异常无局部', '连接异常无全景', '红外图像差', '延迟处理', '全景补光不足']
[2018-08-10 13:06:12.046234] [INFO] [BaseObject.py] [get_value] [36] 获取当前选择框中的值
[2018-08-10 13:06:12.054234] [INFO] [BaseObject.py] [get_value] [37] 当前选择框中的值为：火花小
[2018-08-10 13:07:07.826424] [INFO] [BaseObject.py] [get_options] [46] 获取所有选项：
[2018-08-10 13:07:08.762478] [INFO] [BaseObject.py] [get_options] [53] ['局部补光不足', '延迟传回', '局部和全景补光不足', '局部横条纹', '局部竖条纹', '全景横条纹', '全景竖条纹', '局部和全景横条纹', '局部和全景竖条纹', '火花过爆', '惯导异常', '环境温度异常', '玻璃脏', '无火花', '火花小', '局部曝光过度', '全景曝光过度', '雨天红外成像效果差', '隧道红外成像效果差', '局部成像效果差', '全景成像效果差', '局部帧率不足', '全景帧率不足', '定位错误', 'IP改变无局部', 'IP改变无全景', '连接异常无局部', '连接异常无全景', '红外图像差', '延迟处理', '全景补光不足']
[2018-08-10 13:07:08.763478] [INFO] [BaseObject.py] [get_value] [36] 获取当前选择框中的值
[2018-08-10 13:07:08.773478] [INFO] [BaseObject.py] [get_value] [37] 当前选择框中的值为：火花小
[2018-08-10 13:07:08.779479] [INFO] [Selector_new2.py] [select_by_order_list] [465] 通过元素在HTML中的顺序orderlist[]设置选项
[2018-08-10 13:08:56.661649] [INFO] [BaseObject.py] [get_options] [46] 获取所有选项：
[2018-08-10 13:08:57.612704] [INFO] [BaseObject.py] [get_options] [53] ['局部补光不足', '延迟传回', '局部和全景补光不足', '局部横条纹', '局部竖条纹', '全景横条纹', '全景竖条纹', '局部和全景横条纹', '局部和全景竖条纹', '火花过爆', '惯导异常', '环境温度异常', '玻璃脏', '无火花', '火花小', '局部曝光过度', '全景曝光过度', '雨天红外成像效果差', '隧道红外成像效果差', '局部成像效果差', '全景成像效果差', '局部帧率不足', '全景帧率不足', '定位错误', 'IP改变无局部', 'IP改变无全景', '连接异常无局部', '连接异常无全景', '红外图像差', '延迟处理', '全景补光不足']
[2018-08-10 13:08:57.613704] [INFO] [BaseObject.py] [get_value] [36] 获取当前选择框中的值
[2018-08-10 13:08:57.625704] [INFO] [BaseObject.py] [get_value] [37] 当前选择框中的值为：火花小
[2018-08-10 13:09:17.947867] [INFO] [Selector_new2.py] [select_by_order_list] [465] 通过元素在HTML中的顺序orderlist[]设置选项
[2018-08-10 13:09:57.619136] [INFO] [BaseObject.py] [get_options] [46] 获取所有选项：
[2018-08-10 13:09:58.600192] [INFO] [BaseObject.py] [get_options] [53] ['局部补光不足', '延迟传回', '局部和全景补光不足', '局部横条纹', '局部竖条纹', '全景横条纹', '全景竖条纹', '局部和全景横条纹', '局部和全景竖条纹', '火花过爆', '惯导异常', '环境温度异常', '玻璃脏', '无火花', '火花小', '局部曝光过度', '全景曝光过度', '雨天红外成像效果差', '隧道红外成像效果差', '局部成像效果差', '全景成像效果差', '局部帧率不足', '全景帧率不足', '定位错误', 'IP改变无局部', 'IP改变无全景', '连接异常无局部', '连接异常无全景', '红外图像差', '延迟处理', '全景补光不足']
[2018-08-10 13:09:58.601192] [INFO] [BaseObject.py] [get_value] [36] 获取当前选择框中的值
[2018-08-10 13:09:58.612192] [INFO] [BaseObject.py] [get_value] [37] 当前选择框中的值为：火花小
[2018-08-10 13:09:58.620193] [INFO] [Selector_new2.py] [select_by_order_list] [465] 通过元素在HTML中的顺序orderlist[]设置选项
[2018-08-10 13:10:33.311177] [INFO] [BaseObject.py] [get_options] [46] 获取所有选项：
[2018-08-10 13:10:34.326235] [INFO] [BaseObject.py] [get_options] [53] ['局部补光不足', '延迟传回', '局部和全景补光不足', '局部横条纹', '局部竖条纹', '全景横条纹', '全景竖条纹', '局部和全景横条纹', '局部和全景竖条纹', '火花过爆', '惯导异常', '环境温度异常', '玻璃脏', '无火花', '火花小', '局部曝光过度', '全景曝光过度', '雨天红外成像效果差', '隧道红外成像效果差', '局部成像效果差', '全景成像效果差', '局部帧率不足', '全景帧率不足', '定位错误', 'IP改变无局部', 'IP改变无全景', '连接异常无局部', '连接异常无全景', '红外图像差', '延迟处理', '全景补光不足']
[2018-08-10 13:10:34.328235] [INFO] [BaseObject.py] [get_value] [36] 获取当前选择框中的值
[2018-08-10 13:10:34.337236] [INFO] [BaseObject.py] [get_value] [37] 当前选择框中的值为：火花小
[2018-08-10 13:10:34.344236] [INFO] [Selector_new2.py] [select_by_order_list] [465] 通过元素在HTML中的顺序orderlist[]设置选项
[2018-08-10 13:13:18.671635] [INFO] [BaseObject.py] [get_options] [46] 获取所有选项：
[2018-08-10 13:13:19.627690] [INFO] [BaseObject.py] [get_options] [53] ['局部补光不足', '延迟传回', '局部和全景补光不足', '局部横条纹', '局部竖条纹', '全景横条纹', '全景竖条纹', '局部和全景横条纹', '局部和全景竖条纹', '火花过爆', '惯导异常', '环境温度异常', '玻璃脏', '无火花', '火花小', '局部曝光过度', '全景曝光过度', '雨天红外成像效果差', '隧道红外成像效果差', '局部成像效果差', '全景成像效果差', '局部帧率不足', '全景帧率不足', '定位错误', 'IP改变无局部', 'IP改变无全景', '连接异常无局部', '连接异常无全景', '红外图像差', '延迟处理', '全景补光不足']
[2018-08-10 13:13:19.628690] [INFO] [BaseObject.py] [get_value] [36] 获取当前选择框中的值
[2018-08-10 13:13:19.638691] [INFO] [BaseObject.py] [get_value] [37] 当前选择框中的值为：火花小
[2018-08-10 13:13:19.644691] [INFO] [Selector_new2.py] [select_by_order_list] [465] 通过元素在HTML中的顺序orderlist[]设置选项
[2018-08-10 13:14:32.162830] [INFO] [BaseObject.py] [get_options] [46] 获取所有选项：
[2018-08-10 13:14:33.098884] [INFO] [BaseObject.py] [get_options] [53] ['局部补光不足', '延迟传回', '局部和全景补光不足', '局部横条纹', '局部竖条纹', '全景横条纹', '全景竖条纹', '局部和全景横条纹', '局部和全景竖条纹', '火花过爆', '惯导异常', '环境温度异常', '玻璃脏', '无火花', '火花小', '局部曝光过度', '全景曝光过度', '雨天红外成像效果差', '隧道红外成像效果差', '局部成像效果差', '全景成像效果差', '局部帧率不足', '全景帧率不足', '定位错误', 'IP改变无局部', 'IP改变无全景', '连接异常无局部', '连接异常无全景', '红外图像差', '延迟处理', '全景补光不足']
[2018-08-10 13:14:33.100884] [INFO] [BaseObject.py] [get_value] [36] 获取当前选择框中的值
[2018-08-10 13:14:33.132886] [INFO] [BaseObject.py] [get_value] [37] 当前选择框中的值为：火花小
[2018-08-10 13:14:33.140886] [INFO] [Selector_new2.py] [select_by_order_list] [465] 通过元素在HTML中的顺序orderlist[]设置选项
[2018-08-10 13:15:10.408405] [INFO] [BaseObject.py] [get_options] [46] 获取所有选项：
[2018-08-10 13:15:11.312457] [INFO] [BaseObject.py] [get_options] [53] ['局部补光不足', '延迟传回', '局部和全景补光不足', '局部横条纹', '局部竖条纹', '全景横条纹', '全景竖条纹', '局部和全景横条纹', '局部和全景竖条纹', '火花过爆', '惯导异常', '环境温度异常', '玻璃脏', '无火花', '火花小', '局部曝光过度', '全景曝光过度', '雨天红外成像效果差', '隧道红外成像效果差', '局部成像效果差', '全景成像效果差', '局部帧率不足', '全景帧率不足', '定位错误', 'IP改变无局部', 'IP改变无全景', '连接异常无局部', '连接异常无全景', '红外图像差', '延迟处理', '全景补光不足']
[2018-08-10 13:15:11.314457] [INFO] [BaseObject.py] [get_value] [36] 获取当前选择框中的值
[2018-08-10 13:15:11.323458] [INFO] [BaseObject.py] [get_value] [37] 当前选择框中的值为：火花小
[2018-08-10 13:15:11.330458] [INFO] [Selector_new2.py] [select_by_order_list] [465] 通过元素在HTML中的顺序orderlist[]设置选项
[2018-08-10 13:16:45.255691] [INFO] [BaseObject.py] [get_options] [46] 获取所有选项：
[2018-08-10 13:16:46.206746] [INFO] [BaseObject.py] [get_options] [53] ['局部补光不足', '延迟传回', '局部和全景补光不足', '局部横条纹', '局部竖条纹', '全景横条纹', '全景竖条纹', '局部和全景横条纹', '局部和全景竖条纹', '火花过爆', '惯导异常', '环境温度异常', '玻璃脏', '无火花', '火花小', '局部曝光过度', '全景曝光过度', '雨天红外成像效果差', '隧道红外成像效果差', '局部成像效果差', '全景成像效果差', '局部帧率不足', '全景帧率不足', '定位错误', 'IP改变无局部', 'IP改变无全景', '连接异常无局部', '连接异常无全景', '红外图像差', '延迟处理', '全景补光不足']
[2018-08-10 13:16:46.207746] [INFO] [BaseObject.py] [get_value] [36] 获取当前选择框中的值
[2018-08-10 13:16:46.213746] [INFO] [BaseObject.py] [get_value] [37] 当前选择框中的值为：火花小
[2018-08-10 13:16:46.225747] [INFO] [Selector_new2.py] [select_by_order_list] [465] 通过元素在HTML中的顺序orderlist[]设置选项
[2018-08-10 13:16:48.626884] [INFO] [Selector_new2.py] [select_by_order_list] [486] ['延迟传回', '局部和全景补光不足']
[2018-08-10 13:17:43.557086] [INFO] [BaseObject.py] [get_options] [46] 获取所有选项：
[2018-08-10 13:17:44.473138] [INFO] [BaseObject.py] [get_options] [53] ['局部补光不足', '延迟传回', '局部和全景补光不足', '局部横条纹', '局部竖条纹', '全景横条纹', '全景竖条纹', '局部和全景横条纹', '局部和全景竖条纹', '火花过爆', '惯导异常', '环境温度异常', '玻璃脏', '无火花', '火花小', '局部曝光过度', '全景曝光过度', '雨天红外成像效果差', '隧道红外成像效果差', '局部成像效果差', '全景成像效果差', '局部帧率不足', '全景帧率不足', '定位错误', 'IP改变无局部', 'IP改变无全景', '连接异常无局部', '连接异常无全景', '红外图像差', '延迟处理', '全景补光不足']
[2018-08-10 13:17:44.474138] [INFO] [BaseObject.py] [get_value] [36] 获取当前选择框中的值
[2018-08-10 13:17:44.479139] [INFO] [BaseObject.py] [get_value] [37] 当前选择框中的值为：火花小
[2018-08-10 13:17:44.482139] [INFO] [Selector_new2.py] [select_by_order_list] [465] 通过元素在HTML中的顺序orderlist[]设置选项
[2018-08-10 13:17:46.962281] [INFO] [Selector_new2.py] [select_by_order_list] [486] 所设置的选项为：
[2018-08-10 13:17:46.963281] [INFO] [Selector_new2.py] [select_by_order_list] [487] ['延迟传回', '局部和全景补光不足']
[2018-08-10 13:20:32.311818] [INFO] [BaseObject.py] [get_options] [46] 获取所有选项：
[2018-08-10 13:20:33.245872] [INFO] [BaseObject.py] [get_options] [53] ['局部补光不足', '延迟传回', '局部和全景补光不足', '局部横条纹', '局部竖条纹', '全景横条纹', '全景竖条纹', '局部和全景横条纹', '局部和全景竖条纹', '火花过爆', '惯导异常', '环境温度异常', '玻璃脏', '无火花', '火花小', '局部曝光过度', '全景曝光过度', '雨天红外成像效果差', '隧道红外成像效果差', '局部成像效果差', '全景成像效果差', '局部帧率不足', '全景帧率不足', '定位错误', 'IP改变无局部', 'IP改变无全景', '连接异常无局部', '连接异常无全景', '红外图像差', '延迟处理', '全景补光不足']
[2018-08-10 13:20:33.247872] [INFO] [BaseObject.py] [get_value] [36] 获取当前选择框中的值
[2018-08-10 13:20:33.257872] [INFO] [BaseObject.py] [get_value] [37] 当前选择框中的值为：火花小
[2018-08-10 13:23:48.254817] [INFO] [BaseObject.py] [get_options] [46] 获取所有选项：
[2018-08-10 13:23:49.275875] [INFO] [BaseObject.py] [get_options] [53] ['局部补光不足', '延迟传回', '局部和全景补光不足', '局部横条纹', '局部竖条纹', '全景横条纹', '全景竖条纹', '局部和全景横条纹', '局部和全景竖条纹', '火花过爆', '惯导异常', '环境温度异常', '玻璃脏', '无火花', '火花小', '局部曝光过度', '全景曝光过度', '雨天红外成像效果差', '隧道红外成像效果差', '局部成像效果差', '全景成像效果差', '局部帧率不足', '全景帧率不足', '定位错误', 'IP改变无局部', 'IP改变无全景', '连接异常无局部', '连接异常无全景', '红外图像差', '延迟处理', '全景补光不足']
[2018-08-10 13:23:49.276875] [INFO] [BaseObject.py] [get_value] [36] 获取当前选择框中的值
[2018-08-10 13:23:49.285876] [INFO] [BaseObject.py] [get_value] [37] 当前选择框中的值为：火花小
[2018-08-10 13:23:49.293876] [INFO] [Selector_new2.py] [select_by_order_list] [465] 通过元素在HTML中的顺序orderlist[]设置选项
[2018-08-10 13:23:51.960029] [INFO] [Selector_new2.py] [select_by_order_list] [487] 所设置的选项为：
[2018-08-10 13:23:51.961029] [INFO] [Selector_new2.py] [select_by_order_list] [488] ['局部竖条纹', '局部和全景横条纹', '延迟传回', '局部和全景补光不足']
[2018-08-10 13:25:00.247935] [INFO] [BaseObject.py] [get_options] [46] 获取所有选项：
[2018-08-10 13:25:01.194989] [INFO] [BaseObject.py] [get_options] [53] ['局部补光不足', '延迟传回', '局部和全景补光不足', '局部横条纹', '局部竖条纹', '全景横条纹', '全景竖条纹', '局部和全景横条纹', '局部和全景竖条纹', '火花过爆', '惯导异常', '环境温度异常', '玻璃脏', '无火花', '火花小', '局部曝光过度', '全景曝光过度', '雨天红外成像效果差', '隧道红外成像效果差', '局部成像效果差', '全景成像效果差', '局部帧率不足', '全景帧率不足', '定位错误', 'IP改变无局部', 'IP改变无全景', '连接异常无局部', '连接异常无全景', '红外图像差', '延迟处理', '全景补光不足']
[2018-08-10 13:25:01.196989] [INFO] [BaseObject.py] [get_value] [36] 获取当前选择框中的值
[2018-08-10 13:25:01.201989] [INFO] [BaseObject.py] [get_value] [37] 当前选择框中的值为：火花小
[2018-08-10 13:25:01.210990] [INFO] [Selector_new2.py] [select_by_order_list] [465] 通过元素在HTML中的顺序orderlist[]设置选项
[2018-08-10 13:25:03.999149] [INFO] [Selector_new2.py] [select_by_order_list] [487] 所设置的选项为：
[2018-08-10 13:25:04.001149] [INFO] [Selector_new2.py] [select_by_order_list] [488] ['局部竖条纹', '局部和全景横条纹', '延迟传回', '局部和全景补光不足', '局部竖条纹', '局部和全景横条纹']
[2018-08-10 13:31:50.809805] [INFO] [BaseObject.py] [get_options] [46] 获取所有选项：
[2018-08-10 13:31:51.742859] [INFO] [BaseObject.py] [get_options] [53] ['局部补光不足', '延迟传回', '局部和全景补光不足', '局部横条纹', '局部竖条纹', '全景横条纹', '全景竖条纹', '局部和全景横条纹', '局部和全景竖条纹', '火花过爆', '惯导异常', '环境温度异常', '玻璃脏', '无火花', '火花小', '局部曝光过度', '全景曝光过度', '雨天红外成像效果差', '隧道红外成像效果差', '局部成像效果差', '全景成像效果差', '局部帧率不足', '全景帧率不足', '定位错误', 'IP改变无局部', 'IP改变无全景', '连接异常无局部', '连接异常无全景', '红外图像差', '延迟处理', '全景补光不足']
[2018-08-10 13:31:51.743859] [INFO] [BaseObject.py] [get_value] [36] 获取当前选择框中的值
[2018-08-10 13:31:51.753859] [INFO] [BaseObject.py] [get_value] [37] 当前选择框中的值为：火花小
[2018-08-10 13:31:51.758860] [INFO] [Selector_new2.py] [select_by_order_list] [468] 通过元素在HTML中的顺序orderlist[]设置选项
[2018-08-10 13:31:54.628024] [INFO] [Selector_new2.py] [select_by_order_list] [490] 所设置的选项为：
[2018-08-10 13:31:54.629024] [INFO] [Selector_new2.py] [select_by_order_list] [491] ['局部竖条纹', '局部和全景横条纹', '延迟传回', '局部和全景补光不足', '局部竖条纹', '局部和全景横条纹']
[2018-08-10 13:32:06.812721] [INFO] [BaseObject.py] [get_value] [36] 获取当前选择框中的值
[2018-08-10 13:32:32.773205] [INFO] [BaseObject.py] [get_value] [37] 当前选择框中的值为：延迟传回,局部和全景补光不足
[2018-08-10 13:34:02.731497] [INFO] [BaseObject.py] [get_options] [46] 获取所有选项：
[2018-08-10 13:34:03.681551] [INFO] [BaseObject.py] [get_options] [53] ['局部补光不足', '延迟传回', '局部和全景补光不足', '局部横条纹', '局部竖条纹', '全景横条纹', '全景竖条纹', '局部和全景横条纹', '局部和全景竖条纹', '火花过爆', '惯导异常', '环境温度异常', '玻璃脏', '无火花', '火花小', '局部曝光过度', '全景曝光过度', '雨天红外成像效果差', '隧道红外成像效果差', '局部成像效果差', '全景成像效果差', '局部帧率不足', '全景帧率不足', '定位错误', 'IP改变无局部', 'IP改变无全景', '连接异常无局部', '连接异常无全景', '红外图像差', '延迟处理', '全景补光不足']
[2018-08-10 13:34:03.682551] [INFO] [BaseObject.py] [get_value] [36] 获取当前选择框中的值
[2018-08-10 13:34:03.688552] [INFO] [BaseObject.py] [get_value] [37] 当前选择框中的值为：火花小
[2018-08-10 13:34:03.694552] [INFO] [Selector_new2.py] [select_by_order_list] [468] 通过元素在HTML中的顺序orderlist[]设置选项
[2018-08-10 13:34:06.476711] [INFO] [Selector_new2.py] [select_by_order_list] [490] 所设置的选项为：
[2018-08-10 13:34:06.477711] [INFO] [Selector_new2.py] [select_by_order_list] [491] ['局部竖条纹', '局部和全景横条纹', '延迟传回', '局部和全景补光不足']
[2018-08-10 13:34:06.552716] [INFO] [BaseObject.py] [get_value] [36] 获取当前选择框中的值
[2018-08-10 13:34:06.556716] [INFO] [BaseObject.py] [get_value] [37] 当前选择框中的值为：延迟传回,局部和全景补光不足,局部竖条纹,局部和全景横条纹
[2018-08-10 13:54:39.417772] [INFO] [BaseObject.py] [get_options] [46] 获取所有选项：
[2018-08-10 13:54:40.323824] [INFO] [BaseObject.py] [get_options] [53] ['局部补光不足', '延迟传回', '局部和全景补光不足', '局部横条纹', '局部竖条纹', '全景横条纹', '全景竖条纹', '局部和全景横条纹', '局部和全景竖条纹', '火花过爆', '惯导异常', '环境温度异常', '玻璃脏', '无火花', '火花小', '局部曝光过度', '全景曝光过度', '雨天红外成像效果差', '隧道红外成像效果差', '局部成像效果差', '全景成像效果差', '局部帧率不足', '全景帧率不足', '定位错误', 'IP改变无局部', 'IP改变无全景', '连接异常无局部', '连接异常无全景', '红外图像差', '延迟处理', '全景补光不足']
[2018-08-10 13:54:40.324824] [INFO] [BaseObject.py] [get_value] [36] 获取当前选择框中的值
[2018-08-10 13:54:40.331825] [INFO] [BaseObject.py] [get_value] [37] 当前选择框中的值为：火花小
[2018-08-10 13:54:43.106983] [INFO] [Selector_new2.py] [select_by_text_list] [522] 所设置的选项为：
[2018-08-10 13:54:43.106983] [INFO] [Selector_new2.py] [select_by_text_list] [523] ['局部竖条纹', '局部和全景横条纹', '延迟传回', '局部和全景补光不足']
[2018-08-10 13:54:43.173987] [INFO] [BaseObject.py] [get_value] [36] 获取当前选择框中的值
[2018-08-10 13:54:43.176987] [INFO] [BaseObject.py] [get_value] [37] 当前选择框中的值为：延迟传回,局部和全景补光不足,局部竖条纹,局部和全景横条纹
[2018-08-10 13:57:55.845330] [INFO] [BaseObject.py] [get_options] [46] 获取所有选项：
[2018-08-10 13:57:56.731381] [INFO] [BaseObject.py] [get_options] [53] ['局部补光不足', '延迟传回', '局部和全景补光不足', '局部横条纹', '局部竖条纹', '全景横条纹', '全景竖条纹', '局部和全景横条纹', '局部和全景竖条纹', '火花过爆', '惯导异常', '环境温度异常', '玻璃脏', '无火花', '火花小', '局部曝光过度', '全景曝光过度', '雨天红外成像效果差', '隧道红外成像效果差', '局部成像效果差', '全景成像效果差', '局部帧率不足', '全景帧率不足', '定位错误', 'IP改变无局部', 'IP改变无全景', '连接异常无局部', '连接异常无全景', '红外图像差', '延迟处理', '全景补光不足']
[2018-08-10 13:57:56.732381] [INFO] [BaseObject.py] [get_value] [36] 获取当前选择框中的值
[2018-08-10 13:57:56.739382] [INFO] [BaseObject.py] [get_value] [37] 当前选择框中的值为：火花小
[2018-08-10 13:57:59.804557] [INFO] [Selector_new2.py] [select_by_text_list] [522] 所设置的选项为：
[2018-08-10 13:57:59.806557] [INFO] [Selector_new2.py] [select_by_text_list] [523] ['局部竖条纹', '局部和全景横条纹', '延迟传回', '局部和全景补光不足', '火花小']
[2018-08-10 14:31:37.661546] [INFO] [BaseObject.py] [get_options] [46] 获取所有选项：
[2018-08-10 14:31:38.601600] [INFO] [BaseObject.py] [get_options] [53] ['局部补光不足', '延迟传回', '局部和全景补光不足', '局部横条纹', '局部竖条纹', '全景横条纹', '全景竖条纹', '局部和全景横条纹', '局部和全景竖条纹', '火花过爆', '惯导异常', '环境温度异常', '玻璃脏', '无火花', '火花小', '局部曝光过度', '全景曝光过度', '雨天红外成像效果差', '隧道红外成像效果差', '局部成像效果差', '全景成像效果差', '局部帧率不足', '全景帧率不足', '定位错误', 'IP改变无局部', 'IP改变无全景', '连接异常无局部', '连接异常无全景', '红外图像差', '延迟处理', '全景补光不足']
[2018-08-10 14:31:38.603600] [INFO] [BaseObject.py] [get_value] [36] 获取当前选择框中的值
[2018-08-10 14:31:38.611601] [INFO] [BaseObject.py] [get_value] [37] 当前选择框中的值为：火花小
[2018-08-10 14:31:41.622773] [INFO] [Selector_new2.py] [select_by_text_list] [525] 所设置的选项为：
[2018-08-10 14:31:41.622773] [INFO] [Selector_new2.py] [select_by_text_list] [526] ['局部竖条纹', '局部和全景横条纹', '延迟传回', '局部和全景补光不足', '火花小']
[2018-08-10 14:31:41.714778] [INFO] [BaseObject.py] [get_value] [36] 获取当前选择框中的值
[2018-08-10 14:31:41.722779] [INFO] [BaseObject.py] [get_value] [37] 当前选择框中的值为：延迟传回,局部和全景补光不足,局部竖条纹,局部和全景横条纹,火花小
[2018-08-10 14:33:32.951141] [INFO] [BaseObject.py] [get_options] [46] 获取所有选项：
[2018-08-10 14:33:33.848192] [INFO] [BaseObject.py] [get_options] [53] ['局部补光不足', '延迟传回', '局部和全景补光不足', '局部横条纹', '局部竖条纹', '全景横条纹', '全景竖条纹', '局部和全景横条纹', '局部和全景竖条纹', '火花过爆', '惯导异常', '环境温度异常', '玻璃脏', '无火花', '火花小', '局部曝光过度', '全景曝光过度', '雨天红外成像效果差', '隧道红外成像效果差', '局部成像效果差', '全景成像效果差', '局部帧率不足', '全景帧率不足', '定位错误', 'IP改变无局部', 'IP改变无全景', '连接异常无局部', '连接异常无全景', '红外图像差', '延迟处理', '全景补光不足']
[2018-08-10 14:33:33.849192] [INFO] [BaseObject.py] [get_value] [36] 获取当前选择框中的值
[2018-08-10 14:33:33.858193] [INFO] [BaseObject.py] [get_value] [37] 当前选择框中的值为：火花小
[2018-08-10 14:51:17.140009] [INFO] [BaseObject.py] [get_options] [46] 获取所有选项：
[2018-08-10 14:51:18.076062] [INFO] [BaseObject.py] [get_options] [53] ['局部补光不足', '延迟传回', '局部和全景补光不足', '局部横条纹', '局部竖条纹', '全景横条纹', '全景竖条纹', '局部和全景横条纹', '局部和全景竖条纹', '火花过爆', '惯导异常', '环境温度异常', '玻璃脏', '无火花', '火花小', '局部曝光过度', '全景曝光过度', '雨天红外成像效果差', '隧道红外成像效果差', '局部成像效果差', '全景成像效果差', '局部帧率不足', '全景帧率不足', '定位错误', 'IP改变无局部', 'IP改变无全景', '连接异常无局部', '连接异常无全景', '红外图像差', '延迟处理', '全景补光不足']
[2018-08-10 14:51:18.077062] [INFO] [BaseObject.py] [get_value] [36] 获取当前选择框中的值
[2018-08-10 14:51:18.083063] [INFO] [BaseObject.py] [get_value] [37] 当前选择框中的值为：火花小
[2018-08-10 14:51:20.376194] [INFO] [Selector_new2.py] [select_by_text_list] [525] 所设置的选项为：
[2018-08-10 14:51:20.377194] [INFO] [Selector_new2.py] [select_by_text_list] [526] ['局部竖条纹']
[2018-08-10 14:51:20.444198] [INFO] [BaseObject.py] [get_value] [36] 获取当前选择框中的值
[2018-08-10 14:51:20.447198] [INFO] [BaseObject.py] [get_value] [37] 当前选择框中的值为：局部竖条纹
[2018-08-10 15:09:42.359224] [INFO] [BaseObject.py] [get_options] [46] 获取所有选项：
[2018-08-10 15:09:43.439285] [INFO] [BaseObject.py] [get_options] [53] ['局部补光不足', '延迟传回', '局部和全景补光不足', '局部横条纹', '局部竖条纹', '全景横条纹', '全景竖条纹', '局部和全景横条纹', '局部和全景竖条纹', '火花过爆', '惯导异常', '环境温度异常', '玻璃脏', '无火花', '火花小', '局部曝光过度', '全景曝光过度', '雨天红外成像效果差', '隧道红外成像效果差', '局部成像效果差', '全景成像效果差', '局部帧率不足', '全景帧率不足', '定位错误', 'IP改变无局部', 'IP改变无全景', '连接异常无局部', '连接异常无全景', '红外图像差', '延迟处理', '全景补光不足']
[2018-08-10 15:09:43.439285] [INFO] [BaseObject.py] [get_value] [36] 获取当前选择框中的值
[2018-08-10 15:09:43.444286] [INFO] [BaseObject.py] [get_value] [37] 当前选择框中的值为：火花小
[2018-08-10 15:09:43.452286] [INFO] [Selector_new2.py] [select_by_order_list] [467] 通过元素在HTML中的顺序orderlist[]设置选项
[2018-08-10 15:09:46.191443] [INFO] [Selector_new2.py] [select_by_order_list] [492] 所设置的选项为：
[2018-08-10 15:09:46.191443] [INFO] [Selector_new2.py] [select_by_order_list] [493] ['局部竖条纹', '局部和全景横条纹', '延迟传回', '局部和全景补光不足']
[2018-08-10 15:09:46.260447] [INFO] [BaseObject.py] [get_value] [36] 获取当前选择框中的值
[2018-08-10 15:09:46.270447] [INFO] [BaseObject.py] [get_value] [37] 当前选择框中的值为：延迟传回,局部和全景补光不足,局部竖条纹,局部和全景横条纹
[2018-08-10 15:11:09.423203] [INFO] [BaseObject.py] [get_options] [46] 获取所有选项：
[2018-08-10 15:11:10.350256] [INFO] [BaseObject.py] [get_options] [53] ['局部补光不足', '延迟传回', '局部和全景补光不足', '局部横条纹', '局部竖条纹', '全景横条纹', '全景竖条纹', '局部和全景横条纹', '局部和全景竖条纹', '火花过爆', '惯导异常', '环境温度异常', '玻璃脏', '无火花', '火花小', '局部曝光过度', '全景曝光过度', '雨天红外成像效果差', '隧道红外成像效果差', '局部成像效果差', '全景成像效果差', '局部帧率不足', '全景帧率不足', '定位错误', 'IP改变无局部', 'IP改变无全景', '连接异常无局部', '连接异常无全景', '红外图像差', '延迟处理', '全景补光不足']
[2018-08-10 15:11:10.351257] [INFO] [BaseObject.py] [get_value] [36] 获取当前选择框中的值
[2018-08-10 15:11:10.360257] [INFO] [BaseObject.py] [get_value] [37] 当前选择框中的值为：火花小
[2018-08-10 15:11:10.366257] [INFO] [Selector_new2.py] [select_by_order_list] [467] 通过元素在HTML中的顺序orderlist[]设置选项
[2018-08-10 15:12:59.990528] [INFO] [BaseObject.py] [get_options] [46] 获取所有选项：
[2018-08-10 15:13:00.951583] [INFO] [BaseObject.py] [get_options] [53] ['局部补光不足', '延迟传回', '局部和全景补光不足', '局部横条纹', '局部竖条纹', '全景横条纹', '全景竖条纹', '局部和全景横条纹', '局部和全景竖条纹', '火花过爆', '惯导异常', '环境温度异常', '玻璃脏', '无火花', '火花小', '局部曝光过度', '全景曝光过度', '雨天红外成像效果差', '隧道红外成像效果差', '局部成像效果差', '全景成像效果差', '局部帧率不足', '全景帧率不足', '定位错误', 'IP改变无局部', 'IP改变无全景', '连接异常无局部', '连接异常无全景', '红外图像差', '延迟处理', '全景补光不足']
[2018-08-10 15:13:00.952583] [INFO] [BaseObject.py] [get_value] [36] 获取当前选择框中的值
[2018-08-10 15:13:00.963583] [INFO] [BaseObject.py] [get_value] [37] 当前选择框中的值为：火花小
[2018-08-10 15:13:00.969584] [INFO] [Selector_new2.py] [select_by_order_list] [467] 通过元素在HTML中的顺序orderlist[]设置选项
[2018-08-10 15:13:03.656737] [INFO] [Selector_new2.py] [select_by_order_list] [492] 所设置的选项为：
[2018-08-10 15:13:03.658737] [INFO] [Selector_new2.py] [select_by_order_list] [493] ['局部竖条纹', '局部和全景横条纹', '延迟传回', '局部和全景补光不足']
[2018-08-10 15:13:03.718741] [INFO] [Selector_new2.py] [select_by_text_list] [506] 通过选项文本设置选项
[2018-08-10 15:13:07.621964] [INFO] [Selector_new2.py] [select_by_text_list] [528] 所设置的选项为：
[2018-08-10 15:13:07.622964] [INFO] [Selector_new2.py] [select_by_text_list] [529] ['火花小', '局部曝光过度', '全景曝光过度', '雨天红外成像效果差', '隧道红外成像效果差', '局部成像效果差']
[2018-08-10 15:13:07.769972] [INFO] [BaseObject.py] [get_value] [36] 获取当前选择框中的值
[2018-08-10 15:13:07.817975] [INFO] [BaseObject.py] [get_value] [37] 当前选择框中的值为：延迟传回,局部和全景补光不足,局部竖条纹,局部和全景横条纹,火花小,局部曝光过度,全景曝光过度,雨天红外成像效果差,隧道红外成像效果差,局部成像效果差
[2018-08-10 15:35:17.383865] [INFO] [BaseObject.py] [get_options] [46] 获取所有选项：
[2018-08-10 15:35:18.334919] [INFO] [BaseObject.py] [get_options] [53] ['局部补光不足', '延迟传回', '局部和全景补光不足', '局部横条纹', '局部竖条纹', '全景横条纹', '全景竖条纹', '局部和全景横条纹', '局部和全景竖条纹', '火花过爆', '惯导异常', '环境温度异常', '玻璃脏', '无火花', '火花小', '局部曝光过度', '全景曝光过度', '雨天红外成像效果差', '隧道红外成像效果差', '局部成像效果差', '全景成像效果差', '局部帧率不足', '全景帧率不足', '定位错误', 'IP改变无局部', 'IP改变无全景', '连接异常无局部', '连接异常无全景', '红外图像差', '延迟处理', '全景补光不足']
[2018-08-10 15:35:18.335919] [INFO] [BaseObject.py] [get_value] [36] 获取当前选择框中的值
[2018-08-10 15:35:18.339920] [INFO] [BaseObject.py] [get_value] [37] 当前选择框中的值为：火花小
[2018-08-10 15:35:18.347920] [INFO] [Selector_new2.py] [select_by_order_list] [467] 通过元素在HTML中的顺序orderlist[]设置选项
[2018-08-10 15:35:21.038074] [INFO] [Selector_new2.py] [select_by_order_list] [491] 所设置的选项为：
[2018-08-10 15:35:21.039074] [INFO] [Selector_new2.py] [select_by_order_list] [492] ['局部竖条纹', '局部和全景横条纹', '延迟传回', '局部和全景补光不足']
[2018-08-10 15:35:21.105078] [INFO] [Selector_new2.py] [deselect_by_order_list] [538] 通过元素在HTML中的顺序orderlist[]设置选项（取消选择操作）
[2018-08-10 15:35:23.600220] [INFO] [Selector_new2.py] [deselect_by_order_list] [562] 所取消的选项为：
[2018-08-10 15:35:23.601220] [INFO] [Selector_new2.py] [deselect_by_order_list] [563] ['延迟传回', '局部和全景补光不足', '局部和全景横条纹', '局部竖条纹']
[2018-08-10 15:35:23.656224] [INFO] [Selector_new2.py] [select_by_text_list] [504] 通过选项文本设置选项
[2018-08-10 15:35:27.527445] [INFO] [Selector_new2.py] [select_by_text_list] [526] 所设置的选项为：
[2018-08-10 15:35:27.529445] [INFO] [Selector_new2.py] [select_by_text_list] [527] ['火花小', '局部曝光过度', '全景曝光过度', '雨天红外成像效果差', '隧道红外成像效果差', '局部成像效果差']
[2018-08-10 15:35:27.593449] [INFO] [BaseObject.py] [get_value] [36] 获取当前选择框中的值
[2018-08-10 15:35:27.601449] [INFO] [BaseObject.py] [get_value] [37] 当前选择框中的值为：火花小,局部曝光过度,全景曝光过度,雨天红外成像效果差,隧道红外成像效果差,局部成像效果差
[2018-08-10 15:36:58.995625] [INFO] [BaseObject.py] [get_options] [46] 获取所有选项：
[2018-08-10 15:36:59.916678] [INFO] [BaseObject.py] [get_options] [53] ['局部补光不足', '延迟传回', '局部和全景补光不足', '局部横条纹', '局部竖条纹', '全景横条纹', '全景竖条纹', '局部和全景横条纹', '局部和全景竖条纹', '火花过爆', '惯导异常', '环境温度异常', '玻璃脏', '无火花', '火花小', '局部曝光过度', '全景曝光过度', '雨天红外成像效果差', '隧道红外成像效果差', '局部成像效果差', '全景成像效果差', '局部帧率不足', '全景帧率不足', '定位错误', 'IP改变无局部', 'IP改变无全景', '连接异常无局部', '连接异常无全景', '红外图像差', '延迟处理', '全景补光不足']
[2018-08-10 15:36:59.917678] [INFO] [BaseObject.py] [get_value] [36] 获取当前选择框中的值
[2018-08-10 15:36:59.923678] [INFO] [BaseObject.py] [get_value] [37] 当前选择框中的值为：火花小
[2018-08-10 15:36:59.931678] [INFO] [Selector_new2.py] [select_by_order_list] [467] 通过元素在HTML中的顺序orderlist[]设置选项
[2018-08-10 15:37:02.586830] [INFO] [Selector_new2.py] [select_by_order_list] [491] 所设置的选项为：
[2018-08-10 15:37:02.586830] [INFO] [Selector_new2.py] [select_by_order_list] [492] ['局部竖条纹', '局部和全景横条纹', '延迟传回', '局部和全景补光不足']
[2018-08-10 15:37:02.653834] [INFO] [Selector_new2.py] [deselect_by_order_list] [538] 通过元素在HTML中的顺序orderlist[]设置选项（取消选择操作）
[2018-08-10 15:41:18.515469] [INFO] [BaseObject.py] [get_options] [46] 获取所有选项：
[2018-08-10 15:41:19.448522] [INFO] [BaseObject.py] [get_options] [53] ['局部补光不足', '延迟传回', '局部和全景补光不足', '局部横条纹', '局部竖条纹', '全景横条纹', '全景竖条纹', '局部和全景横条纹', '局部和全景竖条纹', '火花过爆', '惯导异常', '环境温度异常', '玻璃脏', '无火花', '火花小', '局部曝光过度', '全景曝光过度', '雨天红外成像效果差', '隧道红外成像效果差', '局部成像效果差', '全景成像效果差', '局部帧率不足', '全景帧率不足', '定位错误', 'IP改变无局部', 'IP改变无全景', '连接异常无局部', '连接异常无全景', '红外图像差', '延迟处理', '全景补光不足']
[2018-08-10 15:41:19.448522] [INFO] [BaseObject.py] [get_value] [36] 获取当前选择框中的值
[2018-08-10 15:41:19.455522] [INFO] [BaseObject.py] [get_value] [37] 当前选择框中的值为：火花小
[2018-08-10 15:41:19.461523] [INFO] [Selector_new2.py] [select_by_order_list] [467] 通过元素在HTML中的顺序orderlist[]设置选项
[2018-08-10 15:41:22.082673] [INFO] [Selector_new2.py] [select_by_order_list] [491] 所设置的选项为：
[2018-08-10 15:41:22.082673] [INFO] [Selector_new2.py] [select_by_order_list] [492] ['局部竖条纹', '局部和全景横条纹', '延迟传回', '局部和全景补光不足']
[2018-08-10 15:41:22.153677] [INFO] [Selector_new2.py] [deselect_by_order_list] [538] 通过元素在HTML中的顺序orderlist[]设置选项（取消已选选项）
[2018-08-10 15:41:24.634819] [INFO] [Selector_new2.py] [deselect_by_order_list] [562] 所取消的选项为：
[2018-08-10 15:41:24.634819] [INFO] [Selector_new2.py] [deselect_by_order_list] [563] ['延迟传回', '局部和全景补光不足', '局部和全景横条纹', '局部竖条纹']
[2018-08-10 15:41:24.702822] [INFO] [Selector_new2.py] [select_by_text_list] [504] 通过选项文本设置选项
[2018-08-10 15:41:28.507040] [INFO] [Selector_new2.py] [select_by_text_list] [526] 所设置的选项为：
[2018-08-10 15:41:28.507040] [INFO] [Selector_new2.py] [select_by_text_list] [527] ['火花小', '局部曝光过度', '全景曝光过度', '雨天红外成像效果差', '隧道红外成像效果差', '局部成像效果差']
[2018-08-10 15:41:28.590045] [INFO] [Selector_new2.py] [deselect_by_text_list] [573] 通过选项文本设置选项（取消已选选项）
[2018-08-10 15:41:32.400263] [INFO] [Selector_new2.py] [deselect_by_text_list] [595] 所取消的选项为：
[2018-08-10 15:41:32.401263] [INFO] [Selector_new2.py] [deselect_by_text_list] [596] ['火花小', '局部曝光过度', '全景曝光过度', '雨天红外成像效果差', '隧道红外成像效果差', '局部成像效果差']
[2018-08-10 15:41:32.482267] [INFO] [BaseObject.py] [get_value] [36] 获取当前选择框中的值
[2018-08-10 15:41:32.488268] [INFO] [BaseObject.py] [get_value] [37] 当前选择框中的值为：
[2018-08-10 15:42:40.469156] [INFO] [BaseObject.py] [get_options] [46] 获取所有选项：
[2018-08-10 15:42:41.441212] [INFO] [BaseObject.py] [get_options] [53] ['局部补光不足', '延迟传回', '局部和全景补光不足', '局部横条纹', '局部竖条纹', '全景横条纹', '全景竖条纹', '局部和全景横条纹', '局部和全景竖条纹', '火花过爆', '惯导异常', '环境温度异常', '玻璃脏', '无火花', '火花小', '局部曝光过度', '全景曝光过度', '雨天红外成像效果差', '隧道红外成像效果差', '局部成像效果差', '全景成像效果差', '局部帧率不足', '全景帧率不足', '定位错误', 'IP改变无局部', 'IP改变无全景', '连接异常无局部', '连接异常无全景', '红外图像差', '延迟处理', '全景补光不足']
[2018-08-10 15:42:41.441212] [INFO] [BaseObject.py] [get_value] [36] 获取当前选择框中的值
[2018-08-10 15:42:41.447212] [INFO] [BaseObject.py] [get_value] [37] 当前选择框中的值为：火花小
[2018-08-10 15:42:41.453212] [INFO] [Selector_new2.py] [select_by_order_list] [467] 通过元素在HTML中的顺序orderlist[]设置选项
[2018-08-10 15:42:44.076362] [INFO] [Selector_new2.py] [select_by_order_list] [491] 所设置的选项为：
[2018-08-10 15:42:44.077362] [INFO] [Selector_new2.py] [select_by_order_list] [492] ['局部竖条纹', '局部和全景横条纹', '延迟传回', '局部和全景补光不足']
[2018-08-10 15:42:44.144366] [INFO] [Selector_new2.py] [deselect_by_order_list] [538] 通过元素在HTML中的顺序orderlist[]设置选项（取消已选选项）
[2018-08-10 15:42:46.727514] [INFO] [Selector_new2.py] [deselect_by_order_list] [562] 所取消的选项为：
[2018-08-10 15:42:46.728514] [INFO] [Selector_new2.py] [deselect_by_order_list] [563] ['延迟传回', '局部和全景补光不足', '局部和全景横条纹', '局部竖条纹']
[2018-08-10 15:42:46.797518] [INFO] [Selector_new2.py] [select_by_text_list] [504] 通过选项文本设置选项
[2018-08-10 15:42:50.791746] [INFO] [Selector_new2.py] [select_by_text_list] [526] 所设置的选项为：
[2018-08-10 15:42:50.792746] [INFO] [Selector_new2.py] [select_by_text_list] [527] ['火花小', '局部曝光过度', '全景曝光过度', '雨天红外成像效果差', '隧道红外成像效果差', '局部成像效果差']
[2018-08-10 15:42:50.864751] [INFO] [Selector_new2.py] [deselect_by_text_list] [573] 通过选项文本设置选项（取消已选选项）
[2018-08-10 16:13:36.475313] [INFO] [BaseObject.py] [get_options] [46] 获取所有选项：
[2018-08-10 16:13:37.440369] [INFO] [BaseObject.py] [get_options] [53] ['局部补光不足', '延迟传回', '局部和全景补光不足', '局部横条纹', '局部竖条纹', '全景横条纹', '全景竖条纹', '局部和全景横条纹', '局部和全景竖条纹', '火花过爆', '惯导异常', '环境温度异常', '玻璃脏', '无火花', '火花小', '局部曝光过度', '全景曝光过度', '雨天红外成像效果差', '隧道红外成像效果差', '局部成像效果差', '全景成像效果差', '局部帧率不足', '全景帧率不足', '定位错误', 'IP改变无局部', 'IP改变无全景', '连接异常无局部', '连接异常无全景', '红外图像差', '延迟处理', '全景补光不足']
[2018-08-10 16:13:37.441369] [INFO] [BaseObject.py] [get_value] [36] 获取当前选择框中的值
[2018-08-10 16:13:37.451369] [INFO] [BaseObject.py] [get_value] [37] 当前选择框中的值为：火花小
[2018-08-10 16:13:37.457370] [INFO] [Selector_new2.py] [select_by_order_list] [492] 通过元素在HTML中的顺序orderlist[]设置选项
[2018-08-10 16:13:40.137523] [INFO] [Selector_new2.py] [select_by_order_list] [511] 所设置的选项为：
[2018-08-10 16:13:40.137523] [INFO] [Selector_new2.py] [select_by_order_list] [512] ['局部竖条纹', '局部和全景横条纹', '延迟传回', '局部和全景补光不足']
[2018-08-10 16:13:40.243529] [INFO] [Selector_new2.py] [deselect_by_order_list] [553] 通过元素在HTML中的顺序orderlist[]设置选项（取消已选选项）
[2018-08-10 16:15:53.458148] [INFO] [BaseObject.py] [get_options] [46] 获取所有选项：
[2018-08-10 16:15:54.432204] [INFO] [BaseObject.py] [get_options] [53] ['局部补光不足', '延迟传回', '局部和全景补光不足', '局部横条纹', '局部竖条纹', '全景横条纹', '全景竖条纹', '局部和全景横条纹', '局部和全景竖条纹', '火花过爆', '惯导异常', '环境温度异常', '玻璃脏', '无火花', '火花小', '局部曝光过度', '全景曝光过度', '雨天红外成像效果差', '隧道红外成像效果差', '局部成像效果差', '全景成像效果差', '局部帧率不足', '全景帧率不足', '定位错误', 'IP改变无局部', 'IP改变无全景', '连接异常无局部', '连接异常无全景', '红外图像差', '延迟处理', '全景补光不足']
[2018-08-10 16:15:54.433204] [INFO] [BaseObject.py] [get_value] [36] 获取当前选择框中的值
[2018-08-10 16:15:54.441205] [INFO] [BaseObject.py] [get_value] [37] 当前选择框中的值为：火花小
[2018-08-10 16:15:54.446205] [INFO] [Selector_new2.py] [select_by_order_list] [492] 通过元素在HTML中的顺序orderlist[]设置选项
[2018-08-10 16:15:57.259366] [INFO] [Selector_new2.py] [select_by_order_list] [511] 所设置的选项为：
[2018-08-10 16:15:57.259366] [INFO] [Selector_new2.py] [select_by_order_list] [512] ['局部竖条纹', '局部和全景横条纹', '延迟传回', '局部和全景补光不足']
[2018-08-10 16:15:57.312369] [INFO] [Selector_new2.py] [deselect_by_order_list] [553] 通过元素在HTML中的顺序orderlist[]设置选项（取消已选选项）
[2018-08-10 16:15:59.973521] [INFO] [Selector_new2.py] [deselect_by_order_list] [572] 所取消的选项为：
[2018-08-10 16:15:59.976521] [INFO] [Selector_new2.py] [deselect_by_order_list] [573] ['延迟传回', '局部和全景补光不足', '局部和全景横条纹', '局部竖条纹']
[2018-08-10 16:16:00.066526] [INFO] [Selector_new2.py] [select_by_text_list] [524] 通过选项文本设置选项
[2018-08-10 16:16:04.070755] [INFO] [Selector_new2.py] [select_by_text_list] [541] 所设置的选项为：
[2018-08-10 16:16:04.070755] [INFO] [Selector_new2.py] [select_by_text_list] [542] ['火花小', '局部曝光过度', '全景曝光过度', '雨天红外成像效果差', '隧道红外成像效果差', '局部成像效果差']
[2018-08-10 16:16:04.139759] [INFO] [Selector_new2.py] [deselect_by_text_list] [583] 通过选项文本设置选项（取消已选选项）
[2018-08-10 16:16:08.231993] [INFO] [Selector_new2.py] [deselect_by_text_list] [599] 所取消的选项为：
[2018-08-10 16:16:08.232994] [INFO] [Selector_new2.py] [deselect_by_text_list] [600] ['火花小', '局部曝光过度', '全景曝光过度', '雨天红外成像效果差', '隧道红外成像效果差', '局部成像效果差']
[2018-08-10 16:16:08.325999] [INFO] [BaseObject.py] [get_value] [36] 获取当前选择框中的值
[2018-08-10 16:16:08.336999] [INFO] [BaseObject.py] [get_value] [37] 当前选择框中的值为：
[2018-08-10 16:46:47.203815] [INFO] [BaseObject.py] [get_options] [46] 获取所有选项：
[2018-08-10 16:46:48.313879] [INFO] [BaseObject.py] [get_options] [53] ['局部补光不足', '延迟传回', '局部和全景补光不足', '局部横条纹', '局部竖条纹', '全景横条纹', '全景竖条纹', '局部和全景横条纹', '局部和全景竖条纹', '火花过爆', '惯导异常', '环境温度异常', '玻璃脏', '无火花', '火花小', '局部曝光过度', '全景曝光过度', '雨天红外成像效果差', '隧道红外成像效果差', '局部成像效果差', '全景成像效果差', '局部帧率不足', '全景帧率不足', '定位错误', 'IP改变无局部', 'IP改变无全景', '连接异常无局部', '连接异常无全景', '红外图像差', '延迟处理', '全景补光不足']
[2018-08-10 16:46:48.314879] [INFO] [BaseObject.py] [get_value] [36] 获取当前选择框中的值
[2018-08-10 16:46:48.324879] [INFO] [BaseObject.py] [get_value] [37] 当前选择框中的值为：火花小
[2018-08-10 16:46:48.330880] [INFO] [Selector_new2.py] [select_by_order_list] [491] 通过元素在HTML中的顺序orderlist[]设置选项
[2018-08-10 16:46:51.097038] [INFO] [Selector_new2.py] [select_by_order_list] [510] 所设置的选项为：
[2018-08-10 16:46:51.098038] [INFO] [Selector_new2.py] [select_by_order_list] [511] ['局部竖条纹', '局部和全景横条纹', '延迟传回', '局部和全景补光不足']
[2018-08-10 16:46:51.167042] [INFO] [Selector_new2.py] [deselect_by_order_list] [552] 通过元素在HTML中的顺序orderlist[]设置选项（取消已选选项）
[2018-08-10 16:48:22.155246] [INFO] [BaseObject.py] [get_options] [46] 获取所有选项：
[2018-08-10 16:48:23.853343] [INFO] [BaseObject.py] [get_options] [53] ['局部补光不足', '延迟传回', '局部和全景补光不足', '局部横条纹', '局部竖条纹', '全景横条纹', '全景竖条纹', '局部和全景横条纹', '局部和全景竖条纹', '火花过爆', '惯导异常', '环境温度异常', '玻璃脏', '无火花', '火花小', '局部曝光过度', '全景曝光过度', '雨天红外成像效果差', '隧道红外成像效果差', '局部成像效果差', '全景成像效果差', '局部帧率不足', '全景帧率不足', '定位错误', 'IP改变无局部', 'IP改变无全景', '连接异常无局部', '连接异常无全景', '红外图像差', '延迟处理', '全景补光不足']
[2018-08-10 16:48:23.854343] [INFO] [BaseObject.py] [get_value] [36] 获取当前选择框中的值
[2018-08-10 16:48:23.920347] [INFO] [BaseObject.py] [get_value] [37] 当前选择框中的值为：火花小
[2018-08-10 16:48:23.970350] [INFO] [Selector_new2.py] [select_by_order_list] [491] 通过元素在HTML中的顺序orderlist[]设置选项
[2018-08-10 16:48:51.585929] [INFO] [Selector_new2.py] [select_by_order_list] [510] 所设置的选项为：
[2018-08-10 16:48:51.586929] [INFO] [Selector_new2.py] [select_by_order_list] [511] ['局部竖条纹', '局部和全景横条纹', '延迟传回', '局部和全景补光不足']
[2018-08-10 16:48:56.677221] [INFO] [Selector_new2.py] [select_by_text_list] [523] 通过选项文本设置选项
[2018-08-10 16:50:46.521503] [INFO] [BaseObject.py] [get_options] [46] 获取所有选项：
[2018-08-10 16:50:47.787576] [INFO] [BaseObject.py] [get_options] [53] ['局部补光不足', '延迟传回', '局部和全景补光不足', '局部横条纹', '局部竖条纹', '全景横条纹', '全景竖条纹', '局部和全景横条纹', '局部和全景竖条纹', '火花过爆', '惯导异常', '环境温度异常', '玻璃脏', '无火花', '火花小', '局部曝光过度', '全景曝光过度', '雨天红外成像效果差', '隧道红外成像效果差', '局部成像效果差', '全景成像效果差', '局部帧率不足', '全景帧率不足', '定位错误', 'IP改变无局部', 'IP改变无全景', '连接异常无局部', '连接异常无全景', '红外图像差', '延迟处理', '全景补光不足']
[2018-08-10 16:50:47.788576] [INFO] [BaseObject.py] [get_value] [36] 获取当前选择框中的值
[2018-08-10 16:50:47.805577] [INFO] [BaseObject.py] [get_value] [37] 当前选择框中的值为：火花小
[2018-08-10 16:50:47.823578] [INFO] [Selector_new2.py] [select_by_text_list] [523] 通过选项文本设置选项
[2018-08-10 16:50:52.392839] [INFO] [Selector_new2.py] [select_by_text_list] [540] 所设置的选项为：
[2018-08-10 16:50:52.393839] [INFO] [Selector_new2.py] [select_by_text_list] [541] ['火花小', '局部曝光过度', '全景曝光过度', '雨天红外成像效果差', '隧道红外成像效果差', '局部成像效果差']
[2018-08-10 16:50:52.481844] [INFO] [BaseObject.py] [get_value] [36] 获取当前选择框中的值
[2018-08-10 16:50:52.488845] [INFO] [BaseObject.py] [get_value] [37] 当前选择框中的值为：火花小,局部曝光过度,全景曝光过度,雨天红外成像效果差,隧道红外成像效果差,局部成像效果差
[2018-08-10 16:50:53.594908] [INFO] [Selector_new2.py] [get_allselected] [610] 获取下拉列表中，已经选中的选项：
[2018-08-10 16:52:08.655201] [INFO] [BaseObject.py] [get_options] [46] 获取所有选项：
[2018-08-10 16:52:09.883271] [INFO] [BaseObject.py] [get_options] [53] ['局部补光不足', '延迟传回', '局部和全景补光不足', '局部横条纹', '局部竖条纹', '全景横条纹', '全景竖条纹', '局部和全景横条纹', '局部和全景竖条纹', '火花过爆', '惯导异常', '环境温度异常', '玻璃脏', '无火花', '火花小', '局部曝光过度', '全景曝光过度', '雨天红外成像效果差', '隧道红外成像效果差', '局部成像效果差', '全景成像效果差', '局部帧率不足', '全景帧率不足', '定位错误', 'IP改变无局部', 'IP改变无全景', '连接异常无局部', '连接异常无全景', '红外图像差', '延迟处理', '全景补光不足']
[2018-08-10 16:52:09.884271] [INFO] [BaseObject.py] [get_value] [36] 获取当前选择框中的值
[2018-08-10 16:52:09.894272] [INFO] [BaseObject.py] [get_value] [37] 当前选择框中的值为：火花小
[2018-08-10 16:52:09.900272] [INFO] [Selector_new2.py] [select_by_text_list] [523] 通过选项文本设置选项
[2018-08-10 16:52:14.419531] [INFO] [Selector_new2.py] [select_by_text_list] [540] 所设置的选项为：
[2018-08-10 16:52:14.419531] [INFO] [Selector_new2.py] [select_by_text_list] [541] ['火花小', '局部曝光过度', '全景曝光过度', '雨天红外成像效果差', '隧道红外成像效果差', '局部成像效果差']
[2018-08-10 16:52:14.503536] [INFO] [BaseObject.py] [get_value] [36] 获取当前选择框中的值
[2018-08-10 16:52:14.513536] [INFO] [BaseObject.py] [get_value] [37] 当前选择框中的值为：火花小,局部曝光过度,全景曝光过度,雨天红外成像效果差,隧道红外成像效果差,局部成像效果差
[2018-08-10 16:52:15.620599] [INFO] [Selector_new2.py] [get_allselected] [610] 获取下拉列表中，已经选中的选项：
[2018-08-10 16:53:37.262269] [INFO] [BaseObject.py] [get_options] [46] 获取所有选项：
[2018-08-10 16:53:38.509340] [INFO] [BaseObject.py] [get_options] [53] ['局部补光不足', '延迟传回', '局部和全景补光不足', '局部横条纹', '局部竖条纹', '全景横条纹', '全景竖条纹', '局部和全景横条纹', '局部和全景竖条纹', '火花过爆', '惯导异常', '环境温度异常', '玻璃脏', '无火花', '火花小', '局部曝光过度', '全景曝光过度', '雨天红外成像效果差', '隧道红外成像效果差', '局部成像效果差', '全景成像效果差', '局部帧率不足', '全景帧率不足', '定位错误', 'IP改变无局部', 'IP改变无全景', '连接异常无局部', '连接异常无全景', '红外图像差', '延迟处理', '全景补光不足']
[2018-08-10 16:53:38.510341] [INFO] [BaseObject.py] [get_value] [36] 获取当前选择框中的值
[2018-08-10 16:53:38.522341] [INFO] [BaseObject.py] [get_value] [37] 当前选择框中的值为：火花小
[2018-08-10 16:53:38.528342] [INFO] [Selector_new2.py] [select_by_text_list] [523] 通过选项文本设置选项
[2018-08-10 16:53:43.147606] [INFO] [Selector_new2.py] [select_by_text_list] [540] 所设置的选项为：
[2018-08-10 16:53:43.149606] [INFO] [Selector_new2.py] [select_by_text_list] [541] ['火花小', '局部曝光过度', '全景曝光过度', '雨天红外成像效果差', '隧道红外成像效果差', '局部成像效果差']
[2018-08-10 16:53:43.342617] [INFO] [BaseObject.py] [get_value] [36] 获取当前选择框中的值
[2018-08-10 16:53:43.364618] [INFO] [BaseObject.py] [get_value] [37] 当前选择框中的值为：火花小,局部曝光过度,全景曝光过度,雨天红外成像效果差,隧道红外成像效果差,局部成像效果差
[2018-08-10 16:53:44.554686] [INFO] [Selector_new2.py] [get_allselected] [610] 获取下拉列表中，已经选中的选项：
[2018-08-10 16:55:41.025348] [INFO] [BaseObject.py] [get_options] [46] 获取所有选项：
[2018-08-10 16:55:42.214416] [INFO] [BaseObject.py] [get_options] [53] ['局部补光不足', '延迟传回', '局部和全景补光不足', '局部横条纹', '局部竖条纹', '全景横条纹', '全景竖条纹', '局部和全景横条纹', '局部和全景竖条纹', '火花过爆', '惯导异常', '环境温度异常', '玻璃脏', '无火花', '火花小', '局部曝光过度', '全景曝光过度', '雨天红外成像效果差', '隧道红外成像效果差', '局部成像效果差', '全景成像效果差', '局部帧率不足', '全景帧率不足', '定位错误', 'IP改变无局部', 'IP改变无全景', '连接异常无局部', '连接异常无全景', '红外图像差', '延迟处理', '全景补光不足']
[2018-08-10 16:55:42.215416] [INFO] [BaseObject.py] [get_value] [36] 获取当前选择框中的值
[2018-08-10 16:55:42.226417] [INFO] [BaseObject.py] [get_value] [37] 当前选择框中的值为：火花小
[2018-08-10 16:55:42.232417] [INFO] [Selector_new2.py] [select_by_text_list] [523] 通过选项文本设置选项
[2018-08-10 16:55:46.711673] [INFO] [Selector_new2.py] [select_by_text_list] [540] 所设置的选项为：
[2018-08-10 16:55:46.712673] [INFO] [Selector_new2.py] [select_by_text_list] [541] ['火花小', '局部曝光过度', '全景曝光过度', '雨天红外成像效果差', '隧道红外成像效果差', '局部成像效果差']
[2018-08-10 16:55:46.802678] [INFO] [BaseObject.py] [get_value] [36] 获取当前选择框中的值
[2018-08-10 16:55:46.814679] [INFO] [BaseObject.py] [get_value] [37] 当前选择框中的值为：火花小,局部曝光过度,全景曝光过度,雨天红外成像效果差,隧道红外成像效果差,局部成像效果差
[2018-08-10 16:55:48.075751] [INFO] [Selector_new2.py] [get_allselected] [610] 获取下拉列表中，已经选中的选项：
[2018-08-10 16:55:49.049807] [INFO] [Selector_new2.py] [get_allselected] [617] ['火花小', '局部曝光过度', '全景曝光过度', '雨天红外成像效果差', '隧道红外成像效果差', '局部成像效果差']
[2018-08-10 16:56:46.432089] [INFO] [BaseObject.py] [get_options] [46] 获取所有选项：
[2018-08-10 16:56:47.982178] [INFO] [BaseObject.py] [get_options] [53] ['局部补光不足', '延迟传回', '局部和全景补光不足', '局部横条纹', '局部竖条纹', '全景横条纹', '全景竖条纹', '局部和全景横条纹', '局部和全景竖条纹', '火花过爆', '惯导异常', '环境温度异常', '玻璃脏', '无火花', '火花小', '局部曝光过度', '全景曝光过度', '雨天红外成像效果差', '隧道红外成像效果差', '局部成像效果差', '全景成像效果差', '局部帧率不足', '全景帧率不足', '定位错误', 'IP改变无局部', 'IP改变无全景', '连接异常无局部', '连接异常无全景', '红外图像差', '延迟处理', '全景补光不足']
[2018-08-10 16:56:47.983178] [INFO] [BaseObject.py] [get_value] [36] 获取当前选择框中的值
[2018-08-10 16:56:48.036181] [INFO] [BaseObject.py] [get_value] [37] 当前选择框中的值为：火花小
[2018-08-10 16:56:48.081183] [INFO] [Selector_new2.py] [select_by_text_list] [523] 通过选项文本设置选项
[2018-08-10 16:56:52.641444] [INFO] [Selector_new2.py] [select_by_text_list] [540] 所设置的选项为：
[2018-08-10 16:56:52.642444] [INFO] [Selector_new2.py] [select_by_text_list] [541] ['火花小', '局部曝光过度', '全景曝光过度', '雨天红外成像效果差', '隧道红外成像效果差', '局部成像效果差']
[2018-08-10 16:56:52.727449] [INFO] [BaseObject.py] [get_value] [36] 获取当前选择框中的值
[2018-08-10 16:56:52.735450] [INFO] [BaseObject.py] [get_value] [37] 当前选择框中的值为：火花小,局部曝光过度,全景曝光过度,雨天红外成像效果差,隧道红外成像效果差,局部成像效果差
[2018-08-10 16:56:53.740507] [INFO] [Selector_new2.py] [get_allselected] [610] 获取下拉列表中，已经选中的选项：
[2018-08-10 16:56:54.671560] [INFO] [Selector_new2.py] [get_allselected] [617] ['', '', '', '', '', '']
[2018-08-10 17:03:59.037824] [INFO] [BaseObject.py] [get_options] [46] 获取所有选项：
[2018-08-10 17:04:00.002879] [INFO] [BaseObject.py] [get_options] [53] ['局部补光不足', '延迟传回', '局部和全景补光不足', '局部横条纹', '局部竖条纹', '全景横条纹', '全景竖条纹', '局部和全景横条纹', '局部和全景竖条纹', '火花过爆', '惯导异常', '环境温度异常', '玻璃脏', '无火花', '火花小', '局部曝光过度', '全景曝光过度', '雨天红外成像效果差', '隧道红外成像效果差', '局部成像效果差', '全景成像效果差', '局部帧率不足', '全景帧率不足', '定位错误', 'IP改变无局部', 'IP改变无全景', '连接异常无局部', '连接异常无全景', '红外图像差', '延迟处理', '全景补光不足']
[2018-08-10 17:04:00.003879] [INFO] [BaseObject.py] [get_value] [36] 获取当前选择框中的值
[2018-08-10 17:04:00.007879] [INFO] [BaseObject.py] [get_value] [37] 当前选择框中的值为：火花小
[2018-08-10 17:04:00.016880] [INFO] [Selector_new2.py] [select_by_text_list] [523] 通过选项文本设置选项
[2018-08-10 17:04:03.992107] [INFO] [Selector_new2.py] [select_by_text_list] [540] 所设置的选项为：
[2018-08-10 17:04:03.993107] [INFO] [Selector_new2.py] [select_by_text_list] [541] ['火花小', '局部曝光过度', '全景曝光过度', '雨天红外成像效果差', '隧道红外成像效果差', '局部成像效果差']
[2018-08-10 17:04:04.073112] [INFO] [BaseObject.py] [get_value] [36] 获取当前选择框中的值
[2018-08-10 17:04:04.081112] [INFO] [BaseObject.py] [get_value] [37] 当前选择框中的值为：火花小,局部曝光过度,全景曝光过度,雨天红外成像效果差,隧道红外成像效果差,局部成像效果差
[2018-08-10 17:04:05.158174] [INFO] [Selector_new2.py] [get_allselected] [610] 获取下拉列表中，已经选中的选项：
[2018-08-10 17:04:05.898216] [INFO] [Selector_new2.py] [get_allselected] [617] ['', '', '', '', '', '']
[2018-08-10 17:05:31.416108] [INFO] [BaseObject.py] [get_options] [46] 获取所有选项：
[2018-08-10 17:05:32.362162] [INFO] [BaseObject.py] [get_options] [53] ['局部补光不足', '延迟传回', '局部和全景补光不足', '局部横条纹', '局部竖条纹', '全景横条纹', '全景竖条纹', '局部和全景横条纹', '局部和全景竖条纹', '火花过爆', '惯导异常', '环境温度异常', '玻璃脏', '无火花', '火花小', '局部曝光过度', '全景曝光过度', '雨天红外成像效果差', '隧道红外成像效果差', '局部成像效果差', '全景成像效果差', '局部帧率不足', '全景帧率不足', '定位错误', 'IP改变无局部', 'IP改变无全景', '连接异常无局部', '连接异常无全景', '红外图像差', '延迟处理', '全景补光不足']
[2018-08-10 17:05:32.363162] [INFO] [BaseObject.py] [get_value] [36] 获取当前选择框中的值
[2018-08-10 17:05:32.369162] [INFO] [BaseObject.py] [get_value] [37] 当前选择框中的值为：火花小
[2018-08-10 17:05:32.377163] [INFO] [Selector_new2.py] [select_by_text_list] [523] 通过选项文本设置选项
[2018-08-10 17:05:36.302387] [INFO] [Selector_new2.py] [select_by_text_list] [540] 所设置的选项为：
[2018-08-10 17:05:36.302387] [INFO] [Selector_new2.py] [select_by_text_list] [541] ['火花小', '局部曝光过度', '全景曝光过度', '雨天红外成像效果差', '隧道红外成像效果差', '局部成像效果差']
[2018-08-10 17:05:36.370391] [INFO] [BaseObject.py] [get_value] [36] 获取当前选择框中的值
[2018-08-10 17:05:36.381392] [INFO] [BaseObject.py] [get_value] [37] 当前选择框中的值为：火花小,局部曝光过度,全景曝光过度,雨天红外成像效果差,隧道红外成像效果差,局部成像效果差
[2018-08-10 17:05:36.386392] [INFO] [Selector_new2.py] [deselect_all] [626] 取消所有已经选择的选项
[2018-08-10 17:05:38.482512] [INFO] [Selector_new2.py] [get_allselected] [611] 获取下拉列表中，已经选中的选项：
[2018-08-10 17:05:39.298559] [INFO] [Selector_new2.py] [get_allselected] [618] ['火花小', '局部曝光过度', '全景曝光过度', '雨天红外成像效果差', '隧道红外成像效果差', '局部成像效果差']
[2018-08-10 17:05:39.299559] [INFO] [Selector_new2.py] [select_by_text_list] [523] 通过选项文本设置选项
[2018-08-10 17:06:46.491402] [INFO] [BaseObject.py] [get_options] [46] 获取所有选项：
[2018-08-10 17:06:47.404454] [INFO] [BaseObject.py] [get_options] [53] ['局部补光不足', '延迟传回', '局部和全景补光不足', '局部横条纹', '局部竖条纹', '全景横条纹', '全景竖条纹', '局部和全景横条纹', '局部和全景竖条纹', '火花过爆', '惯导异常', '环境温度异常', '玻璃脏', '无火花', '火花小', '局部曝光过度', '全景曝光过度', '雨天红外成像效果差', '隧道红外成像效果差', '局部成像效果差', '全景成像效果差', '局部帧率不足', '全景帧率不足', '定位错误', 'IP改变无局部', 'IP改变无全景', '连接异常无局部', '连接异常无全景', '红外图像差', '延迟处理', '全景补光不足']
[2018-08-10 17:06:47.405454] [INFO] [BaseObject.py] [get_value] [36] 获取当前选择框中的值
[2018-08-10 17:06:47.411454] [INFO] [BaseObject.py] [get_value] [37] 当前选择框中的值为：火花小
[2018-08-10 17:06:47.422455] [INFO] [Selector_new2.py] [select_by_text_list] [523] 通过选项文本设置选项
[2018-08-10 17:06:51.357680] [INFO] [Selector_new2.py] [select_by_text_list] [540] 所设置的选项为：
[2018-08-10 17:06:51.357680] [INFO] [Selector_new2.py] [select_by_text_list] [541] ['火花小', '局部曝光过度', '全景曝光过度', '雨天红外成像效果差', '隧道红外成像效果差', '局部成像效果差']
[2018-08-10 17:06:51.428684] [INFO] [BaseObject.py] [get_value] [36] 获取当前选择框中的值
[2018-08-10 17:06:51.437685] [INFO] [BaseObject.py] [get_value] [37] 当前选择框中的值为：火花小,局部曝光过度,全景曝光过度,雨天红外成像效果差,隧道红外成像效果差,局部成像效果差
[2018-08-10 17:06:51.441685] [INFO] [Selector_new2.py] [deselect_all] [626] 取消所有已经选择的选项
[2018-08-10 17:06:53.521804] [INFO] [Selector_new2.py] [get_allselected] [611] 获取下拉列表中，已经选中的选项：
[2018-08-10 17:06:54.324850] [INFO] [Selector_new2.py] [get_allselected] [618] ['火花小', '局部曝光过度', '全景曝光过度', '雨天红外成像效果差', '隧道红外成像效果差', '局部成像效果差']
[2018-08-10 17:06:54.324850] [INFO] [Selector_new2.py] [deselect_by_text_list] [582] 通过选项文本设置选项（取消已选选项）
[2018-08-10 17:06:58.127067] [INFO] [Selector_new2.py] [deselect_by_text_list] [598] 所取消的选项为：
[2018-08-10 17:06:58.127067] [INFO] [Selector_new2.py] [deselect_by_text_list] [599] ['火花小', '局部曝光过度', '全景曝光过度', '雨天红外成像效果差', '隧道红外成像效果差', '局部成像效果差']
[2018-08-10 17:35:39.277511] [INFO] [BaseObject.py] [get_options] [46] 获取所有选项：
[2018-08-10 17:35:40.231566] [INFO] [BaseObject.py] [get_options] [53] ['局部补光不足', '延迟传回', '局部和全景补光不足', '局部横条纹', '局部竖条纹', '全景横条纹', '全景竖条纹', '局部和全景横条纹', '局部和全景竖条纹', '火花过爆', '惯导异常', '环境温度异常', '玻璃脏', '无火花', '火花小', '局部曝光过度', '全景曝光过度', '雨天红外成像效果差', '隧道红外成像效果差', '局部成像效果差', '全景成像效果差', '局部帧率不足', '全景帧率不足', '定位错误', 'IP改变无局部', 'IP改变无全景', '连接异常无局部', '连接异常无全景', '红外图像差', '延迟处理', '全景补光不足']
[2018-08-10 17:35:40.232566] [INFO] [BaseObject.py] [get_value] [36] 获取当前选择框中的值
[2018-08-10 17:35:40.242567] [INFO] [BaseObject.py] [get_value] [37] 当前选择框中的值为：火花小
[2018-08-10 17:35:40.247567] [INFO] [Selector_new2.py] [select_by_text_list] [523] 通过选项文本设置选项
[2018-08-10 17:35:44.168791] [INFO] [Selector_new2.py] [select_by_text_list] [540] 所设置的选项为：
[2018-08-10 17:35:44.169791] [INFO] [Selector_new2.py] [select_by_text_list] [541] ['火花小', '局部曝光过度', '全景曝光过度', '雨天红外成像效果差', '隧道红外成像效果差', '局部成像效果差']
[2018-08-10 17:35:44.236795] [INFO] [BaseObject.py] [get_value] [36] 获取当前选择框中的值
[2018-08-10 17:35:44.248796] [INFO] [BaseObject.py] [get_value] [37] 当前选择框中的值为：火花小,局部曝光过度,全景曝光过度,雨天红外成像效果差,隧道红外成像效果差,局部成像效果差
[2018-08-10 17:38:58.486906] [INFO] [BaseObject.py] [get_options] [46] 获取所有选项：
[2018-08-10 17:38:59.390957] [INFO] [BaseObject.py] [get_options] [53] ['局部补光不足', '延迟传回', '局部和全景补光不足', '局部横条纹', '局部竖条纹', '全景横条纹', '全景竖条纹', '局部和全景横条纹', '局部和全景竖条纹', '火花过爆', '惯导异常', '环境温度异常', '玻璃脏', '无火花', '火花小', '局部曝光过度', '全景曝光过度', '雨天红外成像效果差', '隧道红外成像效果差', '局部成像效果差', '全景成像效果差', '局部帧率不足', '全景帧率不足', '定位错误', 'IP改变无局部', 'IP改变无全景', '连接异常无局部', '连接异常无全景', '红外图像差', '延迟处理', '全景补光不足']
[2018-08-10 17:38:59.391957] [INFO] [BaseObject.py] [get_value] [36] 获取当前选择框中的值
[2018-08-10 17:38:59.396958] [INFO] [BaseObject.py] [get_value] [37] 当前选择框中的值为：火花小
[2018-08-10 17:38:59.403958] [INFO] [Selector_new2.py] [select_by_text_list] [523] 通过选项文本设置选项
[2018-08-10 17:39:03.381186] [INFO] [Selector_new2.py] [select_by_text_list] [540] 所设置的选项为：
[2018-08-10 17:39:03.381186] [INFO] [Selector_new2.py] [select_by_text_list] [541] ['火花小', '局部曝光过度', '全景曝光过度', '雨天红外成像效果差', '隧道红外成像效果差', '局部成像效果差']
[2018-08-10 17:39:03.449189] [INFO] [BaseObject.py] [get_value] [36] 获取当前选择框中的值
[2018-08-10 17:39:03.458190] [INFO] [BaseObject.py] [get_value] [37] 当前选择框中的值为：火花小,局部曝光过度,全景曝光过度,雨天红外成像效果差,隧道红外成像效果差,局部成像效果差
[2018-08-10 17:40:11.659091] [INFO] [BaseObject.py] [get_options] [46] 获取所有选项：
[2018-08-10 17:40:12.603145] [INFO] [BaseObject.py] [get_options] [53] ['局部补光不足', '延迟传回', '局部和全景补光不足', '局部横条纹', '局部竖条纹', '全景横条纹', '全景竖条纹', '局部和全景横条纹', '局部和全景竖条纹', '火花过爆', '惯导异常', '环境温度异常', '玻璃脏', '无火花', '火花小', '局部曝光过度', '全景曝光过度', '雨天红外成像效果差', '隧道红外成像效果差', '局部成像效果差', '全景成像效果差', '局部帧率不足', '全景帧率不足', '定位错误', 'IP改变无局部', 'IP改变无全景', '连接异常无局部', '连接异常无全景', '红外图像差', '延迟处理', '全景补光不足']
[2018-08-10 17:40:12.603145] [INFO] [BaseObject.py] [get_value] [36] 获取当前选择框中的值
[2018-08-10 17:40:12.614145] [INFO] [BaseObject.py] [get_value] [37] 当前选择框中的值为：火花小
[2018-08-10 17:40:12.618146] [INFO] [Selector_new2.py] [select_by_text_list] [523] 通过选项文本设置选项
[2018-08-10 17:40:16.585373] [INFO] [Selector_new2.py] [select_by_text_list] [540] 所设置的选项为：
[2018-08-10 17:40:16.586373] [INFO] [Selector_new2.py] [select_by_text_list] [541] ['火花小', '局部曝光过度', '全景曝光过度', '雨天红外成像效果差', '隧道红外成像效果差', '局部成像效果差']
[2018-08-10 17:40:16.672378] [INFO] [BaseObject.py] [get_value] [36] 获取当前选择框中的值
[2018-08-10 17:40:16.682378] [INFO] [BaseObject.py] [get_value] [37] 当前选择框中的值为：火花小,局部曝光过度,全景曝光过度,雨天红外成像效果差,隧道红外成像效果差,局部成像效果差
[2018-08-10 17:40:16.686378] [INFO] [Selector_new2.py] [clear_button_text] [635] 清除文本框中的所有信息
